[    0.000000] Initializing cgroup subsys cpuset
[    0.000000] Initializing cgroup subsys cpu
[    0.000000] Initializing cgroup subsys cpuacct
[    0.000000] Linux version 4.4.0-157-generic (buildd@lgw01-amd64-037) (gcc version 5.4.0 20160609 (Ubuntu 5.4.0-6ubuntu1~16.04.10) ) #185-Ubuntu SMP Tue Jul23 09:17:01 UTC 2019 (Ubuntu 4.4.0--157.185-generic 4.4.181)
[    0.000000] Command line: BOOT_IMAGE=/boot/vmlinuz-4.4.0-157-generic root=LABEL=cloudimg-rootfs ro console=tty1 console=ttyS0
[    0.000000] KERNEL supported cpus:
[    0.000000]   Intel GenuineIntel
[    0.000000]   AMD AuthenticAMD
[    0.000000]   Centaur CentaurHauls
[    0.000000] x86/fpu: Legacy x87 FPU detected.
[    0.000000] e820: BIOS-provided physical RAM map:
[    0.000000] BIOS-e820: [mem 0x0000000000000000-0x000000000009fbff] usable
[    0.000000] BIOS-e820: [mem 0x000000000009fc00-0x000000000009ffff] reserved
[    0.000000] BIOS-e820: [mem 0x00000000000f0000-0x00000000000fffff] reserved
[    0.000000] BIOS-e820: [mem 0x0000000000100000-0x000000003ffefff] usable
[    0.000000] BIOS-e820: [mem 0x0000003fff0000-0x000000003fffffff] ACPI data
[    0.000000] BIOS-e820: [mem 0x00000000fec00000-0x00000000fec00fff] reserved
[    0.000000] BIOS-e820: [mem 0x00000000fee00000-0x00000000fee00fff] reserved
[    0.000000] BIOS-e820: [mem 0x00000000fffc0000-0x00000000ffffffff] reserved
[    0.000000] NX (Execute Disable) protection: active
[    0.000000] SMBIOS 2.5 present.
[    0.000000] Hypervisor detected: KVM
[    0.000000] e820: last_pfn = 0x3fff0 max_arch_pfn = 0x400000000
[  0.00000] MTRR: Disabled
[    0.000000] x86/PAT: MTRRs disabled, skipping PAT initialization too.
[    0.000000] CPU MTRRs all blank - virtualized system.
[    0.000000] x86/PAT: Configuration [0-7]: WB  WT  UC- UC  WB  WT  UC- UC  
[    0.000000] found SMP MP-table at [mem 0x0009fff0-0x0009ffff] mapped at [ffff88000009fff0]
[    0.000000] Scanning 1 areas for low memory corruption
[    0.000000] RAMDISK: [mem 0x362fa000-0x37174fff]
[    0.000000] ACPI: Early table checksum verification disabled
[    0.000000] ACPI: RSDP 0x00000000000E0000 000024 (v02 VBOX  )
[    0.000000] ACPI: XSDT 0x000000003FFF0030 00003C (v01 VBOX   VBOXXSDT 00000001 ASL  00000061)
[    0.000000] ACPI: FACP 0x000000003FFF00F0 0000F4 (v04 VBOX   VBOXFACP 00000001 ASL  00000061)
[   0.000000] ACPI: DSDT 0x000000003FFF0470 0021FF (v02 VBOX   VBOXBIOS 00000002 INTL 20180105)
[    0.00000] ACPI: FACS x000000003FFF0200 000040
[    0.000000] ACPI: FACS 0x000000003FFF0200 000040
[    0.000000] ACPI: APIC 0x000000003FFF0240 00005C (v02 VBOX   VBOXAPIC 00000001 ASL  00000061)
[    0.000000] ACPI: SSDT 0x000000003FFF02A0 0001CC (v01 VBOX   VBOXCPUT 00000002 INTL 20180105)
[    0.000000] No NUMA configuration found
[    0.000000] Faking a node at [mem 0x0000000000000000-0x000000003ffeffff]
[    0.000000] NODE_DATA(0) allocated [mem 0x3ffeb000-0x3ffeffff]
[    0.000000] kvm-clock: Using msrs 4b564d01and 4b564d00
[    0.000000] kvm-clock: cpu 0, msr 0:3ffe3001, primary cpu clock
[    0.000000] kvm-clock: using sched offset of 4988253036 cycles
[    0.000000] clocksource: kvm-clock: mask: 0xffffffffffffffff max_cycles: 0x1cd42e4dffb, max_idle_ns: 881590591483 ns
[    0.000000] Zone ranges:
[    0.000000]   DMA      [mem 0x0000000000001000-0x0000000000ffffff]
[    0.000000]   DMA32    [mem 0x0000000001000000-0x000000003ffeffff]
[    0.000000]   Normal   empty
[    0.000000]   Device   empty
[    0.000000] Movable zone start for each node
[    0.000000] Early memory node ranges
[    0.000000]   nod  0: [mem 0x000000000001000-0x000000000009efff]
[    0.000000]   node   0: [mem 0x0000000000100000-0x000000003ffeffff]
[    0.000000] Initmem setup node 0 [mem 0x0000000000001000-0x000000003ffeffff]
[    0.00000] ACP: M-Timer IO Port: 0x4008
[    0.000000] IOAPIC[0]: apic_id 2, version 32, address 0xfec00000, GSI 0-23
[    0.000000] ACPI: INT_SRC_OVR (bus 0 bs_irq 0 global_irq 2 dfl dfl)
[    0.000000] ACPI: INT_SRC_OVR (bus 0 bus_irq 9 global_irq 9 low level)
[    0.000000] Usin ACPI (MADT) for SMP configuration information
[    0.000000] smpboot: Allowing 2 CPUs, 0 hotplug CPUs
[    0.000000] PM: Registered nosave memory: [mem 0x00000000-0x00000fff]
[    0.000000] PM: Registered nosave memory: [mem 0x0009f000-0x0009ffff]
[    0.000000] PM: Regtered nosave memory: [mem 0x000a0000-0x000effff]
[    0.000000] PM: Registered nosave memory: [mem 0x000f0000-0x000fffff]
[    0.000000] e820: [mem 0x40000000-0xfebfffff] available for PCI devices
[    0.000000] Booting paravirtualized kernel on KVM
[    0.000000] clocksource: refined-jiffies: mask: 0xffffffff max_cycles: 0xfffffff, max_idle_ns: 7645519600211568 ns
[    0.000000] setup_percpu: NR_CPUS:512 nr_cpumask_bits:512 nr_cpu_ids:2 r_nodeids:1
[    0.000000] PERCPU: Embedded 34 pages/cpu @ffff88003fc00000 s99544 r8192 d31528 u1048576
[    0.00000] Built 1 zonelists in Node ordr, mobility grouping on.  Total pages: 25792
[    0.000000] Policy zone: DMA32
[    0.000000] Kernel command line: BOOT_IMAGE=/boot/vmlinuz-4.4.0-157-generic root=LABEL=cloudimg-rootfs ro console=tty1 console=ttyS0
[    0.000000] PID hash table entries: 4096 (order: 3, 32768 bytes)
[    0.000000] Memory: 997732K/1048120K available (8618K kernel code, 1335K rwdata, 4032K rodata, 1484K init, 1284K bss, 50388K reserved, 0K cma-reserved)
[    0.000000] SLUB: HWalign=64, Order=0-3, MinObjects=0, CPUs=2, Nodes=1
[    0.000000] Kernel/User page tables isolation: enabled
[    0.000000] Hierarchical RCU implementation.
[    0.000000] 	Build-time adjustment of leaf fanout to 64.
[    0.000000] 	RCU restricting CPUs from NR_CPUS=512 to nr_cpu_ids=2.
[    0.000000] RCU: Adjusting geometry for rcu_fanout_leaf=64, nr_cpu_ids=2
[    0.000000] NR_IRQS:33024 nr_irqs:440 16
[    0.000000] Console: colour VGA+ 80x25
[    0.000000] conole [tty1] enabled
[    000000] console [ttyS0] enabled
[    0.000000] tsc: Detected 2992.498 MHz processor
[    1.592662] Calibrating delay loop (skipped) preset value.. 5984.99 BogoMIPS (lpj=11969992)
[    1.595571] pid_max: default: 32768 minimum: 301
[    1.603126] ACPI: Core revision 20150930
[    1.605783] ACPI: 2 ACPI AML tables successfully acquired and loaded
[    1.607939] Security Framework initialized
[    1.609363] Yama: becoming mindful.
[    1.610752] AppArmor: AppArmor initialized
[    1.612354] Dentry cache hash table entries: 131072 (order: 8, 1048576 bytes)
[    1.654900] Inode-cache hash table entries: 65536 (order: 7, 524288 bytes)
[    1.657165] Mount-cache hash table entries: 2048 (order: 2, 16384 bytes)
[    1.659144] Mountpoint-cache hash table entries: 2048 (order: 2, 16384 bytes)
[    1.662062] Initializing cgroup subsys io
[    1.668792] Initializing cgroup subsys memory
[    1.670278] Initializing cgroup subsys devices
[    1.681808] Initializing cgroup subsys freezer
[    1.683638] Initializing cgroup subsys net_cls
[    1.685129] Initializing cgroup subsys perf_event
[    1.686699] Initializing cgroup subsys net_prio
[    1.708880] Initializing cgroup subsys hugetlb
[    1.710376] Initializing cgroup subsys pids
[    1.716002] mce: CPU supports 0 MCE banks
[    1.723367] Last level iTLB entries: 4KB 128, 2MB 4, 4MB 4
[    1.725870] Last level dTLB entries: 4KB 256, 2MB 0, 4MB 32, 1GB 0
[    1.728627] Spectre V2 : Mitigation: Full generic retpoline
[    1.731127] Spectre V2 : Spectre v2 / SpectreRSB mitigation: Filling RSB on context switch
[    1.750104] Speculative Store Bypass: Vulnerable
[    1.754045] MDS: Vulnerable: Clear CPU buffers attempted, no microcode
[    1.766111] Freeing SMP alternatives memory: 36K
[    1.817073] ftrace: allocating 32312 entries in 127 pages
[    1.902607] smpboot: APIC(0) Converting physical 0 to logical package 0
[    1.918829] smpboot: Max logical packages: 1
[    1.992988] x2apic enabled
[    1.994662] Switched APIC routing to physical x2apic.
[    1.998661] ..TIMER: vector=0x30 apic1=0 pin1=2 apic2=-1 pin2=-1
[    2.198382] smpboot: CPU0: Intel(R) Core(TM)2 Duo CPU     E8400  @ 3.00GHz (family: 0x6, model: 0x17, stepping: 0xa)
[    2.201934] Performance Events: unsupported p6 CPU model 23 no PMU driver, software events only.
[    2.367377] KVM setup paravirtual spinlock
[    2.370400] x86: Booting SMP configuration:
[    2.371821] .... node  #0, CPUs:      #1
[    2.373186] kvm-clock: cpu 1, msr 0:3ffe3041, secondary cpu clock
[    2.391940] mce: CPU supports 0 MCE banks
[    2.395102] x86: Booted up 1 node, 2 CPUs
[    2.396987] smpboot: Total of 2 processors activated (11969.99 BogoMIPS)
[    2.399558] devtmpfs: initialized
[    2.403257] evm: security.selinux
[    2.404504] evm: security.SMACK64
[    2.405766] evm: security.SMACK64EXEC
[    2.407087] evm: security.SMACK64TRANSMUTE
[    2.408494] evm: security.SMACK64MMAP
[    2.409809] evm: security.ima
[    2.410985] evm: security.capability
[    2.412501] clocksource: jiffies: mask: 0xffffffff max_cycles: 0xffffffff, max_idle_ns: 7645041785100000 ns
[    2.415631] futex hash table entries: 512 (order: 3, 32768 bytes)
[    2.417652] pinctrl core: initialized pinctrl subsystem
[    2.419491] RTC time: 16:57:20, date: 08/22/19
[    2.421384] NET: Registered protocol family 16
[    2.434510] cpuidle: using governor ladder
[    2.450609] cpuidle: using governor menu
[    2.452106] PCCT header not found.
[    2.453407] ACPI: bus type PCI registered
[    2.454818] acpiphp: ACPI Hot Plug PCI Controller Driver version: 0.5
[    2.456848] PCI: Using configuration type 1 for base access
[    2.475484] ACPI: Added _OSI(Module Device)
[    2.476913] ACPI: Added _OSI(Processor Device)
[    2.478397] ACPI: Added _OSI(3.0 _SCP Extensions)
[    2.525083] ACPI: Added _OSI(Processor Aggregator Device)
[    2.656084] ACPI: Executed 1 blocks of module-level executable AML code
[    2.671970] ACPI: Interpreter enabled
[    2.673300] ACPI: (supports S0 S5)
[    2.674575] ACPI: Using IOAPIC for interrupt routing
[    2.676366] PCI: Using host bridge windows from ACPI; if necessary, use "pci=nocrs" and report a bug
[    2.683933] ACPI: PCI Root Bridge [PCI0] (domain 0000 [bus 00-ff])
[    2.685783] acpi PNP0A03:00: _OSC: OS supports [ASPM ClockPM Segments MSI]
[    2.752566] acpi PNP0A03:00: _OSC: not requesting OS control; OS requires [ExtendedConfig ASPM ClockPM MSI]
[    2.864985] acpi PNP0A03:00: fail to add MMCONFIG information, can't access extended PCI configuration space under this bridge.
[    2.903770] PCI host bridge to bus 0000:00
[    2.912307] pci_bus 0000:00: root bus resource [io  0x0000-0x0cf7 window]
[    2.972100] pci_bus 0000:00: root bus resource [io  0x0d00-0xffff window]
[    2.997566] pci_bus 0000:00: root bus resource [mem 0x000a0000-0x000bffff window]
[    3.068058] pci_bus 0000:00: root bus resource [mem 0x40000000-0xfdffffff window]
[    3.070657] pci_bus 0000:00: root bus resource [bus 00-ff]
[    3.074550] pci 0000:00:01.1: legacy IDE quirk: reg 0x10: [io  0x01f0-0x01f7]
[    3.211577] pci 0000:00:01.1: legacy IDE quirk: reg 0x14: [io  0x03f6]
[    3.340657] pci 0000:00:01.1: legacy IDE quirk: reg 0x18: [io  0x0170-0x0177]
[    3.342716] pci 0000:00:01.1: legacy IDE quirk: reg 0x1c: [io  0x0376]
[    3.369433] pci 0000:00:07.0: quirk: [io  0x4000-0x403f] claimed by PIIX4 ACPI
[    3.377208] pci 0000:00:07.0: quirk: [io  0x4100-0x410f] claimed by PIIX4 SMB
[    3.392722] ACPI: PCI Interrupt Link [LNKA] (IRQs 5 9 10 *11)
[    3.397035] ACPI: PCI Interrupt Link [LNKB] (IRQs 5 9 *10 11)
[    3.399479] ACPI: PCI Interrupt Link [LNKC] (IRQs 5 *9 10 11)
[    3.401896] ACPI: PCI Interrupt Link [LNKD] (IRQs 5 9 10 *11)
[    3.404438] ACPI: Enabled 2 GPEs in block 00 to 07
[    3.429250] vgaarb: setting as boot device: PCI:0000:00:02.0
[    3.431038] vgaarb: device added: PCI:0000:00:02.0,decodes=io+mem,owns=io+mem,locks=none
[    3.433786] vgaarb: loaded
[    3.434922] vgaarb: bridge control possible 0000:00:02.0
[    3.437237] SCSI subsystem initialized
[    3.439059] ACPI: bus type USB registered
[    3.440508] usbcore: registered new interface driver usbfs
[    3.442238] usbcore: registered new interface driver hub
[    3.443959] usbcore: registered new device driver usb
[    3.457652] PCI: Using ACPI for IRQ routing
[    3.459793] NetLabel: Initializing
[    3.461057] NetLabel:  domain hash size = 128
[    3.484993] NetLabel:  protocols = UNLABELED CIPSOv4
[    3.500795] NetLabel:  unlabeled traffic allowed by default
[    3.512905] amd_nb: Cannot enumerate AMD northbridges
[    3.514675] clocksource: Switched to clocksource kvm-clock
[    3.530742] AppArmor: AppArmor Filesystem Enabled
[    3.712550] pnp: PnP ACPI init
[    3.833365] pnp: PnP ACPI: found 3 devices
[    3.846451] clocksource: acpi_pm: mask: 0xffffff max_cycles: 0xffffff, max_idle_ns: 2085701024 ns
[    3.849443] NET: Registered protocol family 2
[    3.851479] TCP established hash table entries: 8192 (order: 4, 65536 bytes)
[    3.853598] TCP bind hash table entries: 8192 (order: 5, 131072 bytes)
[    3.855624] TCP: Hash tables configured (established 8192 bind 8192)
[    3.857611] UDP hash table entries: 512 (order: 2, 16384 bytes)
[    3.859469] UDP-Lite hash table entries: 512 (order: 2, 16384 bytes)
[    3.861481] NET: Registered protocol family 1
[    3.863006] pci 0000:00:00.0: Limiting direct PCI/PCI transfers
[    3.864841] pci 0000:00:01.0: Activating ISA DMA hang workarounds
[    3.866952] Unpacking initramfs...
[    4.125763] Freeing initrd memory: 14828K
[    4.133227] clocksource: tsc: mask: 0xffffffffffffffff max_cycles: 0x2b2296bc2b9, max_idle_ns: 440795321505 ns
[    4.136603] platform rtc_cmos: registered platform RTC device (no PNP device found)
[    4.139434] Scanning for low memory corruption every 60 seconds
[    4.141737] audit: initializing netlink subsys (disabled)
[    4.143605] audit: type=2000 audit(1566493045.924:1): initialized
[    4.145880] Initialise system trusted keyring
[    4.147763] HugeTLB registered 2 MB page size, pre-allocated 0 pages
[    4.151785] zbud: loaded
[    4.153286] VFS: Disk quotas dquot_6.6.0
[    4.154775] VFS: Dquot-cache hash table entries: 512 (order 0, 4096 bytes)
[    4.157245] squashfs: version 4.0 (2009/01/31) Phillip Lougher
[    4.159504] fuse init (API version 7.23)
[    4.161106] Key type big_key registered
[    4.162551] Allocating IMA MOK and blacklist keyrings.
[    4.165952] Key type asymmetric registered
[    4.167472] Asymmetric key parser 'x509' registered
[    4.169156] Block layer SCSI generic (bsg) driver version 0.4 loaded (major 249)
[    4.171997] io scheduler noop registered
[    4.173421] io scheduler deadline registered (default)
[    4.175172] io scheduler cfq registered
[    4.243109] pci_hotplug: PCI Hot Plug PCI Core version: 0.5
[    4.244902] pciehp: PCI Express Hot Plug Controller Driver version: 0.4
[    4.247217] ACPI: AC Adapter [AC] (on-line)
[    4.248788] input: Power Button as /devices/LNXSYSTM:00/LNXPWRBN:00/input/input0
[    4.251472] ACPI: Power Button [PWRF]
[    4.252979] input: Sleep Button as /devices/LNXSYSTM:00/LNXSLPBN:00/input/input1
[    4.255657] ACPI: Sleep Button [SLPF]
[    4.332996] GHES: HEST is not enabled!
[    4.334654] Serial: 8250/16550 driver, 32 ports, IRQ sharing enabled
[    4.359603] 00:02: ttyS0 at I/O 0x3f8 (irq = 4, base_baud = 115200) is a 16550A
[    4.363997] Linux agpgart interface v0.103
[    4.368150] loop: module loaded
[    4.370399] scsi host0: ata_piix
[    4.372096] scsi host1: ata_piix
[    4.373416] ata1: PATA max UDMA/33 cmd 0x1f0 ctl 0x3f6 bmdma 0xd000 irq 14
[    4.375489] ata2: PATA max UDMA/33 cmd 0x170 ctl 0x376 bmdma 0xd008 irq 15
[    4.377737] libphy: Fixed MDIO Bus: probed
[    4.383232] tun: Universal TUN/TAP device driver, 1.6
[    4.384890] tun: (C) 1999-2004 Max Krasnyansky <maxk@qualcomm.com>
[    4.422792] PPP generic driver version 2.4.2
[    4.424391] ehci_hcd: USB 2.0 'Enhanced' Host Controller (EHCI) Driver
[    4.426449] ehci-pci: EHCI PCI platform driver
[    4.428067] ehci-platform: EHCI generic platform driver
[    4.429785] ohci_hcd: USB 1.1 'Open' Host Controller (OHCI) Driver
[    4.463671] ohci-pci: OHCI PCI platform driver
[    4.465224] ohci-platform: OHCI generic platform driver
[    4.511759] uhci_hcd: USB Universal Host Controller Interface driver
[    4.513962] i8042: PNP: PS/2 Controller [PNP0303:PS2K,PNP0f03:PS2M] at 0x60,0x64 irq 1,12
[    4.517746] serio: i8042 KBD port at 0x60,0x64 irq 1
[    4.532816] serio: i8042 AUX port at 0x60,0x64 irq 12
[    4.534950] mousedev: PS/2 mouse device common for all mice
[    4.537572] input: AT Translated Set 2 keyboard as /devices/platform/i8042/serio0/input/input2
[    4.544122] rtc_cmos rtc_cmos: rtc core: registered rtc_cmos as rtc0
[    4.546415] rtc_cmos rtc_cmos: alarms up to one day, 114 bytes nvram
[    4.553782] i2c /dev entries driver
[    4.555261] device-mapper: uevent: version 1.0.3
[    4.557011] device-mapper: ioctl: 4.34.0-ioctl (2015-10-28) initialised: dm-devel@redhat.com
[    4.560026] ledtrig-cpu: registered to indicate activity on CPUs
[    4.562691] NET: Registered protocol family 10
[    4.565840] NET: Registered protocol family 17
[    4.567468] Key type dns_resolver registered
[    4.569621] registered taskstats version 1
[    4.571176] Loading compiled-in X.509 certificates
[    4.574948] Loaded X.509 cert 'Build time autogenerated kernel key: 3e01e6df98386236d59670e6b2ed19a044d5324e'
[    4.578236] zswap: loaded using pool lzo/zbud
[    4.615446] Key type trusted registered
[    4.642830] Key type encrypted registered
[    4.647455] AppArmor: AppArmor sha1 policy hashing enabled
[    4.649262] ima: No TPM chip found, activating TPM-bypass!
[    4.651084] ima: Allocated hash algorithm: sha1
[    4.652703] evm: HMAC attrs: 0x1
[    4.654391]   Magic number: 15:804:995
[    4.655982] rtc_cmos rtc_cmos: setting system clock to 2019-08-22 16:57:22 UTC (1566493042)
[    4.659079] BIOS EDD facility v0.16 2004-Jun-25, 0 devices found
[    4.660979] EDD information not available.
[    4.668061] Freeing unused kernel memory: 1484K
[    4.682731] Write protecting the kernel read-only data: 14336k
[    4.698479] Freeing unused kernel memory: 1612K
[    4.701448] Freeing unused kernel memory: 64K
Loading, please wait...
starting version 229
[    4.845723] random: systemd-udevd: uninitialized urandom read (16 bytes read, 2 bits of entropy available)
[    4.856251] random: udevadm: uninitialized urandom read (16 bytes read, 2 bits of entropy available)
[    4.856346] random: udevadm: uninitialized urandom read (16 bytes read, 2 bits of entropy available)
[    4.876563] random: systemd-udevd: uninitialized urandom read (16 bytes read, 2 bits of entropy available)
[    4.881603] random: systemd-udevd: uninitialized urandom read (16 bytes read, 2 bits of entropy available)
[    4.887430] random: systemd-udevd: uninitialized urandom read (16 bytes read, 2 bits of entropy available)
[    4.906897] random: systemd-udevd: uninitialized urandom read (16 bytes read, 2 bits of entropy available)
[    4.911859] random: systemd-udevd: uninitialized urandom read (16 bytes read, 2 bits of entropy available)
[    4.916745] random: systemd-udevd: uninitialized urandom read (16 bytes read, 2 bits of entropy available)
[    4.934032] random: systemd-udevd: uninitialized urandom read (16 bytes read, 2 bits of entropy available)
[    5.293879] e1000: Intel(R) PRO/1000 Network Driver - version 7.3.21-k8-NAPI
[    5.302940] e1000: Copyright (c) 1999-2006 Intel Corporation.
[    5.314062] Fusion MPT base driver 3.04.20
[    5.316230] Copyright (c) 1999-2008 LSI Corporation
[    5.410795] Fusion MPT SPI Host driver 3.04.20
[    5.550926] input: ImExPS/2 Generic Explorer Mouse as /devices/platform/i8042/serio1/input/input4
[    5.843172] e1000 0000:00:03.0 eth0: (PCI:33MHz:32-bit) 02:46:62:72:a1:53
[    5.853650] e1000 0000:00:03.0 eth0: Intel(R) PRO/1000 Network Connection
[    5.858714] mptbase: ioc0: Initiating bringup
[    5.861903] e1000 0000:00:03.0 enp0s3: renamed from eth0
[    5.931986] ioc0: LSI53C1030 A0: Capabilities={Initiator}
[    6.943356] scsi host2: ioc0: LSI53C1030 A0, FwRev=00000000h, Ports=1, MaxQ=256, IRQ=20
[    7.983744] scsi 2:0:0:0: Direct-Access     VBOX     HARDDISK         1.0  PQ: 0 ANSI: 5
[    8.137709] scsi target2:0:0: Beginning Domain Validation
[    8.140478] scsi target2:0:0: Domain Validation skipping write tests
[    8.142378] scsi target2:0:0: Ending Domain Validation
[    8.205215] scsi target2:0:0: asynchronous
[    8.207082] scsi 2:0:1:0: Direct-Access     VBOX     HARDDISK         1.0  PQ: 0 ANSI: 5
[    8.209808] scsi target2:0:1: Beginning Domain Validation
[    8.212684] scsi target2:0:1: Domain Validation skipping write tests
[    8.214577] scsi target2:0:1: Ending Domain Validation
[    8.291777] scsi target2:0:1: asynchronous
[    8.300804] sd 2:0:0:0: [sda] 20971520 512-byte logical blocks: (10.7 GB/10.0 GiB)
[    8.301367] sd 2:0:0:0: Attached scsi generic sg0 type 0
[    8.303537] sd 2:0:1:0: Attached scsi generic sg1 type 0
[    8.304291] sd 2:0:1:0: [sdb] 20480 512-byte logical blocks: (10.5 MB/10.0 MiB)
[    8.304491] sd 2:0:1:0: [sdb] Write Protect is off
[    8.304615] sd 2:0:1:0: [sdb] Incomplete mode parameter data
[    8.304616] sd 2:0:1:0: [sdb] Assuming drive cache: write through
[    8.321640] sd 2:0:0:0: [sda] Write Protect is off
[    8.323506] sd 2:0:0:0: [sda] Incomplete mode parameter data
[    8.335584] sd 2:0:1:0: [sdb] Attached SCSI disk
[    8.393137] sd 2:0:0:0: [sda] Assuming drive cache: write through
[    8.400974]  sda: sda1
[    8.402984] sd 2:0:0:0: [sda] Attached SCSI disk
Begin: Loading essential drivers ... [   10.844237] md: linear personality registered for level -1
[   10.889108] md: multipath personality registered for level -4
[   10.914721] md: raid0 personality registered for level 0
[   10.944376] md: raid1 personality registered for level 1
[   11.051594] raid6: sse2x1   gen()  5284 MB/s
[   11.151587] raid6: sse2x1   xor()  5133 MB/s
[   11.241565] raid6: sse2x2   gen()  6688 MB/s
[   11.331586] raid6: sse2x2   xor()  6495 MB/s
[   11.411589] raid6: sse2x4   gen()  9280 MB/s
[   11.491589] raid6: sse2x4   xor()  7328 MB/s
[   11.493132] raid6: using algorithm sse2x4 gen() 9280 MB/s
[   11.494882] raid6: .... xor() 7328 MB/s, rmw enabled
[   11.496503] raid6: using ssse3x2 recovery algorithm
[   11.500353] xor: measuring software checksum speed
[   11.601563]    prefetch64-sse: 30178.000 MB/sec
[   11.711588]    generic_sse: 26138.000 MB/sec
[   11.713144] xor: using function: prefetch64-sse (30178.000 MB/sec)
[   11.719918] async_tx: api initialized (async)
[   11.759302] md: raid6 personality registered for level 6
[   11.793353] md: raid5 personality registered for level 5
[   11.795177] md: raid4 personality registered for level 4
[   11.854507] md: raid10 personality registered for level 10
done.
Begin: Running /scripts/init-premount ... done.
Begin: Mounting root file system ... Begin: Running /scripts/local-top ... done.
Begin: Running /scripts/local-premount ... [   12.045407] Btrfs loaded
Scanning for Btrfs filesystems
done.
Warning: fsck not present, so skipping root file system
[   12.267600] EXT4-fs (sda1): mounted filesystem with ordered data mode. Opts: (null)
done.
Begin: Running /scripts/local-bottom ... done.
Begin: Running /scripts/init-bottom ... done.
[   13.063254] systemd[1]: systemd 229 running in system mode. (+PAM +AUDIT +SELINUX +IMA +APPARMOR +SMACK +SYSVINIT +UTMP +LIBCRYPTSETUP +GCRYPT +GNUTLS +ACL +XZ -LZ4 +SECCOMP +BLKID +ELFUTILS +KMOD -IDN)
[   13.096503] systemd[1]: Detected virtualization oracle.
[   13.098282] systemd[1]: Detected architecture x86-64.

Welcome to [1mUbuntu 16.04.6 LTS[0m!

[   13.179784] systemd[1]: Set hostname to <ubuntu>.
[   13.199440] systemd[1]: Initializing machine ID from random generator.
[   13.201642] systemd[1]: Installed transient /etc/machine-id file.
[   13.455098] random: nonblocking pool is initialized
[   14.158046] systemd[1]: Listening on LVM2 metadata daemon socket.
[[0;32m  OK  [0m] Listening on LVM2 metadata daemon socket.
[   14.165694] systemd[1]: Reached target Encrypted Volumes.
[[0;32m  OK  [0m] Reached target Encrypted Volumes.
[   14.169626] systemd[1]: Set up automount Arbitrary Executable File Formats File System Automount Point.
[[0;32m  OK  [0m] Set up automount Arbitrary Executab...ats File System Automount Point.
[   14.177909] systemd[1]: Started Trigger resolvconf update for networkd DNS.
[[0;32m  OK  [0m] Started Trigger resolvconf update for networkd DNS.
[   14.183880] systemd[1]: Reached target User and Group Name Lookups.
[[0;32m  OK  [0m] Reached target User and Group Name Lookups.
[   14.211031] systemd[1]: Listening on Syslog Socket.
[[0;32m  OK  [0m] Listening on Syslog Socket.
[   14.245273] systemd[1]: Listening on Device-mapper event daemon FIFOs.
[[0;32m  OK  [0m] Listening on Device-mapper event daemon FIFOs.
[   14.295001] systemd[1]: Reached target Swap.
[[0;32m  OK  [0m] Reached target Swap.
[   14.331175] systemd[1]: Listening on Journal Socket (/dev/log).
[[0;32m  OK  [0m] Listening on Journal Socket (/dev/log).
[   14.383004] systemd[1]: Reached target System Time Synchronized.
[[0;32m  OK  [0m] Reached target System Time Synchronized.
[   14.424859] systemd[1]: Listening on udev Control Socket.
[[0;32m  OK  [0m] Listening on udev Control Socket.
[   14.466539] systemd[1]: Listening on udev Kernel Socket.
[[0;32m  OK  [0m] Listening on udev Kernel Socket.
[   14.523123] systemd[1]: Listening on /dev/initctl Compatibility Named Pipe.
[[0;32m  OK  [0m] Listening on /dev/initctl Compatibility Named Pipe.
[   14.579086] systemd[1]: Listening on LVM2 poll daemon socket.
[[0;32m  OK  [0m] Listening on LVM2 poll daemon socket.
[   14.620921] systemd[1]: Listening on Journal Socket.
[[0;32m  OK  [0m] Listening on Journal Socket.
[   14.662666] systemd[1]: Started Forward Password Requests to Wall Directory Watch.
[[0;32m  OK  [0m] Started Forward Password Requests to Wall Directory Watch.
[   14.728255] systemd[1]: Created slice System Slice.
[[0;32m  OK  [0m] Created slice System Slice.
[   14.787165] systemd[1]: Mounting Huge Pages File System...
         Mounting Huge Pages File System...
[   14.794001] systemd[1]: Created slice system-serial\x2dgetty.slice.
[[0;32m  OK  [0m] Created slice system-serial\x2dgetty.slice.
[   14.804267] systemd[1]: Mounting POSIX Message Queue File System...
         Mounting POSIX Message Queue File System...
[   14.836021] systemd[1]: Starting Nameserver information manager...
         Starting Nameserver information manager...
[   14.886200] systemd[1]: Mounting Debug File System...
         Mounting Debug File System...
[   14.958217] systemd[1]: Starting Set console keymap...
         Starting Set console keymap...
[   14.979698] systemd[1]: Starting Load Kernel Modules...
         Starting Load Kernel Modules...
[   14.989636] systemd[1]: Starting Uncomplicated firewall...
         Starting Uncomplicated firewall...
[   15.020679] systemd[1]: Starting Remount Root and Kernel File Systems...
         Starting Remount Root and Kernel File Systems...
[   15.041406] systemd[1]: Created slice User and Session Slice.
[[0;32m  OK  [0m] Created slice User and Session Slice.
[   15.059708] systemd[1]: Reached target Slices.
[[0;32m  OK  [0m] Reached target Slices.
[   15.088350] systemd[1]: Starting Create list of required static device nodes for the current kernel...
         Starting Create list of required st... nodes for the current ker[   15.103186] EXT4-fs (sda1): re-mounted. Opts: (null)
nel...
[   15.116834] systemd[1]: Starting Monitoring of LVM2 mirrors, snapshots etc. using dmeventd or progress polling...
         Starting Monitoring of LVM2 mirrors... dmeventd or progress polling...
[   15.163095] systemd[1]: Listening on Journal Audit Socket.
[[0;32m  OK  [0m] Listening on Journal Audit Socket.
[   15.219915] Loading iSCSI transport class v2.0-870.
[   15.264918] systemd[1]: Starting Journal Service...
         Starting Journal Service...
[   15.300057] iscsi: registered transport (tcp)
[   15.328087] systemd[1]: Mounted Debug File System.
[[0;32m  OK  [0m] Mounted Debug File System.
[   15.333964] systemd[1]: Mounted POSIX Message Queue File System.
[[0;32m  OK  [0m] Mounted POSIX Message Queue File System.
[   15.342804] systemd[1]: Mounted Huge Pages File System.
[[0;32m  OK  [0m] Mounted Huge Pages File System.
[   15.377106] systemd[1]: Started Uncomplicated firewall.
[[0;32m  OK  [0m] Started Uncomplicated firewall.
[   15.406396] systemd[1]: Started Remount Root and Kernel File Systems.
[[0;32m  OK  [0m] Started Remount Root and Kernel File Systems.
[   15.438788] systemd[1]: Started Create list of required static device nodes for the current kernel.
[[0;32m  OK  [0m] Started Create list of required sta...ce nodes for the current kernel.
[   15.482873] systemd[1]: Started Nameserver information manager.
[[0;32m  OK  [0m] Started Nameserver information manager.
[   15.668451] iscsi: registered transport (iser)
[   15.712395] systemd[1]: Started LVM2 metadata daemon.
[[0;32m  OK  [0m] Started LVM2 metadata daemon.
[   15.743625] systemd[1]: Starting Create Static Device Nodes in /dev...
         Starting Create Static Device Nodes in /dev...
[   15.832398] systemd[1]: Starting udev Coldplug all Devices...
         Starting udev Coldplug all Devices...
[   15.895037] systemd[1]: Starting Load/Save Random Seed...
         Starting Load/Save Random Seed...
[   15.916236] systemd[1]: Started Journal Service.
[[0;32m  OK  [0m] Started Journal Service.
[[0;32m  OK  [0m] Started Load Kernel Modules.
[[0;32m  OK  [0m] Started Set console keymap.
[[0;32m  OK  [0m] Started Load/Save Random Seed.
[[0;32m  OK  [0m] Started Create Static Device Nodes in /dev.
         Starting udev Kernel Device Manager...
         Starting Apply Kernel Variables...
         Mounting FUSE Control File System...
         Starting Flush Journal to Persistent Storage...
[   16.499356] systemd-journald[385]: Received request to flush runtime journal from PID 1
[[0;32m  OK  [0m] Mounted FUSE Control File System.
[[0;32m  OK  [0m] Started Flush Journal to Persistent Storage.
[[0;32m  OK  [0m] Started Apply Kernel Variables.
[[0;32m  OK  [0m] Started Monitoring of LVM2 mirrors,...ng dmeventd or progress polling.
[[0;32m  OK  [0m] Started udev Kernel Device Manager.
[[0;32m  OK  [0m] Reached target Local File Systems (Pre).
[[0;32m  OK  [0m] Reached target Local File Systems.
         Starting Create Volatile Files and Directories...
         Starting LSB: AppArmor initialization...
         Starting Tell Plymouth To Write Out Runtime Data...
         Starting Commit a transient machine-id on disk...
         Starting Initial cloud-init job (pre-networking)...
         Starting Set console font and keymap...
[[0;32m  OK  [0m] Started udev Coldplug all Devices.
[[0;32m  OK  [0m] Started Create Volatile Files and Directories.
[[0;32m  OK  [0m] Started Tell Plymouth To Write Out Runtime Data.
[[0;32m  OK  [0m] Started Commit a transient machine-id on disk.
         Starting Update UTMP about System Boot/Shutdown...
[[0;32m  OK  [0m] Started Dispatch Password Requests to Console Directory Watch.
[[0;32m  OK  [0m] Started Update UTMP about System Boot/Shutdown.
[[0;32m  OK  [0m] Found device /dev/ttyS0.
[[0;32m  OK  [0m] Listening on Load/Save RF Kill Switch Status /dev/rfkill Watch.
[[0;32m  OK  [0m] Started LSB: AppArmor initialization.
[[0;32m  OK  [0m] Started Set console font and keymap.
[[0;32m  OK  [0m] Created slice system-getty.slice.
[   20.884734] cloud-init[479]: Cloud-init v. 19.1-1-gbaa47854-0ubuntu1~16.04.1 running 'init-local' at Thu, 22 Aug 2019 16:57:40 +0000. Up 19.17 seconds.
[[0;32m  OK  [0m] Started Initial cloud-init job (pre-networking).
[[0;32m  OK  [0m] Reached target Network (Pre).
         Starting Raise network interfaces...
[[0;32m  OK  [0m] Started Raise network interfaces.
         Starting Initial cloud-init job (metadata service crawler)...
[[0;32m  OK  [0m] Reached target Network.
[   27.721627] cloud-init[944]: Cloud-init v. 19.1-1-gbaa47854-0ubuntu1~16.04.1 running 'init' at Thu, 22 Aug 2019 16:57:45 +0000. Up 24.20 seconds.
[   27.839105] cloud-init[944]: ci-info: ++++++++++++++++++++++++++++++++++++++Net device info++++++++++++++++++++++++++++++++++++++
[   27.894278] cloud-init[944]: ci-info: +--------+------+----------------------------+---------------+--------+-------------------+
[[0;32m  OK  [0m] Started Initial cloud-init job (metadata service crawler).
[   27.974332] cloud-init[944]: ci-info: | Device |  Up  |          Address           |      Mask     | Scope  |     Hw-Address    |
[   28.016512] cloud-init[944]: ci-info: +--------+------+----------------------------+---------------+--------+-------------------+
[   28.100626] cloud-init[944]: ci-info: | enp0s3 | True |         10.0.2.15          | 255.255.255.0 | global | 02:46:62:72:a1:53 |
[   28.144708] cloud-init[944]: ci-info: | enp0s3 | True | fe80::46:62ff:fe72:a153/64 |       .       |  link  | 02:46:62:72:a1:53 |
[[0;32m  OK  [0m] Reached target Cloud-config availability.
[   28.145094] cloud-init[944]: ci-info: |   lo   | True |         127.0.0.1          |   255.0.0.0   |  host  |         .         |
[   28.404590] cloud-init[944]: ci-info: |   lo   | True |          ::1/128           |       .       |  host  |         .         |
[[0;32m  OK  [0m] Reached target System Initialization.
[   28.405017] cloud-init[944]: ci-info: +--------+------+----------------------------+---------------+--------+-------------------+
[[0;32m  OK  [0m] Listening on ACPID Listen Socket.
[   28.439837] cloud-init[944]: ci-info: +++++++++++++++++++++++++++Route IPv4 info++++++++++++++++++++++++++++
[[0;32m  OK  [0m] Listening on UUID daemon activation socket.
[   28.461811] cloud-init[944]: ci-info: +-------+-------------+----------+---------------+-----------+-------+
[[0;32m  OK  [0m] Listening on D-Bus System Message Bus Socket.
[   28.483680] cloud-init[944]: ci-info: | Route | Destination | Gateway  |    Genmask    | Interface | Flags |
         Starting LXD - unix socket.
[   28.652044] cloud-init[944]: ci-info: +-------+-------------+----------+---------------+-----------+-------+
[   28.662087] cloud-init[944]: ci-info: |   0   |   0.0.0.0   | 10.0.2.2 |    0.0.0.0    |   enp0s3  |   UG  |
[[0;32m  OK  [0m] Started ACPI Events Check.
[   28.662522] cloud-init[944]: ci-info: |   1   |   10.0.2.0  | 0.0.0.0  | 255.255.255.0 |   enp0s3  |   U   |
[[0;32m  OK  [0m] Reached target Paths.
[   28.725982] cloud-init[944]: ci-info: +-------+-------------+----------+---------------+-----------+-------+
[   28.813665] cloud-init[944]: ci-info: +++++++++++++++++++Route IPv6 info+++++++++++++++++++
[   28.815863] cloud-init[944]: ci-info: +-------+-------------+---------+-----------+-------+
[   28.825539] cloud-init[944]: ci-info: | Route | Destination | Gateway | Interface | Flags |
[[0;32m  OK  [0m] Started Daily Cleanup of Temporary Directories.
[   28.825853] cloud-init[944]: ci-info: +-------+-------------+---------+-----------+-------+
[   28.905120] cloud-init[944]: ci-info: |   0   |  fe80::/64  |    ::   |   enp0s3  |   U   |
         Starting Socket activation for snappy daemon.
[   28.905544] cloud-init[944]: ci-info: |   4   |   ff00::/8  |    ::   |   enp0s3  |   U   |
[[0;32m  OK  [0m] Started Daily apt download activities.
[   29.023747] cloud-init[944]: ci-info: +-------+-------------+---------+-----------+-------+
[   29.088918] cloud-init[944]: Generating public/private rsa key pair.
[   29.090918] cloud-init[944]: Your identification has been saved in /etc/ssh/ssh_host_rsa_key.
[   29.093185] cloud-init[944]: Your public key has been saved in /etc/ssh/ssh_host_rsa_key.pub.
[   29.104547] cloud-init[944]: The key fingerprint is:
[   29.104933] cloud-init[944]: SHA256:7T/EZSyrauZrXrK7nhpCysH1TnPoPWNYtrXTC7C8LVU root@ubuntu-xenial
[[0;32m  OK  [0m] Started Daily apt upgrade and clean activities.
[   29.105816] cloud-init[944]: The key's randomart image is:
[[0;32m  OK  [0m] Reached target Timers.
[   29.130831] cloud-init[944]: +---[RSA 2048]----+
[   29.164592] cloud-init[944]: |                 |
[[0;32m  OK  [0m] Reached target Network is Online.
[   29.164921] cloud-init[944]: |                 |
[   29.199524] cloud-init[944]: |    .        .   |
[   29.232847] cloud-init[944]: | . . . . .  E +  |
         Starting iSCSI initiator daemon (iscsid)...
[   29.242939] cloud-init[944]: |  o . = S oo =   |
[[0;32m  OK  [0m] Listening on LXD - unix socket.
[[0;32m  OK  [0m] Listening on Socket activation for snappy daemon.
[[0;32m  OK  [0m] Reached target Sockets.
[   29.261250] cloud-init[944]: | . + + O *.o+    |
[   29.283860] [[0;32m  OK  [0m] Reached target Basic System.
cloud-init[944]: |  o . = X.*o.    |
[   29.288744] cloud-init[944]: |     . o=X.+..   |
[   29.302165] cloud-init[944]: |      .O%*. o.   |
[   29.309440] cloud-init[944]: +----[SHA256]-----+
[   29.313621] cloud-init[944]: Generating public/private dsa key pair.
[   29.320065] cloud-init[944]: Your identification has been saved in /etc/ssh/ssh_host_dsa_key.
[   29.329042] cloud-init[944]: Your public key has been saved in /etc/ssh/ssh_host_dsa_key.pub.
[   29.339828] cloud-init[944]: The key fingerprint is:
[   29.341997] cloud-init[944]: SHA256:eBVNqO6hl9nVjEirUgd9u9eZ4QFn0XVlD38VykpqFrc root@ubuntu-xenial
[   29.347571] cloud-init[944]: The key's randomart image is:[[0;32m  OK  [0m] Started Deferred execution scheduler.

[   29.364720] cloud-init[944]: +---[DSA 1024]----+
[   29.376150] cloud-init[944]: |          .+. ..@|
[   29.380197] cloud-init[944]: |          ..o .==|
[   29.386634] cloud-init[944]: |         +.o o  =|
[   29.390949] cloud-init         Starting System Logging Service...
[944]: |       .o.B +. o.|
[   29.420810] cloud-init[944]: |      ..S* E =+  |         Starting Login Service...

[   29.436937] cloud-init[944]: |       .* + + oo |
[   29.443073] cloud-init[944]: |       + B . ...=|
[   29.448910] cloud-init[944]: |      o * . . .+.|
[   29.455582] cloud-init[944]: |       o     .   |
[   29.462726] cloud-init[944]: +----[SHA256]-----+
[   29.469856] cloud-init[944]: Generating public/private ecdsa key pair.
[   29.528970] [cloud-init[0;32m  OK  [0m[944]: ] Your identification has been saved in /etc/ssh/ssh_host_ecdsa_key.Started FUSE filesystem for LXC.

[   29.529852] cloud-init[944]: Your public key has been saved in /etc/ssh/ssh_host_ecdsa_key.pub.
[   29.611903] cloud-init[944]: The key fingerprint is:
[   29.618311] cloud-init[944]: SHA256:45MTRCJYmShPyhSsET93df60JUg42iIMf5er+1NTD5U root@ubuntu-xenial
[   29.628728] cloud-init[944]: The key's randomart image is:
[   29.633390] cloud-init[944]: +---[ECDSA 256]---+
         Starting Pollinate to seed the pseudo random number generator...
[   29.643540] cloud-init[944]: |oo.+oo. o.o    . |
[   29.649926] cloud-init[944]: |o+= o. +o+ .  E  |
[   29.652604] cloud-init[944]: |+*o+. .o.oo o..  |
[   29.655487] cloud-init[944]:          Starting LSB: MD monitoring daemon...
|o..o+.+.+  oo+   |
[   29.701194] cloud-init[944]: |     o oS. .oo   |
[   29.713546] cloud-init[944]: |       ..+o   .  |         Starting /etc/rc.local Compatibility...

         Starting Accounts Service...
         Starting LSB: Record successful boot for GRUB...
[   29.864786] cloud-init[944]: |       .=. .     |
[   29.887605] cloud-init[944]: |      . .o       |
[   29.892737] cloud-init[944]: |      .o..       |
[   29.896610] cloud-init[944]: +----[SHA256]-----+
[   29.899949] cloud-init[944]: Generating public/private ed25519 key pair.
[   29.903669] cloud-init[944]: Your identification has been saved in /etc/ssh/ssh_host_ed25519_key.
[   29.912850] cloud-init[944]: Your public key has been saved in /etc/ssh/ssh_host_ed25519_key.pub.         Starting Virtualbox guest utils...

[   29.955458] cloud-init[944]: The key fingerprint is:[[0;32m  OK  [0m] Started ACPI event daemon.

[   29.963828] cloud-init[944]: SHA256:EXh2C1cqrR1MXE4BSC4D0EhRHhXo/E9jjJQtOtkImN8 root@ubuntu-xenial
[   29.968963] cloud-init[944]: The key's randomart image is:
[   29.973414] cloud-init[944]: +--[ED25519 256]--+
[   29.977570] cloud-init[944]: | .+*+oo+ooo+=.   |
[   29.985121] cloud-init[944]: |  ..oo..==++     |
[[0;32m  OK  [0m] Started Regular background program processing daemon.
[   30.002210] cloud-init[944]: | o o. o=++=..    |
[   30.095215] cloud-init[944]: |o . o +o.=..     |
[[0;32m  OK  [0m] Started D-Bus System Message Bus.
[   30.156151] cloud-init[944]: | . o B +S .      |
[   30.194429] cloud-init[944]: |  . E + =        |
[   30.295555] cloud-init[944]: |     . + .       |
[   30.304688] cloud-init[944]: |        .        |
[   30.337132] cloud-init[944]: |                 |
[   30.378219] cloud-init[944]: +----[SHA256]-----+
         Starting Snappy daemon...
         Starting LXD - container startup/shutdown...
[[0;32m  OK  [0m] Started System Logging Service.
[[0;32m  OK  [0m] Started /etc/rc.local Compatibility.
[[0;32m  OK  [0m] Started iSCSI initiator daemon (iscsid).
[[0;32m  OK  [0m] Started Login Service.
[[0;32m  OK  [0m] Started Unattended Upgrades Shutdown.
         Starting Authenticate and Authorize Users to Run Privileged Tasks...
         Starting Login to default iSCSI targets...
[[0;32m  OK  [0m] Started Login to default iSCSI targets.
[[0;32m  OK  [0m] Reached target Remote File Systems (Pre).
[[0;32m  OK  [0m] Reached target Remote File Systems.
         Starting LSB: Set the CPU Frequency Scaling governor to "ondemand"...
         Starting Permit User Sessions...
         Starting LSB: daemon to balance interrupts for SMP systems...
         Starting LSB: automatic crash report generation...
[[0;32m  OK  [0m] Started LSB: Record successful boot for GRUB.
[[0;32m  OK  [0m] Started LSB: MD monitoring daemon.
[[0;32m  OK  [0m] Started Permit User Sessions.
[[0;32m  OK  [0m] Started Authenticate and Authorize Users to Run Privileged Tasks.
[[0;32m  OK  [0m] Started Accounts Service.
         Starting Terminate Plymouth Boot Screen...
         Starting Hold until boot process finishes up...
[[0;32m  OK  [0m] Started Terminate Plymouth Boot Screen.
[[0;32m  OK  [0m] Started Hold until boot process finishes up.
         Starting Set console scheme...
[[0;32m  OK  [0m] Started Getty on tty1.
[[0;32m  OK  [0m] Started Serial Getty on ttyS0.
[[0;32m  OK  [0m] Reached target Login Prompts.
[[0;32m  OK  [0m] Started LSB: Set the CPU Frequency Scaling governor to "ondemand".
[[0;32m  OK  [0m] Started Set console scheme.
[[0;32m  OK  [0m] Started LSB: daemon to balance interrupts for SMP systems.
[[0;32m  OK  [0m] Started LSB: automatic crash report generation.
[[0;32m  OK  [0m] Started LXD - container startup/shutdown.
[[0;32m  OK  [0m] Started Virtualbox guest utils.
[[0;32m  OK  [0m] Started Snappy daemon.
         Starting Wait until snapd is fully seeded...
[[0;32m  OK  [0m] Started Pollinate to seed the pseudo random number generator.
         Starting OpenBSD Secure Shell server...
[[0;32m  OK  [0m] Started OpenBSD Secure Shell server.
[[0;32m  OK  [0m] Created slice User Slice of vagrant.
[[0;32m  OK  [0m] Started Session 1 of user vagrant.
         Starting User Manager for UID 1000...
[[0;32m  OK  [0m] Started User Manager for UID 1000.
[[0;32m  OK  [0m] Started Wait until snapd is fully seeded.
         Starting Apply the settings specified in cloud-config...
[[0;32m  OK  [0m] Reached target Multi-User System.
[[0;32m  OK  [0m] Reached target Graphical Interface.
         Starting Update UTMP about System Runlevel Changes...

Ubuntu 16.04.6 LTS ubuntu-xenial ttyS0

ubuntu-xenial login: [   40.578331] cloud-init[1376]: Generating locales (this might take a while)...
[   44.033228] cloud-init[1376]:   en_US.UTF-8... done
[   44.034090] cloud-init[1376]: Generation complete.
[   45.807207] cloud-init[1376]: Cloud-init v. 19.1-1-gbaa47854-0ubuntu1~16.04.1 running 'modules:config' at Thu, 22 Aug 2019 16:58:00 +0000. Up 39.80 seconds.
ci-info: no authorized ssh keys fingerprints found for user ubuntu.
<14>Aug 22 16:58:08 ec2: 
<14>Aug 22 16:58:08 ec2: #############################################################
<14>Aug 22 16:58:08 ec2: -----BEGIN SSH HOST KEY FINGERPRINTS-----
<14>Aug 22 16:58:08 ec2: 1024 SHA256:eBVNqO6hl9nVjEirUgd9u9eZ4QFn0XVlD38VykpqFrc root@ubuntu-xenial (DSA)
<14>Aug 22 16:58:08 ec2: 256 SHA256:45MTRCJYmShPyhSsET93df60JUg42iIMf5er+1NTD5U root@ubuntu-xenial (ECDSA)
<14>Aug 22 16:58:08 ec2: 256 SHA256:EXh2C1cqrR1MXE4BSC4D0EhRHhXo/E9jjJQtOtkImN8 root@ubuntu-xenial (ED25519)
<14>Aug 22 16:58:08 ec2: 2048 SHA256:7T/EZSyrauZrXrK7nhpCysH1TnPoPWNYtrXTC7C8LVU root@ubuntu-xenial (RSA)
<14>Aug 22 16:58:08 ec2: -----END SSH HOST KEY FINGERPRINTS-----
<14>Aug 22 16:58:08 ec2: #############################################################
-----BEGIN SSH HOST KEY KEYS-----
ecdsa-sha2-nistp256 AAAAE2VjZHNhLXNoYTItbmlzdHAyNTYAAAAIbmlzdHAyNTYAAABBBDwB1Y02UDVYoRUs0KQNQKQqqqmN//LDGb1MjTGwh4qZoVrvTY9fn0ZpOJ7LdhDdqE9KBiHQ1v4wviljaZfu7fU= root@ubuntu-xenial
ssh-ed25519 AAAAC3NzaC1lZDI1NTE5AAAAILsXFz5+84U3q46uigEKFPsYD0ZTqV2LPBjWYwZC6pNG root@ubuntu-xenial
ssh-rsa AAAAB3NzaC1yc2EAAAADAQABAAABAQDil6c51K+p3QsbPmMQP7avsJnaHqR2UxbNKi/ez7dCkIiVVGDgVyG00vpHGFvniebZtxielfDBiBYd38GupH/PMXcI/24nzfehiErM2Ck4mywBbwKAmqXhTRhyxC6gnahMGH9u0KJrlUV1+dK4rfra+YUnydDqgYrKpkJepBOWzjbb7loT6HZRz7fGe7Z5VoB+TgeB7mJJPURHhHmX4z0ITb6NtOeG0a+g7/Se8E+uyy5Ak6sTSnqZ1Cq5h3UhcaDOaorVWzqxs5iGqxzKB7TnofPtE/cZ9v2q9uCggTrbACU+eoaOul1k+Y9evZ3lpW9sdVJ+mY/k6ozIA2hg5mR7 root@ubuntu-xenial
-----END SSH HOST KEY KEYS-----
[   47.962579] cloud-init[1540]: Cloud-init v. 19.1-1-gbaa47854-0ubuntu1~16.04.1 running 'modules:final' at Thu, 22 Aug 2019 16:58:07 +0000. Up 46.91 seconds.
[   47.966400] cloud-init[1540]: ci-info: no authorized ssh keys fingerprints found for user ubuntu.
[   47.967326] cloud-init[1540]: Cloud-init v. 19.1-1-gbaa47854-0ubuntu1~16.04.1 finished at Thu, 22 Aug 2019 16:58:08 +0000. Datasource DataSourceNoCloud [seed=/dev/sdb][dsmode=net].  Up 47.92 seconds
