[    0.000000] Initializing cgroup subsys cpuset
[    0.000000] Initializing cgroup subsys cpu
[    0.000000] Initializing cgroup subsys cpuacct
[    0.000000] Linux version 4.4.0-157-generic (buildd@lgw01-amd64-037) (gcc version 5.4.0 20160609 (Ubuntu 5.4.0-6ubuntu1~16.04.10) ) #185-Ubuntu SMP Tue Jul 23 09:17:01 UTC 2019 (Ubuntu 4.4.0-157.185-generic 4.4.181)
[    0.000000] Command line: BOOT_IMAGE=/boot/vmlinuz-4.4.0-157-generic root=LABEL=cloudimg-rootfs ro console=tty1 console=ttyS0
[    0.000000] KERNEL supported cpus:
[    0.000000]   Intel GenuineIntel
[    0.000000]   AMD AuthenticAMD
[    0.000000]   Centaur CentaurHauls
[    0.000000] x86/fpu: Legacy x87 FPU detected.
[    0.000000] e820: BIOS-provided physical RAM map:
[    0.000000] BIOS-e820: [mem 0x0000000000000000-0x000000000009fbff] usable
[    0.000000] BIOS-e820: [mem 0x000000000009fc00-0x000000000009ffff] reserved
[    0.000000] BIOS-e820: [mem 0x00000000000f0000-0x00000000000fffff] reserved
[    0.000000] BIOS-e820: [mem 0x0000000000100000-0x000000003ffeffff] usable
[    0.000000] BIOS-e820: [mem 0x000000003fff0000-0x000000003fffffff] ACPI data
[    0.000000] BIOS-e820: [mem 0x000000fec0000-0x00000000fec00fff] reserved
[    0.000000] BIOS-e820: [mem 0x00000000fee00000-0x00000000fee00fff] reserved
[    0.000000] BIOS-e820: [mem 0x00000000fffc0000-0x00000000ffffffff] reserved
[    0.000000] NX (Execute Disable) protection: active
[    0.000000] SMBIOS 2.5 present.
[    0.000000] Hypervisor detected: KVM
[    0.000000] e820: last_pfn = 0x3fff0 max_arch_pfn = 0x400000000
[    0.000000] MTRR: Disabled
[    0.000000] x86/PAT: MTRRs disabled, skipping PAT initialization too.
[    0.000000] CPU MTRRs all blank - virtualized system.
[    0.000000] x86/PAT: Configuration [0-7]: WB  WT  UC- UC  WB  WT  UC- UC  
[    0.000000] found SMP MP-table at [mem 0x0009fff0-0x0009ffff] mapped at [ffff88000009fff0]
[    0.000000] Scanning 1 areas for low memory corruption
[    0.000000] RAMDISK: [mem 0x362fa000-0x37174fff]
[    0.000000] ACPI: Early table checksum verification disabled
[    0.000000] ACPI: RSDP 0x00000000000E0000 000024 (v02 VBOX  )
[    0.000000] ACPI: XSDT 0x000000003FFF0030 00003C (v01 VBOX   VBOXXSDT 00000001 ASL  00000061)
[    0.000000] ACPI: FACP 0x000000003FFF00F0 0000F4 (v04 VBOX   VBOXFACP 00000001 ASL  00000061)
[    0.000000] ACPI:DSDT 0x000000003FFF0470 0021FF (v02 VBOX   VBOXBIOS 00000002 INTL 20180105)
[    0.000000] ACPI: FACS 0x000000003FFF0200 000040
[    0.000000] ACPI: FACS 0x000000003FFF0200 000040
[    0.000000] ACPI: APIC 0x000000003FFF0240 00005C (v02 VBOX   VBOXAPIC 00000001 ASL  00000061)
[    0.000000] ACPI: SSDT 0x000000003FFF02A0 0001CC (v01 VBOX   VBOXCPUT 00000002 INTL 20180105)
[    0.000000] No NUMA conffiguration found
[    0.000000] Faking a node at [mem 0x0000000000000000-0x000000003ffeffff]
[    0.000000] NODE_DATA(0) allocated [mem 0x3ffeb000-0x3ffeffff]
[    0.000000] kvm-clock: Using msrs 4b564d01 and 4b564d00
[    0.000000] kvm-clock: cpu 0, msr 0:3ffe3001, primary cpu clock
[    0.000000] kvm-clock: using sched offset of 4989661393 cycles
[    0.000000] clocksource: kvm-clock: mask: 0xffffffffffffffff max_cycles: 0x1cd42e4dffb, max_idle_ns: 881590591483 ns
[    0.000000] Zone ranges:
[    0.000000]   DMA      [mem 0x0000000000001000-0x0000000000ffffff]
[    0.000000]   DMA32    [mem 0x0000000001000000-0x000000003ffeffff]
[    0.000000]   Normal   empty
[    0.000000]   Device   empty
[    0.000000] Movable zone start for each node
[    0.000000] Early memory node ranges
[    0.000000]   node   0: [mem 0x0000000000001000-0x000000000009efff]
[    0.000000]   node   0: [mem 0x0000000000100000-0x000000003ffeffff]
[    0.000000] Initmem setup node 0 [mem 0x0000000000001000-0x000000003ffeffff]
[    0.000000] ACPI: PM-Timer IO Port: 0x4008
[    0.000000] IOAPIC[0]: apic_id 2, version 32, address 0xfec00000, GSI 0-23
[    0.000000] ACPI: INT_SRC_OVR (bus 0 bus_irq 0 global_irq 2 dfl dfl)
[    0.000000] ACPI: INT_SRC_OVR (bus 0 bus_irq 9 global_irq 9 low level)
[    0.000000] Using ACPI (MADT) for SMP configuration information
[    0.000000] smpboot: Allowing 2 CPUs, 0 hotplug CPUs
[    0.000000] PM: Registered nosave memory: [mem 0x00000000-0x00000fff]
[    0.000000] PM: Registered nosave memory: [mem 0x0009f000-0x0009ffff]
[    0.000000] PM: Registered nosave memory: [mem 0x000a0000-0x000effff]
[    0.000000] PM: Registered nosave memory: [mem 0x000f0000-0x000fffff]
[    0.000000] e820: [mem 0x40000000-0xfebfffff] available for PCI devices
[    0.000000] Booting parvirtualized kernel on KVM
[    0.000000] clocksource: refined-jiffies: mask: 0xffffffff max_cycles: 0xffffffff, max_idle_ns: 7645519600211568 ns
[    0.00000] setup_percpu: NR_CPUS:512 nr_cpumask_bits:512 nr_cpu_ids:2 nr_node_ids:1
[    0.000000] PERCPU: Embedded 34 pages/cpu @ffff88003fc00000 s99544 r8192 d31528 u1048576
[    0.000000] Built 1 zonelists in Node order, mobility grouping on.  Total pages: 257912
[    0.000000] Policy zone: DMA32
[    0.000000] Kernel command line: BOOT_IMAGE=/boot/vmlinuz-4.4.0-157-generic root=LABEL=cloudimg-rootfs ro console=tty1 console=ttyS0
[    0.000000] PID hash table entries: 4096 (order: 3, 32768 bytes)
[    0.000000] Memory: 997732K/1048120K available (8618K kernel code, 1335K rwdata, 4032K rodata, 1484K init, 1284K bs, 50388K reserved, 0K cma-reserved)
[    .000000] SLUB: HWalign=64, Order=0-3, MinObjects=0, CPUs=2, Nodes=1
[    0.000000] Kernel/User page tables isolation: enabled
[    0.000000] Hierarchical RCU implementation.
[    0.000000] 	Build-time adjustment of leaf fanout to 64.
[    0.000000] 	RCU restricting CPUs from NR_CPUS=512 to nr_cp_ids=2.
[    0.000000] RCU: Adjusting geometry for rcu_fanout_leaf=64, nr_cpu_ids=2
[    0.000000] NR_IRQS:33024 nr_irqs:440 16
[    0.000000] Console: colour VGA+ 80x25
[    0.000000] console [tty1] enabled
[    0.000000] console [ttyS0] enabled
[    0.000000] tsc: Detected 2992.498 MHz processor
[    2.119275] Calibrating delay loop (skipped) preset value.. 5984.99 BogoMIPS (lpj=11969992)
[    2.122160] pid_max: default: 32768 minimum: 301
[    2.123674] ACPI: Core revision 20150930
[    2.126308] ACPI: 2 ACPI AML tables successfully acquired and loaded
[    2.149445] Security Framework initialized
[    2.228133] Yama: becoming mindful.
[    2.273343] AppArmor: AppArmor initialized
[    2.274899] Dentry cache hash table entries: 131072 (order: 8, 1048576 bytes)
[    2.277502] Inode-cache hash table entries: 65536 (order: 7, 524288 bytes)
[    2.317502] Mount-cache hash table entries: 2048 (order: 2, 16384 bytes)
[    2.371058] Mountpoint-cache hash table entries: 2048 (order: 2, 16384 bytes)
[    2.374066] Initializing cgroup subsys io
[    2.375457] Initializing cgroup subsys memory
[    2.376946] Initializing cgroup subsys devices
[    2.378435] Initializing cgroup subsys freezer
[    2.379914] Initializing cgroup subsys net_cls
[    2.382470] Initializing cgroup subsys perf_event
[    2.384006] Initializing cgroup subsys net_prio
[    2.417422] Initializing cgroup subsys hugetlb
[    2.418897] Initializing cgroup subsys pids
[    2.420419] mce: CPU supports 0 MCE banks
[    2.485560] Last level iTLB entries: 4KB 128, 2MB 4, 4MB 4
[    2.605725] Last level dTLB entries: 4KB 256, 2MB 0, 4MB 32, 1GB 0
[    2.607568] Spectre V2 : Mitigation: Full generic retpoline
[    2.625434] Spectre V2 : Spectre v2 / SpectreRSB mitigation: Filling RSB on context switch
[    2.774083] Speculative Store Bypass: Vulnerable
[    2.776386] MDS: Vulnerable: Clear CPU buffers attempted, no microcode
[    2.842425] Freeing SMP alternatives memory: 36K
[    2.851503] ftrace: allocating 32312 entries in 127 pages
[    2.921336] smpboot: APIC(0) Converting physical 0 to logical package 0
[    2.995342] smpboot: Max logical packages: 1
[    2.997386] x2apic enabled
[    2.999024] Switched APIC routing to physical x2apic.
[    3.003005] ..TIMER: vector=0x30 apic1=0 pin1=2 apic2=-1 pin2=-1
[    3.112933] smpboot: CPU0: Intel(R) Core(TM)2 Duo CPU     E8400  @ 3.00GHz (family: 0x6, model: 0x17, stepping: 0xa)
[    3.168101] Performance Events: unsupported p6 CPU model 23 no PMU driver, software events only.
[    3.364061] KVM setup paravirtual spinlock
[    3.367097] x86: Booting SMP configuration:
[    3.423014] .... node  #0, CPUs:      #1
[    3.485693] kvm-clock: cpu 1, msr 0:3ffe3041, secondary cpu clock
[    3.499089] mce: CPU supports 0 MCE banks
[    3.502260] x86: Booted up 1 node, 2 CPUs
[    3.504144] smpboot: Total of 2 processors activated (11969.99 BogoMIPS)
[    3.506703] devtmpfs: initialized
[    3.510411] evm: security.selinux
[    3.511651] evm: security.SMACK64
[    3.512886] evm: security.SMACK64EXEC
[    3.514228] evm: security.SMACK64TRANSMUTE
[    3.515621] evm: security.SMACK64MMAP
[    3.516930] evm: security.ima
[    3.521734] evm: security.capability
[    3.523219] clocksource: jiffies: mask: 0xffffffff max_cycles: 0xffffffff, max_idle_ns: 7645041785100000 ns
[    3.531659] futex hash table entries: 512 (order: 3, 32768 bytes)
[    3.533672] pinctrl core: initialized pinctrl subsystem
[    3.535495] RTC time: 17:36:43, date: 08/22/19
[    3.537446] NET: Registered protocol family 16
[    3.549156] cpuidle: using governor ladder
[    3.565222] cpuidle: using governor menu
[    3.566648] PCCT header not found.
[    3.567952] ACPI: bus type PCI registered
[    3.603058] acpiphp: ACPI Hot Plug PCI Controller Driver version: 0.5
[    3.605086] PCI: Using configuration type 1 for base access
[    3.621512] ACPI: Added _OSI(Module Device)
[    3.622929] ACPI: Added _OSI(Processor Device)
[    3.624403] ACPI: Added _OSI(3.0 _SCP Extensions)
[    3.670250] ACPI: Added _OSI(Processor Aggregator Device)
[    3.727965] ACPI: Executed 1 blocks of module-level executable AML code
[    3.757643] ACPI: Interpreter enabled
[    3.758965] ACPI: (supports S0 S5)
[    3.760222] ACPI: Using IOAPIC for interrupt routing
[    3.790910] PCI: Using host bridge windows from ACPI; if necessary, use "pci=nocrs" and report a bug
[    3.861043] ACPI: PCI Root Bridge [PCI0] (domain 0000 [bus 00-ff])
[    3.862896] acpi PNP0A03:00: _OSC: OS supports [ASPM ClockPM Segments MSI]
[    3.864903] acpi PNP0A03:00: _OSC: not requesting OS control; OS requires [ExtendedConfig ASPM ClockPM MSI]
[    3.867977] acpi PNP0A03:00: fail to add MMCONFIG information, can't access extended PCI configuration space under this bridge.
[    4.049424] PCI host bridge to bus 0000:00
[    4.050843] pci_bus 0000:00: root bus resource [io  0x0000-0x0cf7 window]
[    4.052817] pci_bus 0000:00: root bus resource [io  0x0d00-0xffff window]
[    4.054791] pci_bus 0000:00: root bus resource [mem 0x000a0000-0x000bffff window]
[    4.188270] pci_bus 0000:00: root bus resource [mem 0x40000000-0xfdffffff window]
[    4.318517] pci_bus 0000:00: root bus resource [bus 00-ff]
[    4.440997] pci 0000:00:01.1: legacy IDE quirk: reg 0x10: [io  0x01f0-0x01f7]
[    4.443050] pci 0000:00:01.1: legacy IDE quirk: reg 0x14: [io  0x03f6]
[    4.445001] pci 0000:00:01.1: legacy IDE quirk: reg 0x18: [io  0x0170-0x0177]
[    4.447054] pci 0000:00:01.1: legacy IDE quirk: reg 0x1c: [io  0x0376]
[    4.471372] pci 0000:00:07.0: quirk: [io  0x4000-0x403f] claimed by PIIX4 ACPI
[    4.479387] pci 0000:00:07.0: quirk: [io  0x4100-0x410f] claimed by PIIX4 SMB
[    4.488956] ACPI: PCI Interrupt Link [LNKA] (IRQs 5 9 10 *11)
[    4.492823] ACPI: PCI Interrupt Link [LNKB] (IRQs 5 9 *10 11)
[    4.495287] ACPI: PCI Interrupt Link [LNKC] (IRQs 5 *9 10 11)
[    4.503069] ACPI: PCI Interrupt Link [LNKD] (IRQs 5 9 10 *11)
[    4.505629] ACPI: Enabled 2 GPEs in block 00 to 07
[    4.530478] vgaarb: setting as boot device: PCI:0000:00:02.0
[    4.532224] vgaarb: device added: PCI:0000:00:02.0,decodes=io+mem,owns=io+mem,locks=none
[    4.534979] vgaarb: loaded
[    4.536088] vgaarb: bridge control possible 0000:00:02.0
[    4.538431] SCSI subsystem initialized
[    4.540212] ACPI: bus type USB registered
[    4.541683] usbcore: registered new interface driver usbfs
[    4.543398] usbcore: registered new interface driver hub
[    4.545127] usbcore: registered new device driver usb
[    4.552494] PCI: Using ACPI for IRQ routing
[    4.554645] NetLabel: Initializing
[    4.555901] NetLabel:  domain hash size = 128
[    4.557385] NetLabel:  protocols = UNLABELED CIPSOv4
[    4.559008] NetLabel:  unlabeled traffic allowed by default
[    4.561116] amd_nb: Cannot enumerate AMD northbridges
[    4.562910] clocksource: Switched to clocksource kvm-clock
[    4.579584] AppArmor: AppArmor Filesystem Enabled
[    4.586633] pnp: PnP ACPI init
[    4.588867] pnp: PnP ACPI: ound 3 devices

[    4.631363] clocksource: acpi_pm: mask: 0xffffff max_cycles: 0xffffff, max_idle_ns: 2085701024 ns
[    4.634376] NET: Registered protocol family 2
[    4.636336] TCP established hash table entries: 8192 (order: 4, 65536 bytes)
[    4.638466] TCP bind hash table entries: 8192 (order: 5, 131072 bytes)
[    4.640552] TCP: Hash tables configured (established 8192 bind 8192)
[    4.642611] UDP hash table entries: 512 (order: 2, 16384 bytes)
[    4.644521] UDP-Lite hash table entries: 512 (order: 2, 16384 bytes)
[    4.646607] NET: Registered protocol family 1
[    4.648175] pci 0000:00:00.0: Limiting direct PCI/PCI transfers
[    4.650078] pci 0000:00:01.0: Activating ISA DMA hang workarounds
[    4.652260] Unpacking initramfs...
[  4.912017] Freeing initrd memory: 14828K
[    4.972030] clocksource: tsc: mask: 0xffffffffffffffff max_cycles: 0x2b2296bc2b9, max_idle_ns: 440795321505 ns
[    4.975209] platform rtc_cmos: registered platform RTC device (no PNP device found)
[    4.977925] Scanning for low memory corruption every 60 seconds
[    5.124667] audit: initializing netlink subsys (disabled)
[    5.126505] audit: type=2000 audit(1566495407.192:1): initialized
[    5.134068] Initialise system trusted keyring
[    5.135806] HugeTLB registered 2 MB page size, pre-allocated 0 pages
[    5.139630] zbud: loaded
[    5.141088] VFS: Disk quotas dquot_6.6.0
[    5.142552] VFS: Dquot-cache hash table entries: 512 (order 0, 4096 bytes)
[    5.182138] squashfs: version 4.0 (2009/01/31) Phillip Lougher
[    5.189783] fuse init (API version 7.23)
[    5.248836] Key type big_key registered
[    5.250270] Allocating IMA MOK and blacklist keyrings.
[    5.253701] Key type asymmetric registered
[    5.255218] Asymmetric key parser 'x509' registered
[    5.256923] Block layer SCSI generic (bsg) driver version 0.4 loaded (major 249)
[    5.329729] io scheduler noop registered
[    5.351863] io scheduler deadline registered (default)
[    5.368037] io scheduler cfq registered
[    5.404001] pci_hotplug: PCI Hot Plug PCI Core version: 0.5
[    5.405823] pciehp: PCI Express Hot Plug Controller Driver version: 0.4
[    5.408060] ACPI: AC Adapter [AC] (on-line)
[    5.465258] input: Power Button as /devices/LNXSYSTM:00/LNXPWRBN:00/input/input0
[    5.572521] ACPI: Power Button [PWRF]
[    5.581869] input: Sleep Button as /devices/LNXSYSTM:00/LNXSLPBN:00/input/input1
[    5.593463] ACPI: Sleep Button [SLPF]
[    5.595142] GHES: HEST is not enabled!
[    5.625399] Serial: 8250/16550 driver, 32 ports, IRQ sharing enabled
[    5.650116] 00:02: ttyS0 at I/O 0x3f8 (irq = 4, base_baud = 115200) is a 16550A
[    5.654337] Linux agpgart interface v0.103
[    5.658010] loop: module loaded
[    5.666644] scsi host0: ata_piix
[    5.668172] scsi host1: ata_piix
[    5.678501] ata1: PATA max UDMA/33 cmd 0x1f0 ctl 0x3f6 bmdma 0xd000 irq 14
[    5.689050] ata2: PATA max UDMA/33 cmd 0x170 ctl 0x376 bmdma 0xd008 irq 15
[    5.691263] libphy: Fixed MDIO Bus: probed
[    5.692803] tun: Universal TUN/TAP device driver, 1.6
[    5.718410] tun: (C) 1999-2004 Max Krasnyansky <maxk@qualcomm.com>
[    5.720385] PPP generic driver version 2.4.2
[    5.721963] ehci_hcd: USB 2.0 'Enhanced' Host Controller (EHCI) Driver
[    5.738383] ehci-pci: EHCI PCI platform driver
[    5.739942] ehci-platform: EHCI generic platform driver
[    5.741638] ohci_hcd: USB 1.1 'Open' Host Controller (OHCI) Driver
[    5.743526] ohci-pci: OHCI PCI platform driver
[    5.745099] ohci-platform: OHCI generic platform driver
[    5.746788] uhci_hcd: USB Universal Host Controller Interface driver
[    5.758838] i8042: PNP: PS/2 Controller [PNP0303:PS2K,PNP0f03:PS2M] at 0x60,0x64 irq 1,12
[    5.770425] serio: i8042 KBD port at 0x60,0x64 irq 1
[    5.772077] serio: i8042 AUX port at 0x60,0x64 irq 12
[    5.773879] mousedev: PS/2 mouse device common for all mice
[    5.776416] input: AT Translated Set 2 keyboard as /devices/platform/i8042/serio0/input/input2
[    5.779385] rtc_cmos rtc_cmos: rtc core: registered rtc_cmos as rtc0
[    5.799447] rtc_cmos rtc_cmos: alarms up to one day, 114 bytes nvram
[    5.801382] i2c /dev entries driver
[    5.802760] device-mapper: uevent: version 1.0.3
[    6.098470] device-mapper: ioctl: 4.34.0-ioctl (2015-10-28) initialised: dm-devel@redhat.com
[    6.119286] ledtrig-cpu: registered to indicate activity on CPUs
[    6.121957] NET: Registered protocol family 10
[    6.139092] NET: Registered protocol family 17
[    6.140656] Key type dns_resolver registered
[    6.142522] registered taskstats version 1
[    6.168777] Loading compiled-in X.509 certificates
[    6.219776] Loaded X.509 cert 'Build time autogenerated kernel key: 3e01e6df98386236d59670e6b2ed19a044d5324e'
[    6.223169] zswap: loaded using pool lzo/zbud
[    6.237994] Key type trusted registered
[    6.265796] Key type encrypted registered
[    6.267263] AppArmor: AppArmor sha1 policy hashing enabled
[    6.269171] ima: No TPM chip found, activating TPM-bypass!
[    6.288388] ima: Allocated hash algorithm: sha1
[    6.290083] evm: HMAC attrs: 0x1
[    6.291846]   Magic number: 15:51:644
[    6.293379] rtc_cmos rtc_cmos: setting system clock to 2019-08-22 17:36:46 UTC (1566495406)
[    6.296510] BIOS EDD facility v0.16 2004-Jun-25, 0 devices found
[    6.308466] EDD information not available.
[    6.315710] Freeing unused kernel memory: 1484K
[    6.330987] Write protecting the kernel read-only data: 14336k
[    6.346765] Freeing unused kernel memory: 1612K
[    6.358732] Freeing unused kernel memory: 64K
Loading, please wait...
starting version 229
[    6.551742] random: systemd-udevd: uninitialized urandom read (16 bytes read, 2 bits of entropy available)
[    6.558617] random: systemd-udevd: uninitialized urandom read (16 bytes read, 2 bits of entropy available)
[    6.561858] random: udevadm: uninitialized urandom read (16 bytes read, 2 bits of entropy available)
[    6.562041] random: udevadm: uninitialized urandom read (16 bytes read, 2 bits of entropy available)
[    6.573239] random: systemd-udevd: uninitialized urandom read (16 bytes read, 2 bits of entropy available)
[    6.578302] random: systemd-udevd: uninitialized urandom read (16 bytes read, 2 bits of entropy available)
[    6.612120] random: systemd-udevd: uninitialized urandom read (16 bytes read, 2 bits of entropy available)
[    6.617026] random: systemd-udevd: uninitialized urandom read (16 bytes read, 2 bits of entropy available)
[    6.621925] random: systemd-udevd: uninitialized urandom read (16 bytes read, 2 bits of entropy available)
[    6.635266] random: systemd-udevd: uninitialized urandom read (16 bytes read, 2 bits of entropy available)
[    7.013752] e1000: Intel(R) PRO/1000 Network Driver - version 7.3.21-k8-NAPI
[    7.056353] e1000: Copyright (c) 1999-2006 Intel Corporation.
[    7.070617] Fusion MPT base driver 3.04.20
[    7.072976] Copyright (c) 1999-2008 LSI Corporation
[    7.091511] Fusion MPT SPI Host driver 3.04.20
[    7.277056] input: ImExPS/2 Generic Explorer Mouse as /devices/platform/i8042/serio1/input/input4
[    7.552729] e1000 0000:00:03.0 eth0: (PCI:33MHz:32-bit) 02:46:62:72:a1:53
[    7.574036] e1000 0000:00:03.0 eth0: Intel(R) PRO/1000 Network Connection
[    7.594657] mptbase: ioc0: Initiating bringup
[    7.631734] e1000 0000:00:03.0 enp0s3: renamed from eth0
[    7.707727] ioc0: LSI53C1030 A0: Capabilities={Initiator}
[    8.148940] scsi host2: ioc0: LSI53C1030 A0, FwRev=00000000h, Ports=1, MaxQ=256, IRQ=20
[    9.178239] scsi 2:0:0:0: Direct-Access     VBOX     HARDDISK         1.0  PQ: 0 ANSI: 5
[    9.209761] scsi target2:0:0: Beginning Domain Validation
[    9.270374] scsi target2:0:0: Domain Validation skipping write tests
[    9.289137] scsi target2:0:0: Ending Domain Validation
[    9.290987] scsi target2:0:0: asynchronous
[    9.293056] scsi 2:0:1:0: Direct-Access     VBOX     HARDDISK         1.0  PQ: 0 ANSI: 5
[    9.295801] scsi target2:0:1: Beginning Domain Validation
[    9.299142] scsi target2:0:1: Domain Validation skipping write tests
[    9.301038] scsi target2:0:1: Ending Domain Validation
[    9.302751] scsi target2:0:1: asynchronous
[    9.312394] sd 2:0:0:0: [sda] 20971520 512-byte logical blocks: (10.7 GB/10.0 GiB)
[    9.315257] sd 2:0:0:0: Attached scsi generic sg0 type 0
[    9.319378] sd 2:0:0:0: [sda] Write Protect is off
[    9.338711] sd 2:0:0:0: [sda] Incomplete mode parameter data
[    9.340062] sd 2:0:1:0: [sdb] 20480 512-byte logical blocks: (10.5 MB/10.0 MiB)
[    9.340254] sd 2:0:1:0: [sdb] Write Protect is off
[    9.340364] sd 2:0:1:0: [sdb] Incomplete mode parameter data
[    9.340365] sd 2:0:1:0: [sdb] Assuming drive cache: write through
[    9.344412] sd 2:0:1:0: Attached scsi generic sg1 type 0
[    9.365655] sd 2:0:1:0: [sdb] Attached SCSI disk
[    9.390032] sd 2:0:0:0: [sda] Assuming drive cache: write through
[    9.401893]  sda: sda1
[    9.408930] sd 2:0:0:0: [sda] Attached SCSI disk
Begin: Loading essential drivers ... [   11.809713] md: linear personality registered for level -1
[   11.833278] md: multipath personality registered for level -4
[   11.859025] md: raid0 personality registered for level 0
[   11.889451] md: raid1 personality registered for level 1
[   11.991112] raid6: sse2x1   gen()  4125 MB/s
[   12.077496] raid6: sse2x1   xor()  4753 MB/s
[   12.237372] raid6: sse2x2   gen()  5831 MB/s
[   12.317341] raid6: sse2x2   xor()  6351 MB/s
[   12.397345] raid6: sse2x4   gen()  9078 MB/s
[   12.477329] raid6: sse2x4   xor()  7132 MB/s
[   12.478843] raid6: using algorithm sse2x4 gen() 9078 MB/s
[   12.480646] raid6: .... xor() 7132 MB/s, rmw enabled
[   12.482276] raid6: using ssse3x2 recovery algorithm
[   12.486005] xor: measuring software checksum speed
[   12.581221]    prefetch64-sse: 35271.000 MB/sec
[   12.667339]    generic_sse: 25237.000 MB/sec
[   12.668958] xor: using function: prefetch64-sse (35271.000 MB/sec)
[   12.675320] async_tx: api initialized (async)
[   12.709489] md: raid6 personality registered for level 6
[   12.712811] md: raid5 personality registered for level 5
[   12.716169] md: raid4 personality registered for level 4
[   12.780719] md: raid10 personality registered for level 10
done.
Begin: Running /scripts/init-premount ... done.
Begin: Mounting root file system ... Begin: Running /scripts/local-top ... done.
Begin: Running /scripts/local-premount ... [   12.946700] Btrfs loaded
Scanning for Btrfs filesystems
done.
Warning: fsck not present, so skipping root file system
[   13.233214] EXT4-fs (sda1): mounted filesystem with ordered data mode. Opts: (null)
done.
Begin: Running /scripts/local-bottom ... done.
Begin: Running /scripts/init-bottom ... done.
[   14.096050] systemd[1]: systemd 229 running in system mode. (+PAM +AUDIT +SELINUX +IMA +APPARMOR +SMACK +SYSVINIT +UTMP +LIBCRYPTSETUP +GCRYPT +GNUTLS +ACL +XZ -LZ4 +SECCOMP +BLKID +ELFUTILS +KMOD -IDN)
[   14.102753] systemd[1]: Detected virtualization oracle.
[   14.104484] systemd[1]: Detected architecture x86-64.

Welcome to [1mUbuntu 16.04.6 LTS[0m!

[   14.137446] systemd[1]: Set hostname to <ubuntu>.
[   14.158927] systemd[1]: Initializing machine ID from random generator.
[   14.161040] systemd[1]: Installed transient /etc/machine-id file.
[   14.295688] random: nonblocking pool is initialized
[   15.267396] systemd[1]: Listening on Device-mapper event daemon FIFOs.
[[0;32m  OK  [0m] Listening on Device-mapper event daemon FIFOs.
[   15.295481] systemd[1]: Listening on LVM2 metadata daemon socket.
[[0;32m  OK  [0m] Listening on LVM2 metadata daemon socket.
[   15.301162] systemd[1]: Reached target Encrypted Volumes.
[[0;32m  OK  [0m] Reached target Encrypted Volumes.
[   15.305737] systemd[1]: Started Trigger resolvconf update for networkd DNS.
[[0;32m  OK  [0m] Started Trigger resolvconf update for networkd DNS.
[   15.402705] systemd[1]: Reached target Swap.
[[0;32m  OK  [0m] Reached target Swap.
[   15.424852] systemd[1]: Listening on udev Kernel Socket.
[[0;32m  OK  [0m] Listening on udev Kernel Socket.
[   15.451275] systemd[1]: Listening on LVM2 poll daemon socket.
[[0;32m  OK  [0m] Listening on LVM2 poll daemon socket.
[   15.474056] systemd[1]: Started Forward Password Requests to Wall Directory Watch.
[[0;32m  OK  [0m] Started Forward Password Requests to Wall Directory Watch.
[   15.502402] systemd[1]: Listening on /dev/initctl Compatibility Named Pipe.
[[0;32m  OK  [0m] Listening on /dev/initctl Compatibility Named Pipe.
[   15.559456] systemd[1]: Listening on Journal Audit Socket.
[[0;32m  OK  [0m] Listening on Journal Audit Socket.
[   15.616025] systemd[1]: Set up automount Arbitrary Executable File Formats File System Automount Point.
[[0;32m  OK  [0m] Set up automount Arbitrary Executab...ats File System Automount Point.
[   15.699449] systemd[1]: Listening on udev Control Socket.
[[0;32m  OK  [0m] Listening on udev Control Socket.
[   15.755399] systemd[1]: Listening on Journal Socket (/dev/log).
[[0;32m  OK  [0m] Listening on Journal Socket (/dev/log).
[   15.797392] systemd[1]: Listening on Syslog Socket.
[[0;32m  OK  [0m] Listening on Syslog Socket.
[   15.838978] systemd[1]: Reached target User and Group Name Lookups.
[[0;32m  OK  [0m] Reached target User and Group Name Lookups.
[   15.881088] systemd[1]: Listening on Journal Socket.
[[0;32m  OK  [0m] Listening on Journal Socket.
[   15.940284] systemd[1]: Created slice System Slice.
[[0;32m  OK  [0m] Created slice System Slice.
[   15.999462] systemd[1]: Mounting Debug File System...
         Mounting Debug File System...
[   16.017619] systemd[1]: Starting Remount Root and Kernel File Systems...
         Starting Remount Root and Kernel File Systems...
[   16.080941] EXT4-fs (sda1): re-mounted. Opts: (null)
[   16.091571] systemd[1]: Created slice system-serial\x2dgetty.slice.
[[0;32m  OK  [0m] Created slice system-serial\x2dgetty.slice.
[   16.123942] systemd[1]: Starting Nameserver information manager...
         Starting Nameserver information manager...
[   16.149291] systemd[1]: Starting Journal Service...
         Starting Journal Service...
[   16.161907] systemd[1]: Mounting POSIX Message Queue File System...
         Mounting POSIX Message Queue File System...
[   16.190508] systemd[1]: Mounting Huge Pages File System...
         Mounting Huge Pages File System...
[   16.225182] systemd[1]: Starting Create list of required static device nodes for the current kernel...
         Starting Create list of required st... nodes for the current kernel...
[   16.275996] systemd[1]: Starting Set console keymap...
         Starting Set console keymap...
[   16.313227] systemd[1]: Starting Uncomplicated firewall...
         Starting Uncomplicated firewall...
[   16.419793] systemd[1]: Starting Load Kernel Modules...
         Starting Load Kernel Modules...
[   16.510358] systemd[1]: Starting Monitoring of LVM2 mirrors, snapshots etc. using dmeventd or progress polling...
         Starting Monitoring of LVM2 mirrors... dmeventd or progress polling...
[   16.540369] systemd[1]: Created slice User and Session Slice.
[[0;32m  OK  [0m] Created slic[   16.554798] Loading iSCSI transport class v2.0-870.
e User and Session Slice.
[   16.592115] systemd[1]: Reached target Slices.
[[0;32m  OK  [0m] Reached target Slices.
[   16.605253] systemd[1]: Reached target System Time Synchronized.
[[0;32m  OK  [0m] Reached target System Time Synchronized.
[   16.644885] iscsi: registered transport (tcp)
[   16.669033] systemd[1]: Mounted Debug File System.
[[0;32m  OK  [0m] Mounted Debug File System.
[   16.691563] systemd[1]: Mounted POSIX Message Queue File System.
[[0;32m  OK  [0m] Mounted POSIX Message Queue File System.
[   16.700341] systemd[1]: Mounted Huge Pages File System.
[[0;32m  OK  [0m] Mounted Huge Pages File System.
[   16.707700] systemd[1]: Started Journal Service.
[[0;32m  OK  [0m] Started Journal Service.
[[0;32m  OK  [0m] Started Remount Root and Kernel File Systems.
[[0;32m  OK  [0m] Started Create list of required sta...ce nodes for the current kernel.
[[0;32m  OK  [[   16.801554] iscsi: registered transport (iser)
0m] Started Set console keymap.
[[0;32m  OK  [0m] Started Uncomplicated firewall.
[[0;32m  OK  [0m] Started Load Kernel Modules.
[[0;32m  OK  [0m] Started Nameserver information manager.
[[0;32m  OK  [0m] Started LVM2 metadata daemon.
         Mounting FUSE Control File System...
         Starting Apply Kernel Variables...
         Starting Create Static Device Nodes in /dev...
         Starting udev Coldplug all Devices...
         Starting Load/Save Random Seed...
         Starting Flush Journal to Persistent Storage...
[[0;32m  OK  [0m] Mounted FUSE Control File System.
[[0;32m  OK  [0m] Started Apply Kernel Variables.
[[0;32m  OK  [0m] Started Load/Save Random Seed.
[[0;32m  OK  [0m] Started Monitoring of LVM2 mirrors,...ng dmeventd or progress polling.
[[0;32m  OK  [0m] Started Flush Journal to Persistent Storage.
[[0;32m  OK  [0m] Started Create Static Device Nodes in /dev.
         Starting udev Kernel Device Manager...
[[0;32m  OK  [0m] Reached target Local File Systems (Pre).
[[0;32m  OK  [0m] Reached target Local File Systems.
         Starting Set console font and keymap...
         Starting Tell Plymouth To Write Out Runtime Data...
         Starting Commit a transient machine-id on disk...
         Starting LSB: AppArmor initialization...
         Starting Initial cloud-init job (pre-networking)...
         Starting Create Volatile Files and Directories...
[[0;32m  OK  [0m] Started Tell Plymouth To Write Out Runtime Data.
[[0;32m  OK  [0m] Started Commit a transient machine-id on disk.
[[0;32m  OK  [0m] Started udev Kernel Device Manager.
[[0;32m  OK  [0m] Started udev Coldplug all Devices.
[[0;32m  OK  [0m] Started Dispatch Password Requests to Console Directory Watch.
[[0;32m  OK  [0m] Started Create Volatile Files and Directories.
         Starting Update UTMP about System Boot/Shutdown...
[[0;32m  OK  [0m] Started Update UTMP about System Boot/Shutdown.
[[0;32m  OK  [0m] Found device /dev/ttyS0.
[[0;32m  OK  [0m] Listening on Load/Save RF Kill Switch Status /dev/rfkill Watch.
[[0;32m  OK  [0m] Started LSB: AppArmor initialization.
[[0;32m  OK  [0m] Started Set console font and keymap.
[[0;32m  OK  [0m] Created slice system-getty.slice.
[   21.519379] cloud-init[467]: Cloud-init v. 19.1-1-gbaa47854-0ubuntu1~16.04.1 running 'init-local' at Thu, 22 Aug 2019 17:37:04 +0000. Up 19.88 seconds.
[[0;32m  OK  [0m] Started Initial cloud-init job (pre-networking).
[[0;32m  OK  [0m] Reached target Network (Pre).
         Starting Raise network interfaces...
[[0;32m  OK  [0m] Started Raise network interfaces.
         Starting Initial cloud-init job (metadata service crawler)...
[[0;32m  OK  [0m] Reached target Network.
[   27.124862] cloud-init[945]: Cloud-init v. 19.1-1-gbaa47854-0ubuntu1~16.04.1 running 'init' at Thu, 22 Aug 2019 17:37:08 +0000. Up 24.36 seconds.
[   27.139457] cloud-init[945]: ci-info: ++++++++++++++++++++++++++++++++++++++Net device info++++++++++++++++++++++++++++++++++++++
[   27.326939] cloud-init[945]: ci-info: +--------+------+----------------------------+---------------+--------+-------------------+
[[0;32m  OK  [0m] Started Initial cloud-init job (metadata service crawler).
[   27.328867] cloud-init[945]: ci-info: | Device |  Up  |          Address           |      Mask     | Scope  |     Hw-Address    |
[   27.349989] [cloud-init[0;32m  OK  [0m[945]: ] ci-info: +--------+------+----------------------------+---------------+--------+-------------------+Reached target System Initialization.

[   27.350726] cloud-init[945]: ci-info: | enp0s3 | True |         10.0.2.15          | 255.255.255.0 | global | 02:46:62:72:a1:53 |
[   27.379469] cloud-init[[945]: [0;32m  OK  [0mci-info: | enp0s3 | True | fe80::46:62ff:fe72:a153/64 |       .       |  link  | 02:46:62:72:a1:53 |] 
Started Daily apt download activities.
[   27.380161] [cloud-init[0;32m  OK  [0m[945]: ] ci-info: |   lo   | True |         127.0.0.1          |   255.0.0.0   |  host  |         .         |Started Daily Cleanup of Temporary Directories.

[   27.400848] [[0;32m  OK  [0m] Listening on UUID daemon activation socket.
[[0;32m  OK  [0m] Listening on D-Bus System Message Bus Socket.
cloud-init[945]: ci-info: |   lo   | True |          ::1/128           |       .       |  host  |         .         |
[   27.440374] cloud-init[945]: ci-info: +--------+------+----------------------------+---------------+--------+-------------------+
[   27.443341] cloud-init[945]: ci-info: +++++++++++++++++++++++++++Route IPv4 info++++++++++++++++++++++++++++
[   27.446336] [cloud-init[0;32m  OK  [0m[945]: ] ci-info: +-------+-------------+----------+---------------+-----------+-------+Started ACPI Events Check.

[   27.447217] [cloud-init[0;32m  OK  [0m[945]: ] ci-info: | Route | Destination | Gateway  |    Genmask    | Interface | Flags |Reached target Paths.

[   27.466553] cloud-init[945]: ci-info: +-------+-------------+----------+---------------+-----------+-------+
[   27.504982] cloud-init[945]: ci-info: |   0   |   0.0.0.0   | 10.0.2.2 |    0.0.0.0    |   enp0s3  |   UG  |
[   27.530078] cloud-init[945]: ci-info: |   1   |   10.0.2.0  | 0.0.0.0  | 255.255.255.0 |   enp0s3  |   U   |
[   27.543303] cloud-init[945]: ci-info: +-------+-------------+----------+---------------+-----------+-------+
[   27.549220] cloud-init[945]: ci-info: +++++++++++++++++++Route IPv6 info+++++++++++++++++++
[   27.560080] cloud-init[945]: ci-info: +-------+-------------+---------+-----------+-------+
         Starting LXD - unix socket.
[[0;32m  OK  [0m] Listening on ACPID Listen Socket.
[   27.576153] cloud-init[945]: ci-info: | Route | Destination | Gateway | Interface | Flags |
[   27.585671] cloud-init[945]: ci-info: +-------+-------------+---------+-----------+-------+
[   27.589956] cloud-init[945]: ci-info: |   0   |  fe80::/64  |    ::   |   enp0s3  |   U   |
[[0;32m  OK  [0m] Started Daily apt upgrade and clean activities.
[   27.599649] cloud-init[945]: ci-info: |   4   |   ff00::/8  |    ::   |   enp0s3  |   U   |
[   27.612441] cloud-init[945]: ci-info: +-------+-------------+---------+-----------+-------+
[   27.613956] cloud-init[945]: Generating public/private rsa key pair.
[   27.614360] cloud-init[945]: Your identification has been saved in /etc/ssh/ssh_host_rsa_key.
[   27.614714] cloud-init[945]: Your public key has been saved in /etc/ssh/ssh_host_rsa_key.pub.
[   27.615069] cloud-init[945]: The key fingerprint is:
[   27.615355] cloud-init[945]: SHA256:7oxhxMIdRDwO3R/smYnje+gcellQgIke0cj6t7AhH7c root@ubuntu-xenial
[   27.615605] cloud-init[945]: The key's randomart image is:
[   27.615841] cloud-init[945]: +---[RSA 2048]----+
[   27.616096] cloud-init[945]: |   ..Oo+.o       |
[   27.616356] cloud-init[945]: |    *.B . +      |
[   27.616617] cloud-init[945]: |   o +.. = =     |
[   27.616901] cloud-init[945]: |  ...o..+ *      |
[   27.617144] cloud-init[945]: |   .o +.So       |
[   27.617384] cloud-init[945]: |  . =oo.. .      |
[   27.617630] cloud-init[945]: |   o Booo=       |
[   27.617888] cloud-init[945]: |    o.EB=..      |
[   27.618123] cloud-init[945]: |      oo=.       |
[   27.618384] cloud-init[945]: +----[SHA256]-----+
[   27.618621] cloud-init[945]: Generating public/private dsa key pair.
[   27.618900] cloud-init[945]: Your identification has been saved in /etc/ssh/ssh_host_dsa_key.
[   27.619144] cloud-init[945]: Your public key has been saved in /etc/ssh/ssh_host_dsa_key.pub.
[   27.619380] cloud-init[945]: The key fingerprint is:
[   27.619618] cloud-init[945]: SHA256:MQmzxkFMMI8iRpKIMijBP6alJWhY58ueYsQXzQN27zA root@ubuntu-xenial
[   27.619861] cloud-init[945]: The key's randomart image is:
[   27.620095] cloud-init[945]: +---[DSA 1024]----+
[   27.620342] cloud-init[945]: |B+  o=*          |
         Starting Socket activation for snappy daemon.
[[0;32m  OK  [0m] Reached target Timers.
[[0;32m  OK  [0m] Reached target Network is Online.
[   27.620662] cloud-init[945]: |@.. +=o= .       |
[   27.915944] cloud-init[945]: |*+o+.==.+        |
[   27.917913] cloud-init[945]: |++ Bo.E .o       |
[   27.919820] cloud-init[945]: |..B..o =S        |
[   27.923555] cloud-init[945]: | oo +   .        |
[   27.925494] cloud-init[945]: | . o .           |
[   27.927378] cloud-init[945]: |  o o            |
[   27.929268] cloud-init[945]: | . .             |
[   27.932547] cloud-init[945]: +----[SHA256]-----+
[   27.935482]          Starting iSCSI initiator daemon (iscsid)...
[[0;32m  OK  [0m] Reached target Cloud-config availability.
cloud-init[945]: Generating public/private ecdsa key pair.
[   27.946995] [cloud-init[0;32m  OK  [0m[945]: ] Your identification has been saved in /etc/ssh/ssh_host_ecdsa_key.Listening on LXD - unix socket.

[   27.947690] [cloud-init[0;32m  OK  [0m[945]: ] Your public key has been saved in /etc/ssh/ssh_host_ecdsa_key.pub.Listening on Socket activation for snappy daemon.

[   27.962300] cloud-init[945]: The key fingerprint is:
[   27.993647] [[0;32m  OK  [0m] Reached target Sockets.
[[0;32m  OK  [0m] Reached target Basic System.
cloud-init[945]: SHA256:7wplu94ugiCFZPljo5etBJJQOwX2QiILIBq6iBJqTpE root@ubuntu-xenial
[   28.012439] cloud-init[945]: The key's randomart image is:
[   28.015294] cloud-init[945]: +---[ECDSA 256]---+
[   28.016986] cloud-init[945]: |O.*..            |
[   28.019714] cloud-init[945]: |BX.+             |
[   28.022491] cloud-init[945]: |OE= .            |
[   28.031046] cloud-init[945]: |B+oB             |
         Starting Login Service...
[   28.031698] cloud-init[945]: |B++ =   S        |
[   28.092609] cloud-init[945]: |*..+ . o o       |
[[0;32m  OK  [0m] Started Deferred execution scheduler.
[   28.093267] cloud-init[945]: | oo.... . .      |
[   28.124049] cloud-init[945]: |   .. ...+       |
[   28.131666] cloud-init[945]: |       o+++      |
[   28.135619] cloud-init[945]: +----[SHA256]-----+
[   28.148621] cloud-init[945]: Generating public/private ed25519 key pair.
         Starting Virtualbox guest utils...
[   28.149304] cloud-init[945]: Your identification has been saved in /etc/ssh/ssh_host_ed25519_key.
[   28.173483] cloud-init[945]: Your public key has been saved in /etc/ssh/ssh_host_ed25519_key.pub.
[   28.193410] cloud-init[945]: The key fingerprint is:
[   28.200446] cloud-init[945]: SHA256:2is9LaYBwErFxTyCw2FIXn3C3+1QXNRC8QEvd7K/SoA root@ubuntu-xenial
[   28.216855] cloud-init[945]: The key's randomart image is:
[   28.254975] cloud-init[945]: +--[ED25519 256]--+
[[0;32m  OK  [0m] Started Regular background program processing daemon.
[   28.302218] cloud-init[945]: |+++o*.    . +*+. |
[   28.310597] cloud-init[945]: |+=oo B .   o .o..|
[   28.320184] cloud-init[945]: | o+ . = . o  .o+.|
[   28.332644] cloud-init[945]: |.. .   . o..  oo.|
         Starting Accounts Service...
[   28.341476] cloud-init[945]: |.   .   SEo.  .  |
[   28.360492] cloud-init[945]: |     . o   ..  . |
[[0;32m  OK  [0m] Started D-Bus System Message Bus.
[   28.366273] cloud-init[945]: |      o...   .  .|
[   28.397266] cloud-init[945]: |      ..=.. .   .|
[   28.406240] cloud-init[945]: |      .+.o   ... |
[   28.407845] cloud-init[945]: +----[SHA256]-----+
         Starting System Logging Service...
         Starting LXD - container startup/shutdown...
[[0;32m  OK  [0m] Started ACPI event daemon.
[[0;32m  OK  [0m] Started FUSE filesystem for LXC.
         Starting /etc/rc.local Compatibility...
         Starting Snappy daemon...
         Starting LSB: MD monitoring daemon...
         Starting Pollinate to seed the pseudo random number generator...
         Starting LSB: Record successful boot for GRUB...
[[0;32m  OK  [0m] Started System Logging Service.
[[0;32m  OK  [0m] Started /etc/rc.local Compatibility.
[[0;32m  OK  [0m] Started iSCSI initiator daemon (iscsid).
[[0;32m  OK  [0m] Started Login Service.
[[0;32m  OK  [0m] Started Unattended Upgrades Shutdown.
         Starting Authenticate and Authorize Users to Run Privileged Tasks...
         Starting Login to default iSCSI targets...
[[0;32m  OK  [0m] Started LSB: Record successful boot for GRUB.
[[0;32m  OK  [0m] Started LSB: MD monitoring daemon.
[[0;32m  OK  [0m] Started Authenticate and Authorize Users to Run Privileged Tasks.
[[0;32m  OK  [0m] Started Accounts Service.
[[0;32m  OK  [0m] Started Login to default iSCSI targets.
[[0;32m  OK  [0m] Reached target Remote File Systems (Pre).
[[0;32m  OK  [0m] Reached target Remote File Systems.
         Starting LSB: automatic crash report generation...
         Starting LSB: daemon to balance interrupts for SMP systems...
         Starting Permit User Sessions...
         Starting LSB: Set the CPU Frequency Scaling governor to "ondemand"...
[[0;32m  OK  [0m] Started LXD - container startup/shutdown.
[[0;32m  OK  [0m] Started Permit User Sessions.
         Starting Terminate Plymouth Boot Screen...
         Starting Hold until boot process finishes up...
[[0;32m  OK  [0m] Started Terminate Plymouth Boot Screen.
[[0;32m  OK  [0m] Started Hold until boot process finishes up.
[[0;32m  OK  [0m] Started Serial Getty on ttyS0.
[[0;32m  OK  [0m] Started Getty on tty1.
[[0;32m  OK  [0m] Reached target Login Prompts.
         Starting Set console scheme...
[[0;32m  OK  [0m] Started Virtualbox guest utils.
[[0;32m  OK  [0m] Started LSB: Set the CPU Frequency Scaling governor to "ondemand".
[[0;32m  OK  [0m] Started Set console scheme.
[[0;32m  OK  [0m] Started LSB: daemon to balance interrupts for SMP systems.
[[0;32m  OK  [0m] Started LSB: automatic crash report generation.
[[0;32m  OK  [0m] Started Snappy daemon.
         Starting Wait until snapd is fully seeded...
[[0;32m  OK  [0m] Started Pollinate to seed the pseudo random number generator.
         Starting OpenBSD Secure Shell server...
[[0;32m  OK  [0m] Started OpenBSD Secure Shell server.
[[0;32m  OK  [0m] Created slice User Slice of vagrant.
         Starting User Manager for UID 1000...
[[0;32m  OK  [0m] Started Session 1 of user vagrant.
[[0;32m  OK  [0m] Started User Manager for UID 1000.
[[0;32m  OK  [0m] Started Wait until snapd is fully seeded.
         Starting Apply the settings specified in cloud-config...
[[0;32m  OK  [0m] Reached target Multi-User System.
[[0;32m  OK  [0m] Reached target Graphical Interface.
         Starting Update UTMP about System Runlevel Changes...
[[0;32m  OK  [0m] Started Update UTMP about System Runlevel Changes.

Ubuntu 16.04.6 LTS ubuntu-xenial ttyS0

ubuntu-xenial login: [   39.224682] cloud-init[1380]: Generating locales (this might take a while)...
[   42.624835] cloud-init[1380]:   en_US.UTF-8... done
[   42.627689] cloud-init[1380]: Generation complete.
[   44.448617] cloud-init[1380]: Cloud-init v. 19.1-1-gbaa47854-0ubuntu1~16.04.1 running 'modules:config' at Thu, 22 Aug 2019 17:37:22 +0000. Up 38.24 seconds.
ci-info: no authorized ssh keys fingerprints found for user ubuntu.
<14>Aug 22 17:37:30 ec2: 
<14>Aug 22 17:37:30 ec2: #############################################################
<14>Aug 22 17:37:30 ec2: -----BEGIN SSH HOST KEY FINGERPRINTS-----
<14>Aug 22 17:37:30 ec2: 1024 SHA256:MQmzxkFMMI8iRpKIMijBP6alJWhY58ueYsQXzQN27zA root@ubuntu-xenial (DSA)
<14>Aug 22 17:37:30 ec2: 256 SHA256:7wplu94ugiCFZPljo5etBJJQOwX2QiILIBq6iBJqTpE root@ubuntu-xenial (ECDSA)
<14>Aug 22 17:37:30 ec2: 256 SHA256:2is9LaYBwErFxTyCw2FIXn3C3+1QXNRC8QEvd7K/SoA root@ubuntu-xenial (ED25519)
<14>Aug 22 17:37:30 ec2: 2048 SHA256:7oxhxMIdRDwO3R/smYnje+gcellQgIke0cj6t7AhH7c root@ubuntu-xenial (RSA)
<14>Aug 22 17:37:30 ec2: -----END SSH HOST KEY FINGERPRINTS-----
<14>Aug 22 17:37:30 ec2: #############################################################
-----BEGIN SSH HOST KEY KEYS-----
ecdsa-sha2-nistp256 AAAAE2VjZHNhLXNoYTItbmlzdHAyNTYAAAAIbmlzdHAyNTYAAABBBNLfpyB8C0qnTn3d4LdnQ8DjKhGjiG4KezsHuNEr2ukQui63mzEh1dTHOU7xUTMzBECgksPIzEFZ/z8T/fRuDI4= root@ubuntu-xenial
ssh-ed25519 AAAAC3NzaC1lZDI1NTE5AAAAIJmONJb74mUub7WlO5ciN5pQCevPWUnm4gcWoCMilwp9 root@ubuntu-xenial
ssh-rsa AAAAB3NzaC1yc2EAAAADAQABAAABAQDXYcDpQq8R+kdziH3Fwjyve3mBOMcRCEL4cuhKnCYcdOBY0z2jLlvAgGBO9SDgjRmNl9qvyv72BuILneJQxw0worvMVu92uVSg+Ub2kDMYSAI8s5NgOsQpC5Uxya1yS5NJxnxeIfC/0B6zoR5NusH9tbenVYJNdDaf3q+r2249Sst0rbWqeKKgt0Ag2YSdT38bW9k/d+vnxDZP2mg1eG+xjniBMoM/sYzihRLNPrkYKoPsRh1hndFPbjylXAE6d9a/q4BglsMSYDtlwz1BX5MK7DXjfi5HI7PGDI8Zzcpb+6Mov98hfFqJr2kDxIIgxVuigzYkWxqrVmzM22F4saNF root@ubuntu-xenial
-----END SSH HOST KEY KEYS-----
[   46.809596] cloud-init[1560]: Cloud-init v. 19.1-1-gbaa47854-0ubuntu1~16.04.1 running 'modules:final' at Thu, 22 Aug 2019 17:37:30 +0000. Up 45.81 seconds.
[   46.810556] cloud-init[1560]: ci-info: no authorized ssh keys fingerprints found for user ubuntu.
[   46.811503] cloud-init[1560]: Cloud-init v. 19.1-1-gbaa47854-0ubuntu1~16.04.1 finished at Thu, 22 Aug 2019 17:37:31 +0000. Datasource DataSourceNoCloud [seed=/dev/sdb][dsmode=net].  Up 46.76 seconds
