[    0.000000] Initializing cgroup subsys cpuset
[    0.000000] Initializing cgroup subsys cpu
[    0.000000] Initializing cgroup subsys cpuacct
[    0.000000] Linux version 4.4.0-157-generic (buildd@lgw01-amd64-037) (gcc version 5.4.0 20160609 (Ubuntu 5.4.0-6ubuntu1~16.04.10) ) #185-Ubuntu SMP Tue Jul 23 09:17:01 UTC 2019 (Ubuntu 4.4.0-157.185-generic 4.4.181)
[    0.000000] Command line: BOOT_IMAGE=/boot/vmlinuz-4.4.0-157-generic root=LABEL=cloudimg-rootfs ro console=tty1 console=ttyS0
[    0.000000] KERNEL supported cpus:
[    0.000000]   Intel GenuineIntel
[    0.000000]   AMD AuthenticAMD
[    0.000000]   Centaur CentaurHauls
[    0.000000] x86/fpu: Legacy x87 FPU detected.
[    0.000000] e820: BIOS-provided physical RAM map:
[    0.000000] BIOS-e820: [mem 0x0000000000000000-0x000000000009fbff] usable
[    0.000000] BIOS-e820: [mem 0x000000000009fc00-0x000000000009ffff] reservd
[  0.00000] BOS-e820: [mem 0x00000000000f0000-0x00000000000fffff] reserved
[    0.000000] BIOS-e820: [mem 0x0000000000100000-0x000000003ffeffff] usable
[    0.000000] BIOS-e820: [mem 0x000000003fff0000-0x000000003fffffff] ACPI data
[    0.000000] BIOS-e820: [mem 0x00000000fec00000-0x00000000fec00fff] reserved
[    0.000000] BIOS-e820: [mem 0x00000000fee00000-0x00000000fee00fff] reserved
[    0.000000] BIOS-e820: [mem 0x00000000fffc0000-0x00000000ffffffff] reserved
[    0.000000] NX (Execute Disable) protection: active
[    0.000000] SMBIOS 2.5 present.
[    0.000000] Hypervisor detected: KVM
[    0.000000] e820: last_pfn = 0x3fff0 max_arch_pfn = 0x400000000
[    0.000000] MTRR: Disabled
[    0.000000] x86/PAT: MTRRs disabled, skipping PAT initialization too.
[    0.000000] CPU MTRRs all blank - virtualized system.
[    0.000000] x86/PAT: Configuration [0-7]: WB  WT  UC- UC  WB  WT  UC- UC  
[    0.000000] found SMP MP-table at [mem 0x0009fff0-0x0009ffff] mapped at [ffff88000009fff0]
[    0.000000] Scanning 1 areas for low memory corruption
[    0.000000] RAMDISK: [mem 0x362fa000-0x37174fff]
[    0.000000] ACPI: Early table checksum verification disabled
[    0.000000] ACPI: RSDP 0x00000000000E0000 000024 (v02 VBOX  )
[    0.000000] ACPI: XSDT 0x000000003FFF0030 00003C (v01 VBOX   VBOXXSDT 00000001 ASL  00000061)
[    0.000000] ACPI: FACP 0x000000003FFF00F0 0000F4 (v04 VBOX   VBOXFACP 00000001 ASL  00000061)
[    0.000000] ACPI: DSDT 0x000000003FFF0470 0021FF (v02 VBOX   VBOXBIOS 00000002 INTL 20180105)
[    0.000000] ACPI: FACS 0x000000003FFF0200 000040
[    0.000000] ACPI: FACS 0x000000003FFF0200 000040
[    0.000000] ACPI: APIC 0x000000003FFF0240 00005C (v02 VBOX   VBOXAPIC 00000001 ASL  00000061)
[    0.000000] ACPI: SSDT 0x000000003FFF02A0 0001CC (v01 VBOX   VBOXCPUT 00000002 INTL 20180105)
[    0.000000] No NUMA configuration found
[    0.000000] Faking a node at [mem 0x0000000000000000-0x000000003ffeffff]
[    0.000000] NODE_DATA(0) allocated [mem 0x3ffeb000-0x3ffeffff]
[    0.000000] kvm-clock: Using msrs 4b564d01 and 4b564d00
[    0.000000] kvm-clock: cpu 0, msr 0:3ffe3001, primary cpu clock
[    0.000000] kvm-clock: using sched offset of 5782832900 cycles
[    0.000000] clocksource: kvm-clock: mask: 0xffffffffffffffff max_cycles: 0x1cd42e4dffb, max_idle_ns: 881590591483 ns
[    0.000000] Zone ranges:
[    0.000000]   DMA      [mem 0x0000000000001000-0x0000000000ffffff]
[    0.000000]   DMA32    [mem 0x00000000010000000x000000003ffeffff]
[    0.000000]   Normal   empty
[    0.000000]   Device   empty
[    0.000000] Movable zone start for each node
[    0.000000] Early memory node ranges
[    0.000000]   noe   0: [mem 0x0000000000001000-0x000000000009efff]
[    0.000000]   node   0: [mem 0x0000000000100000-0x000000003ffeffff]
[    0.000000] Initmem setup node 0 [mem 0x0000000000001000-0x000000003ffeffff]
[    0.000000] ACPI: PM-Timer IO Port: 0x4008
[    0.000000] IOAPIC[0]: apic_id 2, version 32, address 0xfec00000, GSI 0-23
[    0.000000] ACPI: INT_SRC_OVR (bus 0 bus_irq 0 global_irq 2 dfl dfl)
[    0.000000] ACPI: INT_SRC_OVR (bus 0 bus_irq 9 global_irq 9 low level)
[    0.000000] Using ACPI (MADT) for SMP configuration information
[    0.000000] smpboot: Allowing 2 CPUs, 0 hotplug CPUs
[    0.000000] PM: Registered nosave memory: mem 0x00000000-0x00000fff]
[    0.000000] PM: Registered nosave memory: [mem 0x0009f000-0x0009ffff]
[    0.000000] PM: Registered nosave memory: [mem 0x000a0000-0x000effff]
[    0.000000] PM: Registered nosave memory: [mem 0x000f0000-0x000fffff]
[    0.000000] e820: [mem 0x40000000-0xfebfffff] available for PCI devices
[    0.000000] Booting paravirtualized kernel on KVM
[    0.000000] clocksource: refined-jiffies: mask: 0xffffffff max_cycles: 0xffffffff, max_idle_ns: 7645519600211568 ns
[    0.000000] setup_percpu: NR_CPUS:512 nr_cpmask_bits:512 nr_cpu_ids:2 nr_node_ids:1
[    0.000000] PERCPU: Embedded 34 pages/cpu @ffff88003fc00000 s99544 r8192 d31528 u1048576
[    0.000000] Built 1 zonelists in Node order, mobility grouping on.  Total pages: 257912
[    0.000000] Policy zone: DMA32
[    0.000000] Kernel command line: BOOT_IMAGE=/boot/vmlinuz-4.4.0-157-generic root=LABEL=cloudimg-rootfs ro console=tty1 console=ttyS0
[    0.000000] PID hash table entries: 4096 (order: 3, 32768 bytes)
[    0.000000] Memory: 997732K/1048120K available (8618K kernel code, 1335K rwdata, 4032K rodata, 1484K init, 1284K bss, 50388K reserved, 0K cma-reserved)
[    0.000000] SLUB: HWalign=64, Order=0-3, MinObjects=0, CPUs=2, Nodes=1
[    0.000000] Kerel/User age tables isolation: enabled
[    0.000000] Hierarchical RCU implementation.
[    0.000000] 	Build-time adjustment of leaf fanout to 64.
[    0.000000] 	RCU restricting CPUs from NR_CPUS=512 to nr_cpu_ids=2.
[    0.000000] RCU: Adjusting geometry for rcu_fanout_leaf=64, nr_cpu_ids=2
[    0.000000] NR_IRQS:33024 nr_irqs:440 16
[    0.000000] Console: colour VGA+ 80x25
[    0.000000] console [tty1] enabled
[    0.000000] console [ttyS0] enabled
[    0.000000] tsc: Detected 2992.498 MHz processor
[    1.898749] Calibrating delay loop (skipped) preset value.. 5984.99 BogoMIPS (lpj=11969992)
[    1.901640] pid_max: default: 32768 minimum: 301
[    1.903162] ACPI: Core revision 20150930
[    1.905794] ACPI: 2 ACPI AML tables successfully acquired and loaded
[    1.907928] Security Framework initialized
[    1.909341] Yama: becoming mindful.
[    1.910702] AppArmor: AppArmor initialized
[    1.912273] Dentry cache hash table entries: 131072 (order: 8, 1048576 bytes)
[    1.914887] Inode-cache hash table entries: 65536 (order: 7, 524288 bytes)
[    1.917156] Mount-cache hash table entries: 2048 (order: 2, 16384 bytes)
[    1.919113] Mountpoint-cache hash table entries: 2048 (order: 2, 16384 bytes)
[    1.963559] Initializing cgroup subsys io
[    1.965010] Initializing cgroup subsys memory
[    1.966493] Initializing cgroup subsys devices
[    1.967999] Initializing cgroup subsys freezer
[    1.969525] Initializing cgroup subsys net_cls
[    1.971022] Initializing cgroup subsys perf_event
[    2.025083] Initializing cgroup subsys net_prio
[    2.029075] Initializing cgroup subsys hugetlb
[    2.030556] Initializing cgroup subsys pids
[    2.032094] mce: CPU supports 0 MCE banks
[    2.084997] Last level iTLB entries: 4KB 128, 2MB 4, 4MB 4
[    2.146662] Last level dTLB entries: 4KB 256, 2MB 0, 4MB 32, 1GB 0
[    2.246707] Spectre V2 : Mitigation: Full generic retpoline
[    2.248491] Spectre V2 : Spectre v2 / SpectreRSB mitigation: Filling RSB on context switch
[    2.251253] Speculative Store Bypass: Vulnerable
[    2.253584] MDS: Vulnerable: Clear CPU buffers attempted, no microcode
[    2.259198] Freeing SMP alternatives memory: 36K
[    2.345263] ftrace: allocating 32312 entries in 127 pages
[    2.415695] smpboot: APIC(0) Converting physical 0 to logical package 0
[    2.485812] smpboot: Max logical packages: 1
[    2.487872] x2apic enabled
[    2.489536] Switched APIC routing to physical x2apic.
[    2.493544] ..TIMER: vector=0x30 apic1=0 pin1=2 apic2=-1 pin2=-1
[    2.600663] smpboot: CPU0: Intel(R) Core(TM)2 Duo CPU     E8400  @ 3.00GHz (family: 0x6, model: 0x17, stepping: 0xa)
[    2.613312] Performance Events: unsupported p6 CPU model 23 no PMU driver, software events only.
[    2.715181] KVM setup paravirtual spinlock
[    2.726887] x86: Booting SMP configuration:
[    2.801893] .... node  #0, CPUs:      #1
[    2.865476] kvm-clock: cpu 1, msr 0:3ffe3041, secondary cpu clock
[    2.892552] mce: CPU supports 0 MCE banks
[    2.895751] x86: Booted up 1 node, 2 CPUs
[    2.897697] smpboot: Total of 2 processors activated (11969.99 BogoMIPS)
[    2.901066] devtmpfs: initialized
[    2.908876] evm: security.selinux
[    2.910157] evm: security.SMACK64
[    2.915710] evm: security.SMACK64EXEC
[    2.930920] evm: security.SMACK64TRANSMUTE
[    2.932365] evm: security.SMACK64MMAP
[    2.937500] evm: security.ima
[    2.938667] evm: security.capability
[    2.970044] clocksource: jiffies: mask: 0xffffffff max_cycles: 0xffffffff, max_idle_ns: 7645041785100000 ns
[    3.095912] futex hash table entries: 512 (order: 3, 32768 bytes)
[    3.097983] pinctrl core: initialized pinctrl subsystem
[    3.099854] RTC time: 15:59:41, date: 08/22/19
[    3.101768] NET: Registered protocol family 16
[    3.112660] cpuidle: using governor ladder
[    3.128603] cpuidle: using governor menu
[    3.173548] PCCT header not found.
[    3.187084] ACPI: bus type PCI registered
[    3.188486] acpiphp: ACPI Hot Plug PCI Controller Driver version: 0.5
[    3.236851] PCI: Using configuration type 1 for base access
[    3.273340] ACPI: Added _OSI(Module Device)
[    3.274774] ACPI: Added _OSI(Processor Device)
[    3.276266] ACPI: Added _OSI(3.0 _SCP Extensions)
[    3.286803] ACPI: Added _OSI(Processor Aggregator Device)
[    3.289334] ACPI: Executed 1 blocks of module-level executable AML code
[    3.293932] ACPI: Interpreter enabled
[    3.295272] ACPI: (supports S0 S5)
[    3.301342] ACPI: Using IOAPIC for interrupt routing
[    3.303141] PCI: Using host bridge windows from ACPI; if necessary, use "pci=nocrs" and report a bug
[    3.356089] ACPI: PCI Root Bridge [PCI0] (domain 0000 [bus 00-ff])
[    3.371161] acpi PNP0A03:00: _OSC: OS supports [ASPM ClockPM Segments MSI]
[    3.373186] acpi PNP0A03:00: _OSC: not requesting OS control; OS requires [ExtendedConfig ASPM ClockPM MSI]
[    3.497412] acpi PNP0A03:00: fail to add MMCONFIG information, can't access extended PCI configuration space under this bridge.
[    3.501211] PCI host bridge to bus 0000:00
[    3.502633] pci_bus 0000:00: root bus resource [io  0x0000-0x0cf7 window]
[    3.504620] pci_bus 0000:00: root bus resource [io  0x0d00-0xffff window]
[    3.527200] pci_bus 0000:00: root bus resource [mem 0x000a0000-0x000bffff window]
[    3.529788] pci_bus 0000:00: root bus resource [mem 0x40000000-0xfdffffff window]
[    3.532378] pci_bus 0000:00: root bus resource [bus 00-ff]
[    3.575890] pci 0000:00:01.1: legacy IDE quirk: reg 0x10: [io  0x01f0-0x01f7]
[    3.669814] pci 0000:00:01.1: legacy IDE quirk: reg 0x14: [io  0x03f6]
[    3.754826] pci 0000:00:01.1: legacy IDE quirk: reg 0x18: [io  0x0170-0x0177]
[    3.770894] pci 0000:00:01.1: legacy IDE quirk: reg 0x1c: [io  0x0376]
[    3.795716] pci 0000:00:07.0: quirk: [io  0x4000-0x403f] claimed by PIIX4 ACPI
[    3.799545] pci 0000:00:07.0: quirk: [io  0x4100-0x410f] claimed by PIIX4 SMB
[    3.809775] ACPI: PCI Interrupt Link [LNKA] (IRQs 5 9 10 *11)
[    3.815545] ACPI: PCI Interrupt Link [LNKB] (IRQs 5 9 *10 11)
[    3.818003] ACPI: PCI Interrupt Link [LNKC] (IRQs 5 *9 10 11)
[    3.820426] ACPI: PCI Interrupt Link [LNKD] (IRQs 5 9 10 *11)
[    3.822969] ACPI: Enabled 2 GPEs in block 00 to 07
[    3.847756] vgaarb: setting as boot device: PCI:0000:00:02.0
[    3.849520] vgaarb: device added: PCI:0000:00:02.0,decodes=io+mem,owns=io+mem,locks=none
[    3.852280] vgaarb: loaded
[    3.853415] vgaarb: bridge control possible 0000:00:02.0
[    3.855736] SCSI subsystem initialized
[    3.857544] ACPI: bus type USB registered
[    3.859004] usbcore: registered new interface driver usbfs
[    3.860724] usbcore: registered new interface driver hub
[    3.862459] usbcore: registered new device driver usb
[    3.872281] PCI: Using ACPI for IRQ routing
[    3.874415] NetLabel: Initializing
[    3.875693] NetLabel:  domain hash size = 128
[    3.877174] NetLabel:  protocols = UNLABELED CIPSOv4
[    3.878811] NetLabel:  unlabeled traffic allowed by default
[    3.880949] amd_nb: Cannot enumerate AMD northbridges
[    3.882687] clocksource: Switched to clocksource kvm-clock
[    3.976192] ApAor: AppArmor Filesystem Enabled
[    4.120620] pnp: PnP ACPI init
[    4.122872] pnp: PnP ACPI: found 3 devices

[    4.136072] clocksource: acpi_pm: mask: 0xffffff max_cycles: 0xffffff, max_idle_ns: 2085701024 ns
[    4.139067] NET: Registered protocol family 2
[    4.141082] TCP established hash table entries: 8192 (order: 4, 65536 bytes)
[    4.143216] TCP bind hash table entries: 8192 (order: 5, 131072 bytes)
[    4.145201] TCP: Hash tables configured (established 8192 bind 8192)
[    4.232318] UDP hash table entries: 512 (order: 2, 16384 bytes)
[    4.292126] UDP-Lite hash table entries: 512 (order: 2, 16384 bytes)
[    4.294235] NET: Registered protocol family 1
[    4.295821] pci 0000:00:00.0: Limiting direct PCI/PCI transfers
[    4.297726] pci 0000:00:01.0: Activating ISA DMA hang workarounds
[    4.299929] Unpacking initramfs...
[  4.548335] Freeing initrd memory: 14828K
[    4.608610] clocksource: tsc: mask: 0xffffffffffffffff max_cycles: 0x2b2296bc2b9, max_idle_ns: 440795321505 ns
[    4.611806] platform rtc_cmos: registered platform RTC device (no PNP device found)
[    4.614518] Scanning for low memory corruption every 60 seconds

[    4.617279] audit: initializing netlink subsys (disabled)
[    4.619041] audit: type=2000 audit(1566489587.732:1): initialized
[    4.621269] Initialise system trusted keyring
[    4.622964] HugeTLB registered 2 MB page size, pre-allocated 0 pages
[    4.626978] zbud: loaded
[    4.628458] VFS: Disk quotas dquot_6.6.0
[    4.629888] VFS: Dquot-cache hash table entries: 512 (order 0, 4096 bytes)
[    4.707359] squashfs: verson 4.0 (2009/01/31) Phillip Lougher

[    4.847102] fuse init (API version 7.23)
[    4.848722] Key type big_key registered
[    4.850100] Allocating IMA MOK and blacklist keyrings.
[    4.853218] Key type asymmetric registered
[    4.854648] Asymmetric key parser 'x509' registered
[    4.867273] Block layer SCSI generic (bsg) driver version 0.4 loaded (major 249)
[    4.869965] io scheduler noop registered
[    4.871375] io scheduler deadline registered (default)
[    4.873057] io scheduler cfq registered
[    4.874565] pci_hotplug: PCI Hot Plug PCI Core version: 0.5
[    4.966682] pciehp: PCI Express Hot Plug Controller Driver version: 0.4
[    5.069091] ACPI: AC Adapter [AC] (on-line)
[    5.070688] input: Power Button as /devices/LNXSYSTM:00/LNXPWRBN:00/input/input0
[    5.186260] ACPI: Power Button [PWRF]
[    5.259617] input: Sleep Button as /devices/LNXSYSTM:00/LNXSLPBN:00/input/input1
[    5.317456] ACPI: Sleep Button [SLPF]
[    5.319177] GHES: HEST is not enabled!
[    5.366831] Serial: 8250/16550 driver, 32 ports, IRQ sharing enabled
[    5.391732] 00:02: ttyS0 at I/O 0x3f8 (irq = 4, base_baud = 115200) is a 16550A
[    5.398266] Linux agpgart interface v0.103
[    5.403918] loop: module loaded
[    5.407980] scsi host0: ata_piix
[    5.409470] scsi host1: ata_piix
[    5.410815] ata1: PATA max UDMA/33 cmd 0x1f0 ctl 0x3f6 bmdma 0xd000 irq 14
[    5.412868] ata2: PATA max UDMA/33 cmd 0x170 ctl 0x376 bmdma 0xd008 irq 15
[    5.415117] libphy: Fixed MDIO Bus: probed
[    5.417732] tun: Universal TUN/TAP device driver, 1.6
[    5.420530] tun: (C) 1999-2004 Max Krasnyansky <maxk@qualcomm.com>
[    5.423675] PPP generic driver version 2.4.2
[    5.425324] ehci_hcd: USB 2.0 'Enhanced' Host Controller (EHCI) Driver
[    5.453002] ehci-pci: EHCI PCI platform driver
[    5.454574] ehci-platform: EHCI generic platform driver
[    5.465501] ohci_hcd: USB 1.1 'Open' Host Controller (OHCI) Driver
[    5.486811] ohci-pci: OHCI PCI platform driver
[    5.488390] ohci-platform: OHCI generic platform driver
[    5.512969] uhci_hcd: USB Universal Host Controller Interface driver
[    5.515050] i8042: PNP: PS/2 Controller [PNP0303:PS2K,PNP0f03:PS2M] at 0x60,0x64 irq 1,12
[    5.518569] serio: i8042 KBD port at 0x60,0x64 irq 1
[    5.569194] serio: i8042 AUX port at 0x60,0x64 irq 12
[    5.571213] mousedev: PS/2 mouse device common for all mice
[    5.573542] input: AT Translated Set 2 keyboard as /devices/platform/i8042/serio0/input/input2
[    5.579082] rtc_cmos rtc_cmos: rtc core: registered rtc_cmos as rtc0
[    5.579191] rtc_cmos rtc_cmos: alarms up to one day, 114 bytes nvram
[    5.579198] i2c /dev entries driver
[    5.579273] device-mapper: uevent: version 1.0.3
[    5.579361] device-mapper: ioctl: 4.34.0-ioctl (2015-10-28) initialised: dm-devel@redhat.com
[    5.579385] ledtrig-cpu: registered to indicate activity on CPUs
[    5.583107] NET: Registered protocol family 10
[    5.583528] NET: Registered protocol family 17
[    5.583549] Key type dns_resolver registered
[    5.583956] registered taskstats version 1
[    5.583986] Loading compiled-in X.509 certificates
[    5.584985] Loaded X.509 cert 'Build time autogenerated kernel key: 3e01e6df98386236d59670e6b2ed19a044d5324e'
[    5.585013] zswap: loaded using pool lzo/zbud
[    5.599573] Key type trusted registered
[    5.629930] Key type encrypted registered
[    5.631415] AppArmor: AppArmor sha1 policy hashing enabled
[    5.633285] ima: No TPM chip found, activating TPM-bypass!
[    5.635094] ima: Allocated hash algorithm: sha1
[    5.647568] evm: HMAC attrs: 0x1
[    5.649275]   Magic number: 15:698:993
[    5.650897] rtc_cmos rtc_cmos: setting system clock to 2019-08-22 15:59:44 UTC (1566489584)
[    5.654019] BIOS EDD facility v0.16 2004-Jun-25, 0 devices found
[    5.667077] EDD information not available.
[    5.674065] Freeing unused kernel memory: 1484K
[    5.702768] Write protecting the kernel read-only data: 14336k
[    5.718321] Freeing unused kernel memory: 1612K
[    5.720228] Freeing unused kernel memory: 64K
Loading, please wait...
starting version 229
[    5.864843] random: systemd-udevd: uninitialized urandom read (16 bytes read, 2 bits of entropy available)
[    5.873826] random: udevadm: uninitialized urandom read (16 bytes read, 2 bits of entropy available)
[    5.873933] random: udevadm: uninitialized urandom read (16 bytes read, 2 bits of entropy available)
[    5.910910] random: systemd-udevd: uninitialized urandom read (16 bytes read, 2 bits of entropy available)
[    5.916168] random: systemd-udevd: uninitialized urandom read (16 bytes read, 2 bits of entropy available)
[    5.921399] random: systemd-udevd: uninitialized urandom read (16 bytes read, 2 bits of entropy available)
[    5.934318] random: systemd-udevd: uninitialized urandom read (16 bytes read, 2 bits of entropy available)
[    5.940095] random: systemd-udevd: uninitialized urandom read (16 bytes read, 2 bits of entropy available)
[    5.945995] random: systemd-udevd: uninitialized urandom read (16 bytes read, 2 bits of entropy available)
[    5.953967] random: udevadm: uninitialized urandom read (16 bytes read, 2 bits of entropy available)
[    6.292683] Fusion MPT base driver 3.04.20
[    6.294951] Copyright (c) 1999-2008 LSI Corporation
[    6.341824] e1000: Intel(R) PRO/1000 Network Driver - version 7.3.21-k8-NAPI
[    6.348289] e1000: Copyright (c) 1999-2006 Intel Corporation.
[    6.429292] Fusion MPT SPI Host driver 3.04.20
[    6.506284] input: ImExPS/2 Generic Explorer Mouse as /devices/platform/i8042/serio1/input/input4
[    7.222946] e1000 0000:00:03.0 eth0: (PCI:33MHz:32-bit) 02:46:62:72:a1:53
[    7.226026] e1000 0000:00:03.0 eth0: Intel(R) PRO/1000 Network Connection
[    7.232862] mptbase: ioc0: Initiating bringup
[    7.233923] e1000 0000:00:03.0 enp0s3: renamed from eth0
[    7.316156] ioc0: LSI53C1030 A0: Capabilities={Initiator}
[    8.207429] scsi host2: ioc0: LSI53C1030 A0, FwRev=00000000h, Ports=1, MaxQ=256, IRQ=20
[    8.651625] scsi 2:0:0:0: Direct-Access     VBOX     HARDDISK         1.0  PQ: 0 ANSI: 5
[    8.707804] scsi target2:0:0: Beginning Domain Validation
[    8.711279] scsi target2:0:0: Domain Validation skipping write tests
[    8.713270] scsi target2:0:0: Ending Domain Validation
[    8.715077] scsi target2:0:0: asynchronous
[    8.717174] scsi 2:0:1:0: Direct-Access     VBOX     HARDDISK         1.0  PQ: 0 ANSI: 5
[    8.720059] scsi target2:0:1: Beginning Domain Validation
[    8.723623] scsi target2:0:1: Domain Validation skipping write tests
[    8.725610] scsi target2:0:1: Ending Domain Validation
[    8.727411] scsi target2:0:1: asynchronous
[    8.737522] sd 2:0:0:0: [sda] 20971520 512-byte logical blocks: (10.7 GB/10.0 GiB)
[    8.758055] sd 2:0:0:0: Attached scsi generic sg0 type 0
[    8.762089] sd 2:0:1:0: [sdb] 20480 512-byte logical blocks: (10.5 MB/10.0 MiB)
[    8.766057] sd 2:0:1:0: Attached scsi generic sg1 type 0
[    8.766510] sd 2:0:0:0: [sda] Write Protect is off
[    8.766667] sd 2:0:0:0: [sda] Incomplete mode parameter data
[    8.766668] sd 2:0:0:0: [sda] Assuming drive cache: write through
[    8.767353] sd 2:0:1:0: [sdb] Write Protect is off
[    8.767586] sd 2:0:1:0: [sdb] Incomplete mode parameter data
[    8.767613] sd 2:0:1:0: [sdb] Assuming drive cache: write through
[    8.789242]  sda: sda1
[    8.790898] sd 2:0:0:0: [sda] Attached SCSI disk
[    8.824425] sd 2:0:1:0: [sdb] Attached SCSI disk
Begin: Loading essential drivers ... [   11.226011] md: linear personality registered for level -1
[   11.253122] md: multipath personality registered for level -4
[   11.276771] md: raid0 personality registered for level 0
[   11.307286] md: raid1 personality registered for level 1
[   11.415812] raid6: sse2x1   gen()  5505 MB/s
[   11.495949] raid6: sse2x1   xor()  5238 MB/s
[   11.575781] raid6: sse2x2   gen()  7154 MB/s
[   11.655760] raid6: sse2x2   xor()  6520 MB/s
[   11.735757] raid6: sse2x4   gen()  9275 MB/s
[   11.825823] raid6: sse2x4   xor()  6776 MB/s
[   11.837445] raid6: using algorithm sse2x4 gen() 9275 MB/s
[   11.857779] raid6: .... xor() 6776 MB/s, rmw enabled
[   11.937165] raid6: using ssse3x2 recovery algorithm
[   11.989613] xor: measuring software checksum speed
[   12.095823]    prefetch64-sse: 36715.000 MB/sec
[   12.195754]    generic_sse: 26178.000 MB/sec
[   12.197255] xor: using function: prefetch64-sse (36715.000 MB/sec)
[   12.201363] async_tx: api initialized (async)
[   12.248768] md: raid6 personality registered for level 6
[   12.265134] md: raid5 personality registered for level 5
[   12.286828] md: raid4 personality registered for level 4
[   12.339841] md: raid10 personality registered for level 10
done.
Begin: Running /scripts/init-premount ... done.
Begin: Mounting root file system ... Begin: Running /scripts/local-top ... done.
Begin: Running /scripts/local-premount ... [   12.507457] Btrfs loaded
Scanning for Btrfs filesystems
done.
Warning: fsck not present, so skipping root file system
[   12.741648] EXT4-fs (sda1): mounted filesystem with ordered data mode. Opts: (null)
done.
Begin: Running /scripts/local-bottom ... done.
Begin: Running /scripts/init-bottom ... done.
[   13.578829] systemd[1]: systemd 229 running in system mode. (+PAM +AUDIT +SELINUX +IMA +APPARMOR +SMACK +SYSVINIT +UTMP +LIBCRYPTSETUP +GCRYPT +GNUTLS +ACL +XZ -LZ4 +SECCOMP +BLKID +ELFUTILS +KMOD -IDN)
[   13.591406] systemd[1]: Detected virtualization oracle.
[   13.593142] systemd[1]: Detected architecture x86-64.

Welcome to [1mUbuntu 16.04.6 LTS[0m!

[   13.618711] systemd[1]: Set hostname to <ubuntu>.
[   13.637587] systemd[1]: Initializing machine ID from random generator.
[   13.639673] systemd[1]: Installed transient /etc/machine-id file.
[   13.753703] random: nonblocking pool is initialized
[   14.653429] systemd[1]: Listening on udev Control Socket.
[[0;32m  OK  [0m] Listening on udev Control Socket.
[   14.667179] systemd[1]: Listening on Device-mapper event daemon FIFOs.
[[0;32m  OK  [0m] Listening on Device-mapper event daemon FIFOs.
[   14.670759] systemd[1]: Reached target System Time Synchronized.
[[0;32m  OK  [0m] Reached target System Time Synchronized.
[   14.690000] systemd[1]: Reached target Encrypted Volumes.
[[0;32m  OK  [0m] Reached target Encrypted Volumes.
[   14.694598] systemd[1]: Listening on Syslog Socket.
[[0;32m  OK  [0m] Listening on Syslog Socket.
[   14.699022] systemd[1]: Listening on LVM2 poll daemon socket.
[[0;32m  OK  [0m] Listening on LVM2 poll daemon socket.
[   14.703653] systemd[1]: Listening on Journal Audit Socket.
[[0;32m  OK  [0m] Listening on Journal Audit Socket.
[   14.715670] systemd[1]: Listening on Journal Socket.
[[0;32m  OK  [0m] Listening on Journal Socket.
[   14.757124] systemd[1]: Listening on Journal Socket (/dev/log).
[[0;32m  OK  [0m] Listening on Journal Socket (/dev/log).
[   14.799222] systemd[1]: Listening on udev Kernel Socket.
[[0;32m  OK  [0m] Listening on udev Kernel Socket.
[   14.841023] systemd[1]: Listening on /dev/initctl Compatibility Named Pipe.
[[0;32m  OK  [0m] Listening on /dev/initctl Compatibility Named Pipe.
[   14.899151] systemd[1]: Listening on LVM2 metadata daemon socket.
[[0;32m  OK  [0m] Listening on LVM2 metadata daemon socket.
[   14.941449] systemd[1]: Set up automount Arbitrary Executable File Formats File System Automount Point.
[[0;32m  OK  [0m] Set up automount Arbitrary Executab...ats File System Automount Point.
[   15.005292] systemd[1]: Created slice System Slice.
[[0;32m  OK  [0m] Created slice System Slice.
[   15.100251] systemd[1]: Starting Load Kernel Modules...
         Starting Load Kernel Modules...
[   15.153365] systemd[1]: Starting Remount Root and Kernel File Systems...
         Starting Remount Root and Kernel File Systems...
[   15.213705] systemd[1]: Starting Monitoring of LVM2 mirrors, snapshots etc. using dmeventd or progress polling...
         Starting Monitoring of LVM2 mirrors... dmeventd or progress polling...
[   15.232635] systemd[1]: Mounting Debug File System...
         Mounting Debug File System...
[   15.260749] systemd[1]: Starting Uncomplicated firewall...
[   15.267899] Loading iSCSI transport class v2.0-870.
         Starting Uncomplicated firewall...
[   15.295512] EXT4-fs (sda1): re-mounted. Opts: (null)
[   15.345354] systemd[1]: Starting Create list of required static device nodes for the current kernel...
         Starting Create list of required st... nodes for the current kernel...
[   15.356794] iscsi: registered transport (tcp)
[   15.391548] systemd[1]: Mounting Huge Pages File System...
         Mounting Huge Pages File System...
[   15.430457] systemd[1]: Starting Set console keymap...
         Starting Set console keymap...
[   15.448601] systemd[1]: Started Trigger resolvconf update for networkd DNS.
[[0;32m  OK  [0m] Started Trigger resolvconf update for networkd DNS.
[   15.495176] systemd[1]: Mounting POSIX Message Queue File System...
         Mounting POSIX Message Queue File System...
[   15.524339] systemd[1]: Starting Journal Service...
         Starting Journal Service...
[   15.530063] systemd[1]: Started Forward Password Requests to Wall Directory Watch.
[[0;32m  OK  [0m] Started Forward Password Requests to Wall Directory Watch.
[   15.559895] systemd[1]: Reached target Swap.
[[0;32m  OK  [0m] Reached target Swap.
[   15.600014] systemd[1]: Starting Nameserver information manager...
         Starting Nameserver information manager...
[   15.618672] systemd[1]: Created slice User and Session Slice.
[[0;32m  OK  [0m] Created slice User and Session Slice.
[   15.630257] systemd[1]: Reached target Slices.
[[0;32m  OK  [0m] Reached target Slices.
[   15.635125] systemd[1]: Reached target User and Group Name Lookups.
[[0;32m  OK  [0m] Reached target User and Group Name Lookups.
[   15.643081] systemd[1]: Created slice system-serial\x2dgetty.slice.
[[0;32m  OK  [0m] Created slice system-serial\x2dgetty.slice.
[   15.654305] iscsi: registered transport (iser)
[   15.688030] systemd[1]: Mounted Debug File System.
[[0;32m  OK  [0m] Mounted Debug File System.
[   15.693927] systemd[1]: Mounted POSIX Message Queue File System.
[[0;32m  OK  [0m] Mounted POSIX Message Queue File System.
[   15.705855] systemd[1]: Mounted Huge Pages File System.
[[0;32m  OK  [0m] Mounted Huge Pages File System.
[   15.714399] systemd[1]: Started Load Kernel Modules.
[[0;32m  OK  [0m] Started Load Kernel Modules.
[   15.735776] systemd[1]: Started Remount Root and Kernel File Systems.
[[0;32m  OK  [0m] Started Remount Root and Kernel File Systems.
[   15.750162] systemd[1]: Started Uncomplicated firewall.
[[0;32m  OK  [0m] Started Uncomplicated firewall.
[   15.757731] systemd[1]: Started Create list of required static device nodes for the current kernel.
[[0;32m  OK  [0m] Started Create list of required sta...ce nodes for the current kernel.
[   15.821645] systemd[1]: Started Journal Service.
[[0;32m  OK  [0m] Started Journal Service.
[[0;32m  OK  [0m] Started Nameserver information manager.
[[0;32m  OK  [0m] Started Set console keymap.
[[0;32m  OK  [0m] Started LVM2 metadata daemon.
         Starting Create Static Device Nodes in /dev...
         Starting Load/Save Random Seed...
         Starting Flush Journal to Persistent Storage...
         Starting udev Coldplug all Devices...
         Starting Apply Kernel Variables...
         Mounting FUSE Control File System...
[[0;32m  OK  [0m] Started Load/Save Random Seed.
[[0;32m  OK  [0m] Mounted FUSE Control File System.
[[0;32m  OK  [0m] Started Apply Kernel Variables.
[[0;32m  OK  [0m] Started Create Static Device Nodes in /dev.
[[0;32m  OK  [0m] Started Flush Journal to Persistent Storage.
         Starting udev Kernel Device Manager...
[[0;32m  OK  [0m] Started Monitoring of LVM2 mirrors,...ng dmeventd or progress polling.
[[0;32m  OK  [0m] Reached target Local File Systems (Pre).
[[0;32m  OK  [0m] Reached target Local File Systems.
         Starting Commit a transient machine-id on disk...
         Starting Initial cloud-init job (pre-networking)...
         Starting Create Volatile Files and Directories...
         Starting LSB: AppArmor initialization...
         Starting Tell Plymouth To Write Out Runtime Data...
         Starting Set console font and keymap...
[[0;32m  OK  [0m] Started udev Kernel Device Manager.
[[0;32m  OK  [0m] Started Commit a transient machine-id on disk.
[[0;32m  OK  [0m] Started Tell Plymouth To Write Out Runtime Data.
[[0;32m  OK  [0m] Started Create Volatile Files and Directories.
         Starting Update UTMP about System Boot/Shutdown...
[[0;32m  OK  [0m] Started Update UTMP about System Boot/Shutdown.
[[0;32m  OK  [0m] Started udev Coldplug all Devices.
[[0;32m  OK  [0m] Started Dispatch Password Requests to Console Directory Watch.
[[0;32m  OK  [0m] Found device /dev/ttyS0.
[[0;32m  OK  [0m] Listening on Load/Save RF Kill Switch Status /dev/rfkill Watch.
[[0;32m  OK  [0m] Started LSB: AppArmor initialization.
[   20.940698] cloud-init[467]: Cloud-init v. 19.1-1-gbaa47854-0ubuntu1~16.04.1 running 'init-local' at Thu, 22 Aug 2019 16:00:01 +0000. Up 19.42 seconds.
[[0;32m  OK  [0m] Started Initial cloud-init job (pre-networking).
[[0;32m  OK  [0m] Reached target Network (Pre).
         Starting Raise network interfaces...
[[0;32m  OK  [0m] Started Set console font and keymap.
[[0;32m  OK  [0m] Created slice system-getty.slice.
[[0;32m  OK  [0m] Started Raise network interfaces.
         Starting Initial cloud-init job (metadata service crawler)...
[[0;32m  OK  [0m] Reached target Network.
[   26.910363] cloud-init[948]: Cloud-init v. 19.1-1-gbaa47854-0ubuntu1~16.04.1 running 'init' at Thu, 22 Aug 2019 16:00:06 +0000. Up 24.42 seconds.
[   26.921447] cloud-init[948]: ci-info: ++++++++++++++++++++++++++++++++++++++Net device info++++++++++++++++++++++++++++++++++++++
[   26.931981] cloud-init[948]: ci-info: +--------+------+----------------------------+---------------+--------+-------------------+
[   26.941957] cloud-init[948]: ci-info: | Device |  Up  |          Address           |      Mask     | Scope  |     Hw-Address    |
[   26.952048] cloud-init[948]: ci-info: +--------+------+----------------------------+---------------+--------+-------------------+
[   26.964341] cloud-init[948]: ci-info: | enp0s3 | True |         10.0.2.15          | 255.255.255.0 | global | 02:46:62:72:a1:53 |
[   26.972339] cloud-init[948]: ci-info: | enp0s3 | True | fe80::46:62ff:fe72:a153/64 |       .       |  link  | 02:46:62:72:a1:53 |
[   26.980228] cloud-init[948]: ci-info: |   lo   | True |         127.0.0.1          |   255.0.0.0   |  host  |         .         |
[   26.987682] cloud-init[948]: ci-info: |   lo   | True |          ::1/128           |       .       |  host  |         .         |
[   26.997833] cloud-init[948]: ci-info: +--------+------+----------------------------+---------------+--------+-------------------+
[   27.006316] cloud-init[948]: ci-info: +++++++++++++++++++++++++++Route IPv4 info++++++++++++++++++++++++++++
[   27.012500] cloud-init[948]: ci-info: +-------+-------------+----------+---------------+-----------+-------+
[   27.025817] cloud-init[948]: ci-info: | Route | Destination | Gateway  |    Genmask    | Interface | Flags |
[   27.033032] cloud-init[948]: ci-info: +-------+-------------+----------+---------------+-----------+-------+
[   27.041636] cloud-init[948]: ci-info: |   0   |   0.0.0.0   | 10.0.2.2 |    0.0.0.0    |   enp0s3  |   UG  |
[   27.054141] cloud-init[948]: ci-info: |   1   |   10.0.2.0  | 0.0.0.0  | 255.255.255.0 |   enp0s3  |   U   |
[   27.060261] cloud-init[948]: ci-info: +-------+-------------+----------+---------------+-----------+-------+
[   27.064240] cloud-init[948]: ci-info: +++++++++++++++++++Route IPv6 info+++++++++++++++++++
[   27.075379] cloud-init[948]: ci-info: +-------+-------------+---------+-----------+-------+
[   27.091911] cloud-init[948]: ci-info: | Route | Destination | Gateway | Interface | Flags |
[   27.097795] cloud-init[948]: ci-info: +-------+-------------+---------+-----------+-------+
[   27.106134] cloud-init[948]: ci-info: |   0   |  fe80::/64  |    ::   |   enp0s3  |   U   |
[   27.116924] cloud-init[948]: ci-info: |   4   |   ff00::/8  |    ::   |   enp0s3  |   U   |
[   27.126071] cloud-init[948]: ci-info: +-------+-------------+---------+-----------+-------+
[   27.132046] cloud-init[948]: Generating public/private rsa key pair.
[   27.149082] cloud-init[948]: Your identification has been saved in /etc/ssh/ssh_host_rsa_key.
[   27.158194] cloud-init[948]: Your public key has been saved in /etc/ssh/ssh_host_rsa_key.pub.
[   27.167389] cloud-init[948]: The key fingerprint is:
[   27.173765] cloud-init[948]: SHA256:3QqNvrQY5Ng30bCmvQiKQszw6QatcyxEV+pQymarlyQ root@ubuntu-xenial
[   27.189431] cloud-init[948]: The key's randomart image is:
[   27.204915] cloud-init[948]: +---[RSA 2048]----+
[[0;32m  OK  [0m] Started Initial cloud-init job (metadata service crawler).
[   27.219560] cloud-init[948]: |                 |
[   27.232153] cloud-init[948]: |   . .           |
[   27.238186] cloud-init[948]: |. o o   .        |
[   27.243003] cloud-init[948]: |.B o     B .     |
[[0;32m  OK  [0m] Reached target Cloud-config availability.
[[0;32m  OK  [0m] Reached target System Initialization.
[   27.256048] cloud-init[948]: |Bo=.  . S + .    |
[   27.273063] cloud-init[948]: |E*=. = = o .     |
[   27.281381] cloud-init[948]: |+B .o = * .      |
[   27.285088] cloud-init[948]: |*.B. . * =       |
[[0;32m  OK  [0m] Started ACPI Events Check.
[[0;32m  OK  [0m] Reached target Paths.
[[0;32m  OK  [0m] Listening on D-Bus System Message Bus Socket.
[   27.291926] cloud-init[948]: |o*.   o +        |
[   27.318847] cloud-init[948]: +----[SHA256]-----+
[   27.321570] cloud-init[948]: Generating public/private dsa key pair.
[   27.332540] cloud-init[948]: Your identification has been saved in /etc/ssh/ssh_host_dsa_key.
[   27.337862] cloud-init[948]: Your public key has been saved in /etc/ssh/ssh_host_dsa_key.pub.
         Starting Socket activation for snappy daemon.
[[0;32m  OK  [0m] Listening on UUID daemon activation socket.
[   27.349065] cloud-init[948]: The key fingerprint is:
[   27.367922] cloud-init[948]: SHA256:DRKJtaHGtTnrEnKI6Dgwad39xnNFL8qYEQybsV6Udlk root@ubuntu-xenial
[[0;32m  OK  [0m] Started Daily apt download activities.
[[0;32m  OK  [0m] Listening on ACPID Listen Socket.
[[0;32m  OK  [0m] Started Daily apt upgrade and clean activities.
[[0;32m  OK  [0m] Started Daily Cleanup of Temporary Directories.
[[0;32m  OK  [0m] Reached target Timers.
[   27.375753] cloud-init[948]: The key's randomart image is:
[   27.392163] cloud-init[948]: +---[DSA 1024]----+
         Starting LXD - unix socket.
[   27.396195] cloud-init[948]: |     o=+ .. oE   |
[   27.401199] cloud-init[948]: |   ..o.*Oo o     |
[   27.401431] cloud-init[948]: |    + *+o+.  .   |
[   27.401670] cloud-init[948]: |.o.o. o+.o. . .  |
[   27.401953] cloud-init[948]: |*.o.o..oS..  o . |
[   27.402185] cloud-init[948]: |=. o o  o = o .  |
[   27.402413] cloud-init[948]: |o.  . .  B +     |
[   27.402651] cloud-init[948]: | .   .  . o      |
[   27.402883] cloud-init[948]: |                 |
[   27.403112] cloud-init[948]: +----[SHA256]-----+
[   27.403351] cloud-init[948]: Generating public/private ecdsa key pair.
[   27.403619] cloud-init[948]: Your identification has been saved in /etc/ssh/ssh_host_ecdsa_key.
[   27.403852] cloud-init[948]: Your public key has been saved in /etc/ssh/ssh_host_ecdsa_key.pub.
[   27.404090] cloud-init[948]: The key fingerprint is:
[   27.404333] cloud-init[948]: SHA256:ffDPOR2kG2tKgRFmEyM2KDp0knW65vPUQ5uvYGhCDkg root@ubuntu-xenial
[   27.404573] cloud-init[948]: The key's randomart image is:
[   27.404802] cloud-init[948]: +---[ECDSA 256]---+
[   27.405029] cloud-init[948]: |  o. ..+ B.      |
[   27.405267] cloud-init[948]: | + oo.. = +      |
[   27.405499] cloud-init[948]: |.E+..    ..    . |
[   27.405731] cloud-init[948]: |oo  .    .oo  o  |
[   27.405968] cloud-init[948]: |o..o   .S...oo . |
[   27.406234] cloud-init[948]: |+ o . o o  ..o+o.|
[   27.406480] cloud-init[948]: | o = + =   . += .|
[   27.406711] cloud-init[948]: |  o = . o . o  . |
[   27.406941] cloud-init[948]: |     . ... .     |
[   27.407176] cloud-init[948]: +----[SHA256]-----+
[   27.407409] cloud-init[948]: Generating public/private ed25519 key pair.
[   27.407647] cloud-init[948]: Your identification has been saved in /etc/ssh/ssh_host_ed25519_key.
[   27.407877] cloud-init[948]: Your public key has been saved in /etc/ssh/ssh_host_ed25519_key.pub.
[   27.408114] cloud-init[948]: The key fingerprint is:
[   27.408353] cloud-init[948]: SHA256:fzNZnE4w11H+IzQt6ZDTuX7rtJxIOjcB/a7h30hkj1c root@ubuntu-xenial
[   27.408587] cloud-init[948]: The key's randomart image is:
[   27.408814] cloud-init[948]: +--[ED25519 256]--+
[   27.409090] cloud-init[948]: |               .o|
[   27.409321] cloud-init[948]: |            o +o.|
[   27.409556] cloud-init[948]: |           ++B..o|
[   27.409785] cloud-init[948]: |           .=*+..|
[   27.410017] cloud-init[948]: |        S   .+O.E|
[   27.410255] cloud-init[948]: |         .  .O.+o|
[   27.410484] cloud-init[948]: |          . =+*oo|
[   27.410711] cloud-init[948]: |           o+**+=|
[[0;32m  OK  [0m] Reached target Network is Online.
[   27.411200] cloud-init[948]: |           .o+*B.|
[   27.626849] cloud-init[948]: +----[SHA256]-----+
         Starting iSCSI initiator daemon (iscsid)...
[[0;32m  OK  [0m] Listening on Socket activation for snappy daemon.
[[0;32m  OK  [0m] Listening on LXD - unix socket.
[[0;32m  OK  [0m] Reached target Sockets.
[[0;32m  OK  [0m] Reached target Basic System.
         Starting /etc/rc.local Compatibility...
         Starting LSB: Record successful boot for GRUB...
[[0;32m  OK  [0m] Started FUSE filesystem for LXC.
         Starting System Logging Service...
         Starting Pollinate to seed the pseudo random number generator...
         Starting Virtualbox guest utils...
         Starting Login Service...
         Starting Accounts Service...
[[0;32m  OK  [0m] Started Deferred execution scheduler.
         Starting LSB: MD monitoring daemon...
[[0;32m  OK  [0m] Started Regular background program processing daemon.
[[0;32m  OK  [0m] Started D-Bus System Message Bus.
[[0;32m  OK  [0m] Started ACPI event daemon.
         Starting LXD - container startup/shutdown...
         Starting Snappy daemon...
[[0;32m  OK  [0m] Started System Logging Service.
[[0;32m  OK  [0m] Started /etc/rc.local Compatibility.
[[0;32m  OK  [0m] Started iSCSI initiator daemon (iscsid).
[[0;32m  OK  [0m] Started Login Service.
[[0;32m  OK  [0m] Started Unattended Upgrades Shutdown.
         Starting Authenticate and Authorize Users to Run Privileged Tasks...
         Starting Login to default iSCSI targets...
[[0;32m  OK  [0m] Started LSB: Record successful boot for GRUB.
[[0;32m  OK  [0m] Started Login to default iSCSI targets.
[[0;32m  OK  [0m] Started LSB: MD monitoring daemon.
[[0;32m  OK  [0m] Reached target Remote File Systems (Pre).
[[0;32m  OK  [0m] Reached target Remote File Systems.
         Starting LSB: automatic crash report generation...
         Starting LSB: Set the CPU Frequency Scaling governor to "ondemand"...
         Starting Permit User Sessions...
         Starting LSB: daemon to balance interrupts for SMP systems...
[[0;32m  OK  [0m] Started Authenticate and Authorize Users to Run Privileged Tasks.
[[0;32m  OK  [0m] Started Accounts Service.
[[0;32m  OK  [0m] Started Virtualbox guest utils.
[[0;32m  OK  [0m] Started Permit User Sessions.
         Starting Hold until boot process finishes up...
         Starting Terminate Plymouth Boot Screen...
[[0;32m  OK  [0m] Started Hold until boot process finishes up.
[[0;32m  OK  [0m] Started Serial Getty on ttyS0.
         Starting Set console scheme...
[[0;32m  OK  [0m] Started Getty on tty1.
[[0;32m  OK  [0m] Reached target Login Prompts.
[[0;32m  OK  [0m] Started Terminate Plymouth Boot Screen.
[[0;32m  OK  [0m] Started Set console scheme.
[[0;32m  OK  [0m] Started LSB: Set the CPU Frequency Scaling governor to "ondemand".
[[0;32m  OK  [0m] Started LXD - container startup/shutdown.
[[0;32m  OK  [0m] Started LSB: automatic crash report generation.
[[0;32m  OK  [0m] Started LSB: daemon to balance interrupts for SMP systems.
[[0;32m  OK  [0m] Started Pollinate to seed the pseudo random number generator.
         Starting OpenBSD Secure Shell server...
[[0;32m  OK  [0m] Started Snappy daemon.
         Starting Wait until snapd is fully seeded...
[[0;32m  OK  [0m] Started OpenBSD Secure Shell server.
[[0;32m  OK  [0m] Created slice User Slice of vagrant.
         Starting User Manager for UID 1000...
[[0;32m  OK  [0m] Started Session 1 of user vagrant.
[[0;32m  OK  [0m] Started User Manager for UID 1000.

Ubuntu 16.04.6 LTS ubuntu-xenial ttyS0

ubuntu-xenial login: [   38.261200] cloud-init[1405]: Generating locales (this might take a while)...
[   41.526217] cloud-init[1405]:   en_US.UTF-8... done
[   41.531578] cloud-init[1405]: Generation complete.
[   43.282871] cloud-init[1405]: Cloud-init v. 19.1-1-gbaa47854-0ubuntu1~16.04.1 running 'modules:config' at Thu, 22 Aug 2019 16:00:19 +0000. Up 37.52 seconds.
ci-info: no authorized ssh keys fingerprints found for user ubuntu.
<14>Aug 22 16:00:27 ec2: 
<14>Aug 22 16:00:27 ec2: #############################################################
<14>Aug 22 16:00:27 ec2: -----BEGIN SSH HOST KEY FINGERPRINTS-----
<14>Aug 22 16:00:27 ec2: 1024 SHA256:DRKJtaHGtTnrEnKI6Dgwad39xnNFL8qYEQybsV6Udlk root@ubuntu-xenial (DSA)
<14>Aug 22 16:00:27 ec2: 256 SHA256:ffDPOR2kG2tKgRFmEyM2KDp0knW65vPUQ5uvYGhCDkg root@ubuntu-xenial (ECDSA)
<14>Aug 22 16:00:27 ec2: 256 SHA256:fzNZnE4w11H+IzQt6ZDTuX7rtJxIOjcB/a7h30hkj1c root@ubuntu-xenial (ED25519)
<14>Aug 22 16:00:27 ec2: 2048 SHA256:3QqNvrQY5Ng30bCmvQiKQszw6QatcyxEV+pQymarlyQ root@ubuntu-xenial (RSA)
<14>Aug 22 16:00:27 ec2: -----END SSH HOST KEY FINGERPRINTS-----
<14>Aug 22 16:00:27 ec2: #############################################################
-----BEGIN SSH HOST KEY KEYS-----
ecdsa-sha2-nistp256 AAAAE2VjZHNhLXNoYTItbmlzdHAyNTYAAAAIbmlzdHAyNTYAAABBBOIhZziu6/7wtR2UV70zFRJNcFwZdf/pKsYs1LoWUv2fCaz3MYr7PZMFJZe/b5YuZiq0Sl/YfCKC+9b4FYgfvAA= root@ubuntu-xenial
ssh-ed25519 AAAAC3NzaC1lZDI1NTE5AAAAIKFxAORWkRdq+RAf2g1T9qjfZttIvbGsVYzCyYkDzMdp root@ubuntu-xenial
ssh-rsa AAAAB3NzaC1yc2EAAAADAQABAAABAQDZvpekOs3qnfINmRaCZR0f3wFBJHQqQ0DpoIij9GpXkUSsAtM+N4XTEtFj3zYUweGnr5sDh+jwFB0ZTp62L6vc3gHvFlslHIgSjrTCi1t/VyPu5UEkL6PzAmeVLMj4T5HJtFRPOBEdkAO7x9dktDxfM9oXkLkYh2C7n+L5wshbh6VW6zh+n//oCjDMcDurhuCg8RAUsW9ijgg8QVUaZiqQw1uOF28a/ESiKx9McpzoySbLhSWQyC915ulxeBjB4dnL5c5zwGJrLZJfA+5O5b1rZ+LTJN463Wo0b0bUgMos9iyCkv5Oq/4yk0bSLBzykuN4t6sade2kNeMV8Pd2JXJZ root@ubuntu-xenial
-----END SSH HOST KEY KEYS-----
[   45.667631] cloud-init[1581]: Cloud-init v. 19.1-1-gbaa47854-0ubuntu1~16.04.1 running 'modules:final' at Thu, 22 Aug 2019 16:00:27 +0000. Up 44.87 seconds.
[   45.668524] cloud-init[1581]: ci-info: no authorized ssh keys fingerprints found for user ubuntu.
[   45.669947] cloud-init[1581]: Cloud-init v. 19.1-1-gbaa47854-0ubuntu1~16.04.1 finished at Thu, 22 Aug 2019 16:00:27 +0000. Datasource DataSourceNoCloud [seed=/dev/sdb][dsmode=net].  Up 45.63 seconds
