[    0.000000] Initializing cgroup subsys cpuset
[    0.000000] Initializing cgroup subsys cpu
[    0.000000] Initializing cgroup subsys cpuacct
[    0.000000] Linux version 4.4.0-157-generic (buildd@lgw01-amd64-037) (gcc version 5.4.0 20160609 (Ubuntu 5.4.0-6ubuntu1~16.04.10) ) #185-Ubuntu SMP Tue Jul 23 09:17:01 UTC 2019 (Ubuntu 4.4.0-157.185-generic 4.4.181)
[    0.000000] Command line: BOOT_IMAGE=/boot/vmlinuz-4.40-157-generic root=LABEL=cloudimg-rootfs ro console=tty1 console=ttyS0
[    0.000000] KERNEL supported cpus:
[    0.000000]   Intel GenuineIntel
[    0.000000]   AMD AuthenticAMD
[    0.000000]   Centaur CentauHalss
[   0000000] x86/fpu: Legacy x87 FPU detected.
[    0.000000] e820: BIOS-provided physical RAM map:
[    0.000000] BIOS-e820: [mem 0x0000000000000000-0x000000000009fbff] usable
[    0.000000] BIOS-e820: [mem 0x000000000009fc00-0x000000000009ffff] reserved
[    0.000000] BIOS-e820: [mem 0x00000000000f0000-0x00000000000fffff] reserved
[    0.000000] BIOS-e820: [mem 0x0000000000100000-0x000000003ffeffff] usable
[    0.000000] BIOS-e820: [mem 0x000000003fff0000-0x000000003fffffff] ACPI data
[    0.000000] BIOS-e820: [mem 0x00000000fec00000-0x00000000fec00fff] reserved
[    0.000000] BIOS-e820: [mem 0x00000000fee00000-0x00000000fee00fff] reserved
[    0.000000] BIOS-e820: [mem 0x00000000fffc0000-0x00000000ffffffff] reserved
[    0.000000] NX (Execute Disable) protection: active
[    0.000000] SMBIOS 2.5 present.
[    0.000000] Hypervisor detected: KVM
[    0.000000] e820: last_pfn = 0x3fff0 max_arch_pfn = 0x400000000
[    0.000000] MTRR: Disabled
[    0.000000] x86/PAT: MTRRs disabled, skipping PAT initialization too.
[    0.000000] CPU MTRRs all blank - virtualizedsystem.
[    0.000000] x86/PAT: Configuration [0-7]: WB  WT  UC- UC  WB  WT  UC- UC  
[    0.000000] found SMP MP-table at [mem 0x0009fff0-0x0009ffff] mapped at [ffff88000009fff0]
[    0.000000] Scanning 1 areas for low memory corruption
[    0.000000] RAMDISK: [mem 0x362fa000-0x37174fff]
[    0.000000] ACPI: Early table checksum verification disabled
[    0.000000] ACPI: RSDP 0x00000000000E0000 000024 (v02 VBOX  )
[    0.000000] ACPI: XSDT 0x000000003FFF0030 00003C (v01 VBOX   VBOXXSDT 00000001 ASL  00000061)
[    0.000000] ACPI: FACP 0x000000003FFF00F0 0000F4 (v04 VBOX   VBOXFACP 00000001 ASL  00000061)
[    0.000000] ACPI: DSDT 0x00000003FFF0470 0021FF (v02 VBOX   VBOXBIOS 00000002 INTL 20180105)
[    0.000000] ACPI: FACS 0x000000003FFF0200 000040
[    0.000000] ACPI: FACS 0x000000003FFF0200 000040
[    0.000000] ACPI: APIC 0x000000003FFF0240 00005C (v02 VBOX   VBOXAPIC 00000001 ASL  00000061)
[    0.000000] ACPI: SSDT 0x000000003FFF02A0 0001CC (v01 VBOX   VBOXCPUT 00000002 INTL 20180105)
[    0.000000] No NUMA configuration found
[    0.000000] Faking a node at [mem 0x0000000000000000-0x000000003ffeffff]
[    0.000000] NODE_DATA(0) allocated [mem 0x3ffeb000-0x3ffeffff]
[    0.000000] kvm-clock: Using msrs 4b564d01 and 4b564d00
[    0.000000] kvm-clock: cpu 0, msr 0:3ffe3001, primary cpu clock
[    0.000000] kvm-clock: using sched offset of 4975049768 cycles
[    0.000000] clocksource: kvm-clock: mask: 0xffffffffffffffff max_cycles: 0x1cd42e4dffb, max_idle_ns: 881590591483 ns
[    0.000000] Zone ranges:
[    0.000000]   DMA      [mem 0x0000000000001000-0x0000000000ffffff]
[    0.000000]   DMA32    [mem 0x0000000001000000-0x000000003ffeffff]
[    0.000000]   Normal   empty
[    0.000000]   Device   empty
[    0.000000] Movable zone start for each node
[    0.000000] Early memory node ranges
[    0.000000]   node   0: [mem 0x0000000000001000-0x000000000009efff]
[    0.000000]   node   0: [mem 0x0000000000100000-0x000000003ffeffff]
[    0.000000] Initmem setup node 0 [mem 0x0000000000001000-0x000000003ffeffff]
[    0.000000] ACPI: PM-Timer IO Port: 0x4008
[    0.000000] IOAPIC[0]: apic_id 2, version 32, address 0xfec00000, GSI 0-23
[    0.000000] ACPI: INT_SRC_OVR (bus 0 bus_irq 0 global_irq 2 dfl dfl)
[    0.000000] ACPI: INT_SRC_OVR (bus 0 bus_irq 9 global_irq 9 low level)
[    0.000000] Using ACPI (MADT) for SMP configuration information
[    0.000000] smpboot: Allowing 2 CPUs, 0 hotplug CPUs
[    0.000000] PM: Registered nosave memory: [mem 0x00000000-0x00000fff]
[    0.000000] PM: Registered nosave memory: [mem 0x0009f000-0x0009ffff]
[    0.000000] PM: Registered nosave memory: [mem 0x000a0000-0x000effff]
[    0.000000] PM: Registered nosave memory: [mem 0x000f0000-0x000fffff]
[    0.000000] e820: [mem 0x40000000-0xfebfffff] avalabl for PCI devices
[    0.000000] Booting paravirtualized kernel on KVM
[    0.000000] clocksource: refined-jiffies: mask: 0xffffffff max_cycles: 0xffffffff, max_idle_ns: 7645519600211568 ns
[    0.000000] setup_percpu: NR_CPUS:512 nr_cpumask_bits:512 nr_cpu_ids:2 nr_node_ids:1
[    0.000000] PERCPU: Embedded 34 pages/cpu @ffff88003fc0000 s99544 r8192 d31528 u1048576
[    0.000000] Built 1 zonelists in Node order, mobility grouping on.  Total pages: 257912
[    0.000000] Policy zone: DMA32
[    0.000000] Kernel command line: BOOT_IMAGE=/boot/vmlinuz-4.4.0-157-generic root=LABEL=cloudimg-rootfs ro console=tty1 console=ttyS0
[    0.000000] PID hash table entries: 4096 (order: 3, 32768 bytes)
[    0.000000] Memory: 997732K/1048120K available (8618K krnel code, 1335K rwdata, 4032K rodata, 1484K init, 1284K bss, 50388K reserved, 0K cma-reserved)
[    0.000000] SLUB: HWalign=64, Order=0-3, MinObjects=0, CPUs=2, Nodes=1
[    0.000000] Kernel/User page tables isolation: enabled
[    0.000000] Hierarchical RCU implementation.
[    0.000000] 	Build-time adjustment of leaf fanout to 64.
[    0.000000] 	RCU restricting CPUs from NR_CPUS=512 to nr_cpu_ids=2.
[    0.00000] RCU: Adjusting geometry for rcu_fanout_leaf=64, nr_cpu_ids=2
[    0.000000] NR_IRQS:33024 nr_irqs:440 16
[    0.000000] Console: colour VGA+ 80x25
[    0.000000] console [tty1] enabled
[    0.000000] console [ttyS0] enabled
[    0.000000] tsc: Detected 2992.498 MHz processor
[    2.527705] Calibrating delay loop (skipped) preset value.. 5984.99 BogoMIPS (lpj=11969992)
[    2.530594] pid_max: default: 32768 minimum: 301
[    2.532120] ACPI: Core revision 20150930
[    2.534757] ACPI: 2 ACPI AML tables successfully acquired and loaded
[    2.536893] Security Framework initialized
[    2.538300] Yama: becoming mindful.
[    2.539663] AppArmor: AppArmor initialized
[    2.541219] Dentry cache hash table entries: 131072 (order: 8, 1048576 bytes)
[    2.543799] Inode-cache hash table entries: 65536 (order: 7, 524288 bytes)
[    2.546050] Mount-cache hash table entries: 2048 (order: 2, 16384 bytes)
[    2.548008] Mountpoint-cache hash table entries: 2048 (order: 2, 16384 bytes)
[    2.550845] Initializing cgroup subsys io
[    2.552245] Initializing cgroup subsys memory
[    2.553726] Initializing cgroup subsys devices
[    2.555210] Initializing cgroup subsys freezer
[    2.556699] Initializing cgroup ssubsys net_cls
[    2.580439] Initializing cgroup subsys perf_event
[    2.581983] Initializing cgroup subsys net_prio
[    2.583512] Initializing cgroup subsys hugetlb
[    2.585004] Initializing cgroup subsys pids
[    2.586552] mce: CPU supports 0 MCE banks
[    2.588003] Last level iTLB entries: 4KB 128, 2MB 4, 4MB 4
[    2.589728] Last level dTLB entries: 4KB 256, 2MB 0, 4MB 32, 1GB 0
[    2.591596] Spectre V2 : Mitigation: Full generic retpoline
[    2.596533] Spectre V2 : Spectre v2 / SpectreRSB mitigation: Filling RSB on context switch
[    2.739138] Speculative Store Bypass: Vulnerable
[    2.741471] MDS: Vulnerable: Clear CPU buffers attempted, no microcode
[    2.746995] Freeing SMP alternatives memory: 36K
[    2.756081] ftrace: allocating 32312 entries in 127 pages
[    2.826261] smpboot: APIC(0) Converting physical 0 to logical package 0
[    2.861647] smpboot: Max logical packages: 1
[    2.954105] x2apic enabled
[    2.955763] Switched APIC routing to physical x2apic.
[    2.959772] ..TIMER: vector=0x30 apic1=0 pin1=2 apic2=-1 pin2=-1
[    3.068918] smpboot: CPU0: Intel(R) Core(TM)2 Duo CPU     E8400  @ 3.00GHz (family: 0x6, model: 0x17, stepping: 0xa)
[    3.072462] Performance Events: unsupported p6 CPU model 23 no PMU driver, software events only.
[    3.264275] KVM setup paravirtual spinlock
[    3.267309] x86: Booting SMP configuration:
[    3.313507] .... node  #0, CPUs:      #1
[    3.371151] kvm-clock: cpu 1, msr 0:3ffe3041, secondary cpu clock
[    3.381382] mce: CPU supports 0 MCE banks
[    3.384551] x86: Booted up 1 node, 2 CPUs
[    3.386410] smpboot: Total of 2 processors activated (11969.99 BogoMIPS)
[    3.388984] devtmpfs: initialized
[    3.392688] evm: security.selinux
[    3.393926] evm: security.SMACK64
[    3.395170] evm: security.SMACK64EXEC
[    3.396506] evm: security.SMACK64TRANSMUTE
[    3.397905] evm: security.SMACK64MMAP
[    3.399233] evm: security.ima
[    3.400407] evm: security.capability
[    3.401907] clocksource: jiffies: mask: 0xffffffff max_cycles: 0xffffffff, max_idle_ns: 7645041785100000 ns
[    3.405053] futex hash table entries: 512 (order: 3, 32768 bytes)
[    3.407084] pinctrl core: initialized pinctrl subsystem
[    3.410378] RTC time: 17:09:09, date: 08/08/19
[    3.412264] NET: Registered protocol family 16
[    3.425030] cpuidle: using governor ladder
[    3.437102] cpuidle: using governor menu
[    3.438536] PCCT header not found.
[    3.439849] ACPI: bus type PCI registered
[    3.441250] acpiphp: ACPI Hot Plug PCI Controller Driver version: 0.5
[    3.459366] PCI: Using configuration type 1 for base access
[    3.474048] ACPI: Added _OSI(Module Device)
[    3.514884] ACPI: Added _OSI(Processor Device)
[    3.516373] ACPI: Added _OSI(3.0 _SCP Extensions)
[    3.517925] ACPI: Added _OSI(Processor Aggregator Device)
[    3.520446] ACPI: Executed 1 blocks of module-level executable AML code
[    3.525037] ACPI: Interpreter enabled
[    3.526362] ACPI: (supports S0 S5)
[    3.527621] ACPI: Using IOAPIC for interrupt routing
[    3.529443] PCI: Using host bridge windows from ACPI; if necessary, use "pci=nocrs" and report a bug
[    3.635476] ACPI: PCI Root Bridge [PCI0] (domain 0000 [bus 00-ff])
[    3.637346] acpi PNP0A03:00: _OSC: OS supports [ASPM ClockPM Segments MSI]
[    3.709958] acpi PNP0A03:00: _OSC: not requesting OS control; OS requires [ExtendedConfig ASPM ClockPM MSI]
[    3.713059] acpi PNP0A03:00: fail to add MMCONFIG information, can't access extended PCI configuration space under this bridge.
[    3.800415] PCI host bridge to bus 0000:00
[    3.801837] pci_bus 0000:00: root bus resource [io  0x0000-0x0cf7 window]
[    3.886807] pci_bus 0000:00: root bus resource [io  0x0d00-0xffff window]
[    3.888823] pci_bus 0000:00: root bus resource [mem 0x000a0000-0x000bffff window]
[    3.907339] pci_bus 0000:00: root bus resource [mem 0x40000000-0xfdffffff window]
[    3.967000] pci_bus 0000:00: root bus resource [bus 00-ff]
[    4.032491] pci 0000:00:01.1: legacy IDE quirk: reg 0x10: [io  0x01f0-0x01f7]
[    4.094813] pci 0000:00:01.1: legacy IDE quirk: reg 0x14: [io  0x03f6]
[    4.096746] pci 0000:00:01.1: legacy IDE quirk: reg 0x18: [io  0x0170-0x0177]
[    4.104119] pci 0000:00:01.1: legacy IDE quirk: reg 0x1c: [io  0x0376]
[    4.131625] pci 0000:00:07.0: quirk: [io  0x4000-0x403f] claimed by PIIX4 ACPI
[    4.135360] pci 0000:00:07.0: quirk: [io  0x4100-0x410f] claimed by PIIX4 SMB
[    4.146988] ACPI: PCI Interrupt Link [LNKA] (IRQs 5 9 10 *11)
[    4.150782] ACPI: PCI Interrupt Link [LNKB] (IRQs 5 9 *10 11)
[    4.153221] ACPI: PCI Interrupt Link [LNKC] (IRQs 5 *9 10 11)
[    4.155683] ACPI: PCI Interrupt Link [LNKD] (IRQs 5 9 10 *11)
[    4.158206] ACPI: Enabled 2 GPEs in block 00 to 07
[    4.183106] vgaarb: setting as boot device: PCI:0000:00:02.0
[    4.184863] vgaarb: device added: PCI:0000:00:02.0,decodes=io+mem,owns=io+mem,locks=none
[    4.187617] vgaarb: loaded
[    4.188730] vgaarb: bridge control possible 0000:00:02.0
[    4.191075] SCSI subsystem initialized
[    4.192875] ACPI: bus type USB registered
[    4.194383] usbcore: registered new interface driver usbfs
[    4.196110] usbcore: registered new interface driver hub
[    4.197814] usbcore: registered new device driver usb
[    4.205270] PCI: Using ACPI for IRQ routing
[    4.207386] NetLabel: Initializing
[    4.208662] NetLabel:  domain hash size = 128
[    4.210152] NetLabel:  protocols = UNLABELED CIPSOv4
[    4.211790] NetLabel:  unlabeled traffic allowed by default
[    4.213920] amd_nb: Cannot enumerate AMD northbridges
[    4.259351] clocksource: Switched to clocksource kvm-clock
[    4.275399] AppArmor: AppArmor Filesystem Enabled
[    4.46368] pnp: PnP ACPI init
[    4.534106] pnp: PnP ACPI: found 3 devices

[    4.547211] clocksource: acpi_pm: mask: 0xffffff max_cycles: 0xffffff, max_idle_ns: 2085701024 ns
[    4.550290] NET: Registered protocol family 2
[    4.552381] TCP established hash table entries: 8192 (order: 4, 65536 bytes)
[    4.557275] TCP bind hash table entries: 8192 (order: 5, 131072 bytes)
[    4.559308] TCP: Hash tables configured (established 8192 bind 8192)
[    4.561335] UDP hash table entries: 512 (order: 2, 16384 bytes)
[    4.563222] UDP-Lite hash table entries: 512 (order: 2, 16384 bytes)
[    4.565282] NET: Registered protocol family 1
[    4.566832] pci 0000:00:00.0: Limiting direct PCI/PCI transfers
[    4.568712] pci 0000:00:01.0: Activating ISA DMA hang workarounds
[    4.570869] Unpacking initramfs...
[  4.823850] Freeing initr memory: 14828K
[    4.913088] clocksource: tsc: mask: 0xffffffffffffffff max_cycles: 0x2b2296bc2b9, max_idle_ns: 440795321505 ns
[    4.916259] platform rtc_cmos: registered platform RTC device (no PNP device found)
[    4.918959] Scanning for low memory corruption every 60 seconds

[    4.921721] audit: initializing netlink subsys (disabled)
[    4.923469] audit: type=2000 audit(1565284154.087:1): initialized
[    4.925712] Initialise system trusted keyring
[    4.927425] HugeTLB registered 2 MB page size, pre-allocated 0 pages
[    4.931648] zbud: loaded
[    4.933176] VFS: Disk quotas dquot_6.6.0
[    4.934663] VFS: Dquot-cache hash table entries: 512 (order 0, 4096 bytes)
[    5.028681] squashfs: version 4.0 (2009/01/31) Phillip Lougher
[    5.072289] fuse init (API version 7.23)
[    5.133818] Key type big_key registered
[    5.138326] Allocating IMA MOK and blacklist keyrings.
[    5.141516] Key type asymmetric registered
[    5.143011] Asymmetric key parser 'x509' registered
[    5.163682] Block layer SCSI generic (bsg) driver version 0.4 loaded (major 249)
[    5.226742] io scheduler noop registered
[    5.236195] io scheduler deadline registered (default)
[    5.237899] io scheduler cfq registered
[    5.239425] pci_hotplug: PCI Hot Plug PCI Core version: 0.5
[    5.294923] pciehp: PCI Express Hot Plug Controller Driver version: 0.4
[    5.388672] ACPI: AC Adapter [AC] (on-line)
[    5.390192] input: Power Button as /devices/LNXSYSTM:00/LNXPWRBN:00/input/input0
[    5.392838] ACPI: Power Button [PWRF]
[    5.394244] input: Sleep Button as /devices/LNXSYSTM:00/LNXSLPBN:00/input/input1
[    5.421436] ACPI: Sleep Button [SLPF]
[    5.429362] GHES: HEST is not enabled!
[    5.436773] Serial: 8250/16550 driver, 32 ports, IRQ sharing enabled
ÿ[    5.477511] 00:02: ttyS0 at I/O 0x3f8 (irq = 4, base_baud = 115200) is a 16550A
[    5.566399] Linux agpgart interface v0.103
[    5.570905] loop: module loaded
[    5.573174] scsi host0: ata_piix
[    5.574697] scsi host1: ata_piix
[    5.576020] ata1: PATA max UDMA/33 cmd 0x1f0 ctl 0x3f6 bmdma 0xd000 irq 14
[    5.578062] ata2: PATA max UDMA/33 cmd 0x170 ctl 0x376 bmdma 0xd008 irq 15
[    5.584524] libphy: Fixed MDIO Bus: probed
[    5.587443] tun: Universal TUN/TAP device driver, 1.6
[    5.589133] tun: (C) 1999-2004 Max Krasnyansky <maxk@qualcomm.com>
[    5.591181] PPP generic driver version 2.4.2
[    5.592921] ehci_hcd: USB 2.0 'Enhanced' Host Controller (EHCI) Driver
[    5.594944] ehci-pci: EHCI PCI platform driver
[    5.596567] ehci-platform: EHCI generic platform driver
[    5.598295] ohci_hcd: USB 1.1 'Open' Host Controller (OHCI) Driver
[    5.608420] ohci-pci: OHCI PCI platform driver
[    5.609986] ohci-platform: OHCI generic platform driver
[    5.661499] uhci_hcd: USB Universal Host Controller Interface driver
[    5.663601] i8042: PNP: PS/2 Controller [PNP0303:PS2K,PNP0f03:PS2M] at 0x60,0x64 irq 1,12
[    5.667186] serio: i8042 KBD port at 0x60,0x64 irq 1
[    5.668859] serio: i8042 AUX port at 0x60,0x64 irq 12
[    5.670870] mousedev: PS/2 mouse device common for all mice
[    5.716915] input: AT Translated Set 2 keyboard as /devices/platform/i8042/serio0/input/input2
[    5.720495] rtc_cmos rtc_cmos: rtc core: registered rtc_cmos as rtc0
[    5.722579] rtc_cmos rtc_cmos: alarms up to one day, 114 bytes nvram
[    5.784192] i2c /dev entries driver
[    5.785617] device-mapper: uevent: version 1.0.3
[    5.787362] device-mapper: ioctl: 4.34.0-ioctl (2015-10-28) initialised: dm-devel@redhat.com
[    5.790302] ledtrig-cpu: registered to indicate activity on CPUs
[    5.792975] NET: Registered protocol family 10
[    5.794980] NET: Registered protocol family 17
[    5.829259] Key type dns_resolver registered
[    5.831145] registered taskstats version 1
[    5.832753] Loading compiled-in X.509 certificates
[    5.835392] Loaded X.509 cert 'Build time autogenerated kernel key: 3e01e6df98386236d59670e6b2ed19a044d5324e'
[    5.955860] zswap: loaded using pool lzo/zbud
[    5.970562] Key type trusted registered
[    5.998589] Key type encrypted registered
[    6.000069] AppArmor: AppArmor sha1 policy hashing enabled
[    6.004454] ima: No TPM chip found, activating TPM-bypass!
[    6.006239] ima: Allocated hash algorithm: sha1
[    6.007858] evm: HMAC attrs: 0x1
[    6.009515]   Magic number: 15:33:188
[    6.011037] rtc_cmos rtc_cmos: setting system clock to 2019-08-08 17:09:11 UTC (1565284151)
[    6.014460] BIOS EDD facility v0.16 2004-Jun-25, 0 devices found
[    6.016434] EDD information not available.
[    6.023643] Freeing unused kernel memory: 1484K
[    6.035387] Write protecting the kernel read-only data: 14336k
[    6.051562] Freeing unused kernel memory: 1612K
[    6.053537] Freeing unused kernel memory: 64K
Loading, please wait...
starting version 229
[    6.196571] random: systemd-udevd: uninitialized urandom read (16 bytes read, 2 bits of entropy available)
[    6.203304] random: systemd-udevd: uninitialized urandom read (16 bytes read, 2 bits of entropy available)
[    6.206456] random: udevadm: uninitialized urandom read (16 bytes read, 2 bits of entropy available)
[    6.206685] random: udevadm: uninitialized urandom read (16 bytes read, 2 bits of entropy available)
[    6.217924] random: systemd-udevd: uninitialized urandom read (16 bytes read, 2 bits of entropy available)
[    6.223050] random: systemd-udevd: uninitialized urandom read (16 bytes read, 2 bits of entropy available)
[    6.255607] random: systemd-udevd: uninitialized urandom read (16 bytes read, 2 bits of entropy available)
[    6.260479] random: systemd-udevd: uninitialized urandom read (16 bytes read, 2 bits of entropy available)
[    6.265452] random: systemd-udevd: uninitialized urandom read (16 bytes read, 2 bits of entropy available)
[    6.277035] random: systemd-udevd: uninitialized urandom read (16 bytes read, 2 bits of entropy available)
[    6.707248] e1000: Intel(R) PRO/1000 Network Driver - version 7.3.21-k8-NAPI
[    6.711011] e1000: Copyright (c) 1999-2006 Intel Corporation.
[    6.714878] Fusion MPT base driver 3.04.20
[    6.719155] Copyright (c) 1999-2008 LSI Corporation
[    6.730351] Fusion MPT SPI Host driver 3.04.20
[    6.942764] input: ImExPS/2 Generic Explorer Mouse as /devices/platform/i8042/serio1/input/input4
[    7.229203] e1000 0000:00:03.0 eth0: (PCI:33MHz:32-bit) 02:46:62:72:a1:53
[    7.236588] e1000 0000:00:03.0 eth0: Intel(R) PRO/1000 Network Connection
[    7.243509] e1000 0000:00:03.0 enp0s3: renamed from eth0
[    7.245298] mptbase: ioc0: Initiating bringup
[    7.323116] ioc0: LSI53C1030 A0: Capabilities={Initiator}
[    8.754453] scsi host2: ioc0: LSI53C1030 A0, FwRev=00000000h, Ports=1, MaxQ=256, IRQ=20
[    9.147811] scsi 2:0:0:0: Direct-Access     VBOX     HARDDISK         1.0  PQ: 0 ANSI: 5
[    9.165752] scsi target2:0:0: Beginning Domain Validation
[    9.168907] scsi target2:0:0: Domain Validation skipping write tests
[    9.170889] scsi target2:0:0: Ending Domain Validation
[    9.173902] scsi target2:0:0: asynchronous
[    9.175938] scsi 2:0:1:0: Direct-Access     VBOX     HARDDISK         1.0  PQ: 0 ANSI: 5
[    9.178712] scsi target2:0:1: Beginning Domain Validation
[    9.182134] scsi target2:0:1: Domain Validation skipping write tests
[    9.184115] scsi target2:0:1: Ending Domain Validation
[    9.185958] scsi target2:0:1: asynchronous
[    9.195842] sd 2:0:0:0: Attached scsi generic sg0 type 0
[    9.198064] sd 2:0:0:0: [sda] 20971520 512-byte logical blocks: (10.7 GB/10.0 GiB)
[    9.203325] sd 2:0:1:0: [sdb] 20480 512-byte logical blocks: (10.5 MB/10.0 MiB)
[    9.206209] sd 2:0:0:0: [sda] Write Protect is off
[    9.214738] sd 2:0:1:0: [sdb] Write Protect is off
[    9.215862] sd 2:0:1:0: Attached scsi generic sg1 type 0
[    9.218463] sd 2:0:0:0: [sda] Incomplete mode parameter data
[    9.224525] sd 2:0:0:0: [sda] Assuming drive cache: write through
[    9.224675] sd 2:0:1:0: [sdb] Incomplete mode parameter data
[    9.224676] sd 2:0:1:0: [sdb] Assuming drive cache: write through
[    9.285612] sd 2:0:1:0: [sdb] Attached SCSI disk
[    9.293382]  sda: sda1
[    9.295631] sd 2:0:0:0: [sda] Attached SCSI disk
Begin: Loading essential drivers ... [   11.720315] md: linear personality registered for level -1
[   11.755221] md: multipath personality registered for level -4
[   11.781826] md: raid0 personality registered for level 0
[   11.812746] md: raid1 personality registered for level 1
[   11.923374] raid6: sse2x1   gen()  4644 MB/s
[   11.999371] raid6: sse2x1   xor()  4408 MB/s
[   12.067371] raid6: sse2x2   gen()  4913 MB/s
[   12.135368] raid6: sse2x2   xor()  5745 MB/s
[   12.203372] raid6: sse2x4   gen()  8327 MB/s
[   12.303364] raid6: sse2x4   xor()  6858 MB/s
[   12.304816] raid6: using algorithm sse2x4 gen() 8327 MB/s
[   12.306491] raid6: .... xor() 6858 MB/s, rmw enabled
[   12.308093] raid6: using ssse3x2 recovery algorithm
[   12.311758] xor: measuring software checksum speed
[   12.363360]    prefetch64-sse: 12160.000 MB/sec
[   12.403359]    generic_sse: 10580.000 MB/sec
[   12.404816] xor: using function: prefetch64-sse (12160.000 MB/sec)
[   12.408528] async_tx: api initialized (async)
[   12.462013] md: raid6 personality registered for level 6
[   12.481378] md: raid5 personality registered for level 5
[   12.483151] md: raid4 personality registered for level 4
[   12.536689] md: raid10 personality registered for level 10
done.
Begin: Running /scripts/init-premount ... done.
Begin: Mounting root file system ... Begin: Running /scripts/local-top ... done.
Begin: Running /scripts/local-premount ... [   12.729557] Btrfs loaded
Scanning for Btrfs filesystems
done.
Warning: fsck not present, so skipping root file system
[   12.963303] EXT4-fs (sda1): mounted filesystem with ordered data mode. Opts: (null)
done.
Begin: Running /scripts/local-bottom ... done.
Begin: Running /scripts/init-bottom ... done.
[   13.755175] systemd[1]: systemd 229 running in system mode. (+PAM +AUDIT +SELINUX +IMA +APPARMOR +SMACK +SYSVINIT +UTMP +LIBCRYPTSETUP +GCRYPT +GNUTLS +ACL +XZ -LZ4 +SECCOMP +BLKID +ELFUTILS +KMOD -IDN)
[   13.793656] systemd[1]: Detected virtualization oracle.
[   13.795334] systemd[1]: Detected architecture x86-64.

Welcome to [1mUbuntu 16.04.6 LTS[0m!

[   13.916414] systemd[1]: Set hostname to <ubuntu>.
[   13.938611] systemd[1]: Initializing machine ID from random generator.
[   13.940732] systemd[1]: Installed transient /etc/machine-id file.
[   14.074116] random: nonblocking pool is initialized
[  14.967341] systemd[1]: Listening on LVM2 metadata daemon socket.
[[0;32m  OK  [0m] Listening on LVM2 metadata daemon socket.
[   15.019798] systemd[1]: Reached target Swap.
[[0;32m  OK  [0m] Reached target Swap.
[   15.023072] systemd[1]: Listening on Syslog Socket.
[[0;32m  OK  [0m] Listening on Syslog Socket.
[   15.111517] systemd[1]: Listening on udev Kernel Socket.
[[0;32m  OK  [0m] Listening on udev Kernel Socket.
[   15.115037] systemd[1]: Listening on LVM2 poll daemon socket.
[[0;32m  OK  [0m] Listening on LVM2 poll daemon socket.
[   15.118623] systemd[1]: Reached target User and Group Name Lookups.
[[0;32m  OK  [0m] Reached target User and Group Name Lookups.
[   15.122688] systemd[1]: Started Forward Password Requests to Wall Directory Watch.
[[0;32m  OK  [0m] Started Forward Password Requests to Wall Directory Watch.
[   15.558916] systemd[1]: Reached target System Time Synchronized.
[[0;32m  OK  [0m] Reached target System Time Synchronized.
[   15.563098] systemd[1]: Listening on udev Control Socket.
[[0;32m  OK  [0m] Listening on udev Control Socket.
[   15.567068] systemd[1]: Listening on Device-mapper event daemon FIFOs.
[[0;32m  OK  [0m] Listening on Device-mapper event daemon FIFOs.
[   15.571263] systemd[1]: Started Trigger resolvconf update for networkd DNS.
[[0;32m  OK  [0m] Started Trigger resolvconf update for networkd DNS.
[   15.575637] systemd[1]: Listening on /dev/initctl Compatibility Named Pipe.
[[0;32m  OK  [0m] Listening on /dev/initctl Compatibility Named Pipe.
[   15.579810] systemd[1]: Reached target Encrypted Volumes.
[[0;32m  OK  [0m] Reached target Encrypted Volumes.
[   16.013615] systemd[1]: Listening on Journal Audit Socket.
[[0;32m  OK  [0m] Listening on Journal Audit Socket.
[   16.017383] systemd[1]: Listening on Journal Socket.
[[0;32m  OK  [0m] Listening on Journal Socket.
[   17.018685] systemd[1]: Set up automount Arbitrary Executable File Formats File System Automount Point.
[[0;32m  OK  [0m] Set up automount Arbitrary Executab...ats File System Automount Point.
[   17.067566] systemd[1]: Listening on Journal Socket (/dev/log).
[[0;32m  OK  [0m] Listening on Journal Socket (/dev/log).
[   17.072968] systemd[1]: Created slice System Slice.
[[0;32m  OK  [0m] Created slice System Slice.
[   17.099931] systemd[1]: Mounting Huge Pages File System...
         Mounting Huge Pages File System...
[   17.113028] systemd[1]: Starting Journal Service...
         Starting Journal Service...
[   17.167850] systemd[1]: Mounting POSIX Message Queue File System...
         Mounting POSIX Message Queue File System...
[   17.209331] systemd[1]: Starting Create list of required static device nodes for the current kernel...
         Starting Create list of required st... nodes for the current kernel...
[   17.256098] systemd[1]: Created slice system-serial\x2dgetty.slice.
[[0;32m  OK  [0m] Created slice system-serial\x2dgetty.slice.
[   17.324927] systemd[1]: Starting Monitoring of LVM2 mirrors, snapshots etc. using dmeventd or progress polling...
         Starting Monitoring of LVM2 mirrors... dmeventd or progress polling...
[   17.346875] systemd[1]: Starting Uncomplicated firewall...
         Starting Uncomplicated firewall...
[   17.371789] systemd[1]: Starting Nameserver information manager...
         Starting Nameserver information manager...
[   17.418154] systemd[1]: Mounting Debug File System...
         Mounting Debug File System...
[   17.514701] systemd[1]: Starting Load Kernel Modules...
         Starting Load Kernel Modules...
[   17.564877] systemd[1]: Starting Set console keymap...
         Starting Set console keymap...
[   17.596909] systemd[1]: Created slice User and Session Slice.
[[0;32m  OK  [0m] Created slice User and Session Slice.
[   17.608649] systemd[1]: Reached target Slices.
[[0;32m  OK  [0m] Reached target Slices.
[   17.616211] Loading iSCSI transport class v2.0-870.
[   17.648670] systemd[1]: Starting Remount Root and Kernel File Systems...
         Starting Remount Root and Kernel File Systems...
[   17.680521] systemd[1]: Mounted Debug File System.
[   17.686853] iscsi: registered transport (tcp)
[[0;32m  OK  [0m] Mounted Debug File System.
[   17.699835] systemd[1]: Mounted POSIX Message Queue File System.
[[0;32m  OK  [0m] Mounted POSIX Message Queue File System.
[   17.720735] EXT4-fs (sda1): re-mounted. Opts: (null)
[   17.735547] systemd[1]: Mounted Huge Pages File System.
[[0;32m  OK  [0m] Mounted Huge Pages File System.
[   17.761642] systemd[1]: Started Journal Service.
[[0;32m  OK  [0m] Started Journal Service.
[[0;32m  OK  [0m] Started Create list of required sta...ce nodes for the current kernel.
[[0;32m  OK  [0m] Started Uncomplicated firewall.
[[0;32m  OK  [0m] Started Remount Root and Kernel File Systems.
[   17.883615] iscsi: registered transport (iser)
[[0;32m  OK  [0m] Started Nameserver information manager.
[[0;32m  OK  [0m] Started Load Kernel Modules.
[[0;32m  OK  [0m] Started Set console keymap.
[[0;32m  OK  [0m] Started LVM2 metadata daemon.
         Mounting FUSE Control File System...
         Starting Apply Kernel Variables...
         Starting Load/Save Random Seed...
         Starting udev Coldplug all Devices...
         Starting Create Static Device Nodes in /dev...
         Starting Flush Journal to Persistent Storage...
[[0;32m  OK  [0m] Mounted FUSE Control File System.
[[0;32m  OK  [0m] Started Load/Save Random Seed.
[[0;32m  OK  [0m] Started Apply Kernel Variables.
[[0;32m  OK  [0m] Started Monitoring of LVM2 mirrors,...ng dmeventd or progress polling.
[[0;32m  OK  [0m] Started Create Static Device Nodes in /dev.
[[0;32m  OK  [0m] Reached target Local File Systems (Pre).
[[0;32m  OK  [0m] Reached target Local File Systems.
         Starting Commit a transient machine-id on disk...
         Starting Initial cloud-init job (pre-networking)...
         Starting LSB: AppArmor initialization...
         Starting Tell Plymouth To Write Out Runtime Data...
         Starting Set console font and keymap...
         Starting udev Kernel Device Manager...
[[0;32m  OK  [0m] Started Flush Journal to Persistent Storage.
[[0;32m  OK  [0m] Started udev Coldplug all Devices.
[[0;32m  OK  [0m] Started Commit a transient machine-id on disk.
[[0;32m  OK  [0m] Started Tell Plymouth To Write Out Runtime Data.
         Starting Create Volatile Files and Directories...
[[0;32m  OK  [0m] Started Create Volatile Files and Directories.
         Starting Update UTMP about System Boot/Shutdown...
[[0;32m  OK  [0m] Started Update UTMP about System Boot/Shutdown.
[[0;32m  OK  [0m] Started udev Kernel Device Manager.
[[0;32m  OK  [0m] Started Dispatch Password Requests to Console Directory Watch.
[[0;32m  OK  [0m] Found device /dev/ttyS0.
[[0;32m  OK  [0m] Listening on Load/Save RF Kill Switch Status /dev/rfkill Watch.
[[0;32m  OK  [0m] Started LSB: AppArmor initialization.
[[0;32m  OK  [0m] Started Set console font and keymap.
[[0;32m  OK  [0m] Created slice system-getty.slice.
[   22.612049] cloud-init[465]: Cloud-init v. 19.1-1-gbaa47854-0ubuntu1~16.04.1 running 'init-local' at Thu, 08 Aug 2019 17:09:30 +0000. Up 20.87 seconds.
[[0;32m  OK  [0m] Started Initial cloud-init job (pre-networking).
[[0;32m  OK  [0m] Reached target Network (Pre).
         Starting Raise network interfaces...
[[0;32m  OK  [0m] Started Raise network interfaces.
         Starting Initial cloud-init job (metadata service crawler)...
[[0;32m  OK  [0m] Reached target Network.
[   28.194117] cloud-init[952]: Cloud-init v. 19.1-1-gbaa47854-0ubuntu1~16.04.1 running 'init' at Thu, 08 Aug 2019 17:09:34 +0000. Up 25.42 seconds.
[   28.321949] cloud-init[952]: ci-info: ++++++++++++++++++++++++++++++++++++++Net device info++++++++++++++++++++++++++++++++++++++
[   28.327435] cloud-init[952]: ci-info: +--------+------+----------------------------+---------------+--------+-------------------+
[   28.332806] cloud-init[952]: ci-info: | Device |  Up  |          Address           |      Mask     | Scope  |     Hw-Address    |
[   28.338232] cloud-init[952]: ci-info: +--------+------+----------------------------+---------------+--------+-------------------+
[   28.343603] cloud-init[952]: ci-info: | enp0s3 | True |         10.0.2.15          | 255.255.255.0 | global | 02:46:62:72:a1:53 |
[   28.349109] cloud-init[952]: ci-info: | enp0s3 | True | fe80::46:62ff:fe72:a153/64 |       .       |  link  | 02:46:62:72:a1:53 |
[   28.354419] cloud-init[952]: ci-info: |   lo   | True |         127.0.0.1          |   255.0.0.0   |  host  |         .         |
[   28.360065] cloud-init[952]: ci-info: |   lo   | True |          ::1/128           |       .       |  host  |         .         |
[   28.365360] cloud-init[952]: [[0;32m  OK  [0m] Started Initial cloud-init job (metadata service crawler).
[[0;32m  OK  [0m] Reached target Cloud-config availability.
ci-info: +--------+------+----------------------------+---------------+--------+-------------------+
[[0;32m  OK  [0m] Reached target Network is Online.
[   28.383556] cloud-init[952]: ci-info: +++++++++++++++++++++++++++Route IPv4 info++++++++++++++++++++++++++++
[   28.404069] cloud-init[952]: ci-info: +-------+-------------+----------+---------------+-----------+-------+
         Starting iSCSI initiator daemon (iscsid)...
[[0;32m  OK  [0m] Reached target System Initialization.
[[0;32m  OK  [0m] Listening on ACPID Listen Socket.
[[0;32m  OK  [0m] Started Daily apt download activities.
[   28.436530] cloud-init[952]: ci-info: | Route | Destination | Gateway  |    Genmask    | Interface | Flags |
[   28.532578] cloud-init[952]: ci-info: +-------+-------------+----------+---------------+-----------+-------+
[   28.536158] cloud-init[952]: ci-info: |   0   |   0.0.0.0   | 10.0.2.2 |    0.0.0.0    |   enp0s3  |   UG  |
[   28.536432] cloud-init[952]: ci-info: |   1   |   10.0.2.0  | 0.0.0.0  | 255.255.255.0 |   enp0s3  |   U   |
         Starting LXD - unix socket.
[   28.536883] cloud-init[952]: ci-info: +-------+-------------+----------+---------------+-----------+-------+
[   28.764553] cloud-init[952]: ci-info: +++++++++++++++++++Route IPv6 info+++++++++++++++++++
[[0;32m  OK  [0m] Started ACPI Events Check.
[[0;32m  OK  [0m] Reached target Paths.
[   28.839463] cloud-init[952]: ci-info: +-------+-------------+---------+-----------+-------+
[   28.940382] cloud-init[952]: ci-info: | Route | Destination | Gateway | Interface | Flags |
[   28.942661] cloud-init[952]: ci-info: +-------+-------------+---------+-----------+-------+
[   28.945913] cloud-init[952]: ci-info: |   0   |  fe80::/64  |    ::   |   enp0s3  |   U   |
         Starting Socket activation for snappy daemon.
[[0;32m  OK  [0m] Started Daily apt upgrade and clean activities.
[   28.948278] cloud-init[952]: ci-info: |   4   |   ff00::/8  |    ::   |   enp0s3  |   U   |
[   28.957323] cloud-init[952]: ci-info: +-------+-------------+---------+-----------+-------+
[[0;32m  OK  [0m] Listening on UUID daemon activation socket.
[[0;32m  OK  [0m] Listening on D-Bus System Message Bus Socket.
[   28.968112] cloud-init[952]: Generating public/private rsa key pair.
[   29.092610] cloud-init[952]: Your identification has been saved in /etc/ssh/ssh_host_rsa_key.
[[0;32m  OK  [0m] Started Daily Cleanup of Temporary Directories.
[   29.092984] cloud-init[952]: Your public key has been saved in /etc/ssh/ssh_host_rsa_key.pub.
[[0;32m  OK  [0m] Reached target Timers.
[   29.115105] cloud-init[952]: The key fingerprint is:
[   29.214639] cloud-init[952]: SHA256:G2GqG0NU0SYI0nrVcicUURj9JoTXCFyYzKLI1L7ssrg root@ubuntu-xenial
[   29.232864] cloud-init[952]: The key's randomart image is:
[   29.237722] cloud-init[952]: +---[RSA 2048]----+
[   29.243211] cloud-init[952]: |..o. BO/oo       |
[[0;32m  OK  [0m] Listening on LXD - unix socket.
[[0;32m  OK  [0m] [   29.249643] cloud-init[952]: | o..=.& O .      |
[   29.258459] cloud-init[952]: |oo.o.+ Bo.       |
[   29.258710] cloud-init[952]: |o.oo   o..o      |
[   29.258944] cloud-init[952]: | .. o . So       |
[   29.260306] cloud-init[952]: Listening on Socket activation for snappy daemon.
|   + .   o       |
[   29.285973] cloud-init[952]: |  . +   .        |
[   29.292614] cloud-init[952]: |.. . +           |
[[0;32m  OK  [0m] Started iSCSI initiator daemon (iscsid).
[   29.300314] cloud-init[952]: |Eoo .            |
[   29.331686] cloud-init[952]: +----[SHA256]-----+
[   29.336768] cloud-init[952]: Generating public/private dsa key pair.
[   29.341070] cloud-init[952]: Your identification has been saved in /etc/ssh/ssh_host_dsa_key.
[   29.347054] cloud-init[952]: Your public key has been saved in /etc/ssh/ssh_host_dsa_key.pub.
[   29.352911] cloud-init[952]: The key fingerprint is:
[   29.355951] cloud-init[952]: SHA256:eAxOXVBWs0BTNU8eGzGlDA4GvU2SvEavOt2/mzLLdQg root@ubuntu-xenial
[   29.361610] cloud-init[952]: The key's randomart image is:
[   29.365491] cloud-init[952]: +---[DSA 1024]----+
[   29.368922] cloud-init[952]: |        oBX+=.o==|
[   29.371946] cloud-init[952]: |       . +*=.= *=|
[   29.375302] cloud-init[952]: |      o .. Bo o.o|
[   29.386139] cloud-init[952]: |     o +  + o    |
[   29.411548] cloud-init[952]: |      o S. .E    |
[   29.437047] cloud-init[952]: |       .  .  . . |
         Starting Login to default iSCSI targets...
[[0;32m  OK  [0m] Reached target Sockets.
[[0;32m  OK  [0m] Reached target Basic System.
[   29.441553] cloud-init[952]: |         o .  o .|
[   29.473225] cloud-init[952]: |        o ..+. o |
[   29.478180] cloud-init[952]: |         .  o==o |
[   29.483806] cloud-init[952]: +----[SHA256]-----+
[   29.493599] cloud-init[952]: Generating public/private ecdsa key pair.
[   29.507988] cloud-init[952]: [[0;32m  OK  [0m] Your identification has been saved in /etc/ssh/ssh_host_ecdsa_key.Started FUSE filesystem for LXC.
         Starting Login Service...
         Starting Accounts Service...

[   29.574501] cloud-init[952]: Your public key has been saved in /etc/ssh/ssh_host_ecdsa_key.pub.
[   29.634001] cloud-init[952]: The key fingerprint is:
[   29.641648] [[0;32m  OK  [0m] Started D-Bus System Message Bus.
cloud-init[952]: SHA256:aRU1VDdfzyPESZQ9O2XN5uIVLeBaHaHOGUmAQMNmmlo root@ubuntu-xenial
[   29.699096] cloud-init[952]: The key's randomart image is:
[   29.710336] cloud-init[952]: +---[ECDSA 256]---+
[   29.715206] cloud-init[952]: |     o+. .o+X*B+=|
[   29.718342] cloud-init[952]: |      +..  +.O.B%|
[   29.721182] cloud-init[952]: |     =    . *..*O|
[   29.725733] cloud-init[952]: |    E    o = ooo+|
[   29.734016] cloud-init[952]: |   o    S . +. o.|
[   29.749575] cloud-init[952]: |  .    .      .  |
[   29.788473] cloud-init[952]: |                 |
[   29.790458] cloud-init[952]: |                 |
[   29.803799] cloud-init[952]: |                 |
[   29.809057] cloud-init[952]: +----[SHA256]-----+
[   29.814860] cloud-init[952]: Generating public/private ed25519 key pair.
[   29.820883] cloud-init[952]: Your identification has been saved in /etc/ssh/ssh_host_ed25519_key.
[   29.829483] cloud-init[952]: Your public key has been saved in /etc/ssh/ssh_host_ed25519_key.pub.
[   29.900569] cloud-init[952]: The key fingerprint is:
[   29.905038] cloud-init[952]: SHA256:j2QpIW1SUzsv4I3CuG4iPtathjrTj4BVnh/5oAQJBCs root@ubuntu-xenial
[   29.907602] cloud-init[952]: The key's randomart image is:
[   29.909692] cloud-init[952]: +--[ED25519 256]--+
[   29.914974] cloud-init[952]: |=.    o..        |
[   29.922758] cloud-init[952]: | o . o . .       |
[   29.934418] cloud-init[952]: |E o + = o        |
[   29.941213] cloud-init[952]: |.  * * * +       |
[   29.952045] cloud-init[952]: |  o * B S .      |
[   29.954548] cloud-init[952]: |.. o + B +       |
[   29.956783] cloud-init[952]: |o.+ o . o .      |
[   29.961564] cloud-init[952]: |=*o+ .           |
[   29.989882] cloud-init[952]: |**=oo            |
[   30.000874] cloud-init[952]: +----[SHA256]-----+
         Starting System Logging Service...
         Starting LSB: MD monitoring daemon...
[[0;32m  OK  [0m] Started Deferred execution scheduler.
[[0;32m  OK  [0m] Started Regular background program processing daemon.
         Starting LSB: Record successful boot for GRUB...
         Starting /etc/rc.local Compatibility...
         Starting Snappy daemon...
[[0;32m  OK  [0m] Started ACPI event daemon.
         Starting Pollinate to seed the pseudo random number generator...
         Starting Virtualbox guest utils...
         Starting LXD - container startup/shutdown...
[[0;32m  OK  [0m] Started /etc/rc.local Compatibility.
[[0;32m  OK  [0m] Started System Logging Service.
[[0;32m  OK  [0m] Started Login to default iSCSI targets.
[[0;32m  OK  [0m] Started Login Service.
[[0;32m  OK  [0m] Started Unattended Upgrades Shutdown.
         Starting Authenticate and Authorize Users to Run Privileged Tasks...
[[0;32m  OK  [0m] Reached target Remote File Systems (Pre).
[[0;32m  OK  [0m] Reached target Remote File Systems.
         Starting LSB: daemon to balance interrupts for SMP systems...
         Starting LSB: automatic crash report generation...
         Starting Permit User Sessions...
         Starting LSB: Set the CPU Frequency Scaling governor to "ondemand"...
[[0;32m  OK  [0m] Started LSB: MD monitoring daemon.
[[0;32m  OK  [0m] Started LSB: Record successful boot for GRUB.
[[0;32m  OK  [0m] Started Permit User Sessions.
         Starting Terminate Plymouth Boot Screen...
         Starting Hold until boot process finishes up...
[[0;32m  OK  [0m] Started Authenticate and Authorize Users to Run Privileged Tasks.
[[0;32m  OK  [0m] Started Accounts Service.
[[0;32m  OK  [0m] Started Terminate Plymouth Boot Screen.
[[0;32m  OK  [0m] Started Hold until boot process finishes up.
[[0;32m  OK  [0m] Started Serial Getty on ttyS0.
[[0;32m  OK  [0m] Started Getty on tty1.
[[0;32m  OK  [0m] Reached target Login Prompts.
         Starting Set console scheme...
[[0;32m  OK  [0m] Started Set console scheme.
[[0;32m  OK  [0m] Started LSB: automatic crash report generation.
[[0;32m  OK  [0m] Started LSB: Set the CPU Frequency Scaling governor to "ondemand".
[[0;32m  OK  [0m] Started LSB: daemon to balance interrupts for SMP systems.
[[0;32m  OK  [0m] Started LXD - container startup/shutdown.
[[0;32m  OK  [0m] Started Virtualbox guest utils.
[[0;32m  OK  [0m] Started Snappy daemon.
         Starting Wait until snapd is fully seeded...
[[0;32m  OK  [0m] Started Pollinate to seed the pseudo random number generator.
         Starting OpenBSD Secure Shell server...
[[0;32m  OK  [0m] Started OpenBSD Secure Shell server.
[[0;32m  OK  [0m] Created slice User Slice of vagrant.
[[0;32m  OK  [0m] Started Session 1 of user vagrant.
         Starting User Manager for UID 1000...
[[0;32m  OK  [0m] Started User Manager for UID 1000.

Ubuntu 16.04.6 LTS ubuntu-xenial ttyS0

ubuntu-xenial login: [   40.361201] cloud-init[1388]: Generating locales (this might take a while)...
[   43.693208] cloud-init[1388]:   en_US.UTF-8... done
[   43.703162] cloud-init[1388]: Generation complete.
[   45.454241] cloud-init[1388]: Cloud-init v. 19.1-1-gbaa47854-0ubuntu1~16.04.1 running 'modules:config' at Thu, 08 Aug 2019 17:09:48 +0000. Up 39.47 seconds.
ci-info: no authorized ssh keys fingerprints found for user ubuntu.
<14>Aug  8 17:09:56 ec2: 
<14>Aug  8 17:09:56 ec2: #############################################################
<14>Aug  8 17:09:56 ec2: -----BEGIN SSH HOST KEY FINGERPRINTS-----
<14>Aug  8 17:09:56 ec2: 1024 SHA256:eAxOXVBWs0BTNU8eGzGlDA4GvU2SvEavOt2/mzLLdQg root@ubuntu-xenial (DSA)
<14>Aug  8 17:09:56 ec2: 256 SHA256:aRU1VDdfzyPESZQ9O2XN5uIVLeBaHaHOGUmAQMNmmlo root@ubuntu-xenial (ECDSA)
<14>Aug  8 17:09:56 ec2: 256 SHA256:j2QpIW1SUzsv4I3CuG4iPtathjrTj4BVnh/5oAQJBCs root@ubuntu-xenial (ED25519)
<14>Aug  8 17:09:56 ec2: 2048 SHA256:G2GqG0NU0SYI0nrVcicUURj9JoTXCFyYzKLI1L7ssrg root@ubuntu-xenial (RSA)
<14>Aug  8 17:09:56 ec2: -----END SSH HOST KEY FINGERPRINTS-----
<14>Aug  8 17:09:56 ec2: #############################################################
-----BEGIN SSH HOST KEY KEYS-----
ecdsa-sha2-nistp256 AAAAE2VjZHNhLXNoYTItbmlzdHAyNTYAAAAIbmlzdHAyNTYAAABBBEd2igzF2NhU8jfmh7yiC6gNnmzS6H6bdqW7QXal13kUywUu5e4EsWhAroamIpeaMBGtKnCWQht13iRcGjeMq2Y= root@ubuntu-xenial
ssh-ed25519 AAAAC3NzaC1lZDI1NTE5AAAAIK+b7D6ZRR1q6M8isqP0QIn53Tlzc/h+RDfGb650WrvO root@ubuntu-xenial
ssh-rsa AAAAB3NzaC1yc2EAAAADAQABAAABAQCbjSwcLaWX78izQtd1+yjioZpMXg7+NTJuu82diXU8J/Pu5VGlciCA44nS7r/TFEH8rCrS+blE0uq/dVBjzq7k1pVynOEydcHBdAMTZvY+4+leznBYcYoq7hJ5K5GjTNRfKJinWDzzAQU1XIFZBotEyVh3MjPtQstXn5b0fTPV0hqNmcKDk5vU1wWPUlvhAcBkHNca8sJBvZrxr2p9pBoYbaF9sdhmYB382QeWfQT9kyzMfrC76s+BAROJaNY0KPZ0OrG/CU0LjZuJUSKObPwpjWqpZLGyai8nWPvZXrbCBpVex2rnih8q8GtJnuzMTkoM9j81MsIrmJ9cUwm2g/H/ root@ubuntu-xenial
-----END SSH HOST KEY KEYS-----
[   47.691954] cloud-init[1549]: Cloud-init v. 19.1-1-gbaa47854-0ubuntu1~16.04.1 running 'modules:final' at Thu, 08 Aug 2019 17:09:55 +0000. Up 46.62 seconds.
[   47.698549] cloud-init[1549]: ci-info: no authorized ssh keys fingerprints found for user ubuntu.
[   47.702659] cloud-init[1549]: Cloud-init v. 19.1-1-gbaa47854-0ubuntu1~16.04.1 finished at Thu, 08 Aug 2019 17:09:56 +0000. Datasource DataSourceNoCloud [seed=/dev/sdb][dsmode=net].  Up 47.55 seconds
         Stopping ACPI event daemon...
         Stopping User Manager for UID 1000...
[[0;32m  OK  [0m] Stopped target Graphical Interface.
         Stopping Accounts Service...
[[0;32m  OK  [0m] Stopped target Timers.
[[0;32m  OK  [0m] Stopped Daily apt upgrade and clean activities.
[[0;32m  OK  [0m] Stopped target Cloud-init target.
[[0;32m  OK  [0m] Closed Load/Save RF Kill Switch Status /dev/rfkill Watch.
[[0;32m  OK  [0m] Stopped Daily Cleanup of Temporary Directories.
         Stopping Authenticate and Autho         Stopping LSB: Set the CPU Frequency Scaling governor to "ondemand"...
         Stopping D-Bus System Message Bus...
         Stopping Unattended Upgrades Shutdown...
         Stopping Deferred execution scheduler...
         Stopping LSB: MD monitoring daemon...
         Stopping LSB: Record successful boot for GRUB...
         Stopping OpenBSD Secure Shell server...
         Stopping LXD - container startup/shutdown...
         Stopping LSB: automatic crash report generation...
[[0;32m  OK  [0m] Stopped Apply the settings specified in cloud-config.
[[0;32m  OK  [0m] Stopped target Cloud-config availability.
[[0;32m  OK  [0m] Stopped Wait until snapd is fully seeded.
         Stopping LSB: daemon to balance interrupts for SMP systems...
[[0;32m  OK  [0m] Unmounted /var/lib/lxcfs.
[[0;32m  OK  [0m] Stopped Accounts Service.
[[0;32m  OK  [0m] Stopped System Logging Service.
[[0;32m  OK  [0m] Stopped Deferred execution scheduler.
[[0;32m  OK  [0m] Stopped Regular background program processing daemon.
[[0;32m  OK  [0m] Stopped ACPI event daemon.
[[0;32m  OK  [0m] Stopped Unattended Upgrades Shutdown.
[[0;32m  OK  [0m] Stopped Authenticate and Authorize Users to Run Privileged Tasks.
[[0;32m  OK  [0m] Stopped Serial Getty on ttyS0.
[[0;32m  OK  [0m] Stopped Getty on tty1.
[[0;32m  OK  [0m] Stopped OpenBSD Secure Shell server.
[[0;32m  OK  [0m] Stopped User Manager for UID 1000.
[[0;32m  OK  [0m] Stopped D-Bus System Message Bus.
[[0;32m  OK  [0m] Stopped Session 3 of user vagrant.
[[0;32m  OK  [0m] Stopped FUSE filesystem for LXC.
[[0;32m  OK  [0m] Stopped LXD - container startup/shutdown.
[[0;32m  OK  [0m] Removed slice User Slice of vagrant.
[[0;32m  OK  [0m] Removed slice system-getty.slice.
         Stopping Permit User Sessions...
[[0;32m  OK  [0m] Stopped /etc/rc.local Compatibility.
[[0;32m  OK  [0m] Removed slice system-serial\x2dgetty.slice.
         Stopping Login Service...
[[0;32m  OK  [0m] Stopped LSB: Set the CPU Frequency Scaling governor to "ondemand".
[[0;32m  OK  [0m] Stopped LSB: MD monitoring daemon.
[[0;32m  OK  [0m] Stopped LSB: Record successful boot for GRUB.
[[0;32m  OK  [0m] Stopped Permit User Sessions.
[[0;32m  OK  [0m] Stopped LSB: automatic crash report generation.
[[0;32m  OK  [0m] Stopped LSB: daemon to balance interrupts for SMP systems.
[[0;32m  OK  [0m] Stopped Login Service.
[[0;32m  OK  [0m] Stopped Virtualbox guest utils.
[[0;32m  OK  [0m] Stopped target User and Group Name Lookups.
[[0;32m  OK  [0m] Stopped target Remote File Systems.
[[0;32m  OK  [0m] Stopped target Remote File Systems (Pre).
         Stopping Login to default iSCSI targets...
[[0;32m  OK  [0m] Stopped target Basic System.
[[0;32m  OK  [0m] Stopped target Slices.
[[0;32m  OK  [0m] Removed slice User and Session Slice.
[[0;32m  OK  [0m] Stopped target Sockets.
[[0;32m  OK  [0m] Closed ACPID Listen Socket.
[[0;32m  OK  [0m] Closed Syslog Socket.
[[0;32m  OK  [0m] Closed Socket activation for snappy daemon.
[[0;32m  OK  [0m] Closed D-Bus System Message Bus Socket.
[[0;32m  OK  [0m] Closed LXD - unix socket.
[[0;32m  OK  [0m] Closed UUID daemon activation socket.
[[0;32m  OK  [0m] Stopped target Paths.
[[0;32m  OK  [0m] Stopped Dispatch Password Requests to Console Directory Watch.
[[0;32m  OK  [0m] Stopped ACPI Events Check.
[[0;32m  OK  [0m] Stopped Forward Password Requests to Wall Directory Watch.
[[0;32m  OK  [0m] Stopped target System Initialization.
[[0;32m  OK  [0m] Stopped Commit a transient machine-id on disk.
[[0;32m  OK  [0m] Stopped target Encrypted Volumes.
[[0;32m  OK  [0m] Stopped Create Volatile Files and Directories.
         Stopping Load/Save Random Seed...
[[0;32m  OK  [0m] Stopped target Swap.
[[0;32m  OK  [0m] Stopped Load/Save Random Seed.
[[0;32m  OK  [0m] Stopped Login to default iSCSI targets.
         Stopping iSCSI initiator daemon (iscsid)...
[[0;32m  OK  [0m] Stopped iSCSI initiator daemon (iscsid).
[[0;32m  OK  [0m] Stopped target Network is Online.
[[0;32m  OK  [0m] Stopped target Network.
[[0;32m  OK  [0m] Stopped Initial cloud-init job (metadata service crawler).
         Stopping Raise network interfaces...
[[0;32m  OK  [0m] Stopped Raise network interfaces.
[[0;32m  OK  [0m] Stopped target Network (Pre).
[[0;32m  OK  [0m] Stopped Initial cloud-init job (pre-networking).
[[0;32m  OK  [0m] Stopped target Local File Systems.
         Unmounting /run/user/1000...
         Unmounting /vagrant...
[[0;32m  OK  [0m] Stopped Apply Kernel Variables.
[[0;32m  OK  [0m] Stopped Load Kernel Modules.
[[0;32m  OK  [0m] Unmounted /run/user/1000.
[[0;32m  OK  [0m] Unmounted /vagrant.
[[0;32m  OK  [0m] Reached target Unmount All Filesystems.
[[0;32m  OK  [0m] Stopped target Local File Systems (Pre).
[[0;32m  OK  [0m] Stopped Create Static Device Nodes in /dev.
[[0;32m  OK  [0m] Stopped Remount Root and Kernel File Systems.
[[0;32m  OK  [0m] Reached target Shutdown.
[   72.111176] reboot: Power down
